[INFO] Scanning for projects...
[INFO] Inspecting build with total of 8 modules...
[INFO] Installing Nexus Staging features:
[INFO]   ... total of 7 executions of maven-deploy-plugin replaced with nexus-staging-maven-plugin
[INFO] ------------------------------------------------------------------------
[INFO] Reactor Build Order:
[INFO] 
[INFO] Debezium Checkstyle Rules
[INFO] Debezium Parent POM
[INFO] Debezium Assembly Descriptors
[INFO] Debezium Core
[INFO] Debezium Embedded
[INFO] Debezium Connector for MySQL
[INFO] Debezium Connector for PostgreSQL
[INFO] Debezium Connector for MongoDB
[INFO]                                                                         
[INFO] ------------------------------------------------------------------------
[INFO] Building Debezium Checkstyle Rules 0.8.0-SNAPSHOT
[INFO] ------------------------------------------------------------------------
[INFO] 
[INFO] --- maven-enforcer-plugin:3.0.0-M1:enforce (enforce-java-version) @ debezium-checkstyle ---
[INFO] Skipping Rule Enforcement.
[INFO] 
[INFO] --- maven-enforcer-plugin:3.0.0-M1:enforce (enforce-maven-version) @ debezium-checkstyle ---
[INFO] Skipping Rule Enforcement.
[INFO] 
[INFO] --- buildnumber-maven-plugin:1.3:create (get-scm-revision) @ debezium-checkstyle ---
[INFO] Executing: /bin/sh -c cd /root/workspace/debezium/debezium/355063779/support/checkstyle && git rev-parse --verify HEAD
[INFO] Working directory: /root/workspace/debezium/debezium/355063779/support/checkstyle
[INFO] Storing buildNumber: 253355f5528252ce7ecf0c4f682805ae4ec91628 at timestamp: 1535641375453
[WARNING] Cannot get the branch information from the git repository: 
Detecting the current branch failed: fatal: ref HEAD is not a symbolic ref

[INFO] Executing: /bin/sh -c cd /root/workspace/debezium/debezium/355063779/support/checkstyle && git rev-parse --verify HEAD
[INFO] Working directory: /root/workspace/debezium/debezium/355063779/support/checkstyle
[INFO] Storing buildScmBranch: UNKNOWN
[INFO] 
[INFO] --- maven-resources-plugin:2.7:resources (default-resources) @ debezium-checkstyle ---
[INFO] Using 'UTF-8' encoding to copy filtered resources.
[INFO] Copying 4 resources
[INFO] 
[INFO] --- maven-compiler-plugin:3.1:compile (default-compile) @ debezium-checkstyle ---
[INFO] Nothing to compile - all classes are up to date
[INFO] 
[INFO] --- maven-resources-plugin:2.7:testResources (default-testResources) @ debezium-checkstyle ---
[INFO] Using 'UTF-8' encoding to copy filtered resources.
[INFO] skip non existing resourceDirectory /root/workspace/debezium/debezium/355063779/support/checkstyle/src/test/resources
[INFO] 
[INFO] --- maven-compiler-plugin:3.1:testCompile (default-testCompile) @ debezium-checkstyle ---
[INFO] No sources to compile
[INFO] 
[INFO] --- maven-surefire-plugin:2.18.1:test (default-test) @ debezium-checkstyle ---
[INFO] No tests to run.
[INFO]                                                                         
[INFO] ------------------------------------------------------------------------
[INFO] Building Debezium Parent POM 0.8.0-SNAPSHOT
[INFO] ------------------------------------------------------------------------
[INFO] 
[INFO] --- maven-enforcer-plugin:3.0.0-M1:enforce (enforce-java-version) @ debezium-parent ---
[INFO] Skipping Rule Enforcement.
[INFO] 
[INFO] --- maven-enforcer-plugin:3.0.0-M1:enforce (enforce-maven-version) @ debezium-parent ---
[INFO] Skipping Rule Enforcement.
[INFO] 
[INFO] --- maven-enforcer-plugin:3.0.0-M1:enforce (enforce-maven) @ debezium-parent ---
[INFO] Skipping Rule Enforcement.
[INFO] 
[INFO] --- buildnumber-maven-plugin:1.3:create (get-scm-revision) @ debezium-parent ---
[INFO]                                                                         
[INFO] ------------------------------------------------------------------------
[INFO] Building Debezium Assembly Descriptors 0.8.0-SNAPSHOT
[INFO] ------------------------------------------------------------------------
[INFO] 
[INFO] --- maven-enforcer-plugin:3.0.0-M1:enforce (enforce-java-version) @ debezium-assembly-descriptors ---
[INFO] Skipping Rule Enforcement.
[INFO] 
[INFO] --- maven-enforcer-plugin:3.0.0-M1:enforce (enforce-maven-version) @ debezium-assembly-descriptors ---
[INFO] Skipping Rule Enforcement.
[INFO] 
[INFO] --- maven-enforcer-plugin:3.0.0-M1:enforce (enforce-maven) @ debezium-assembly-descriptors ---
[INFO] Skipping Rule Enforcement.
[INFO] 
[INFO] --- buildnumber-maven-plugin:1.3:create (get-scm-revision) @ debezium-assembly-descriptors ---
[INFO] 
[INFO] --- maven-resources-plugin:2.7:resources (default-resources) @ debezium-assembly-descriptors ---
[INFO] Using 'UTF-8' encoding to copy filtered resources.
[INFO] Copying 1 resource
[INFO] 
[INFO] --- maven-compiler-plugin:3.1:compile (default-compile) @ debezium-assembly-descriptors ---
[INFO] No sources to compile
[INFO] 
[INFO] --- maven-resources-plugin:2.7:testResources (default-testResources) @ debezium-assembly-descriptors ---
[INFO] Using 'UTF-8' encoding to copy filtered resources.
[INFO] skip non existing resourceDirectory /root/workspace/debezium/debezium/355063779/debezium-assembly-descriptors/src/test/resources
[INFO] 
[INFO] --- maven-compiler-plugin:3.1:testCompile (default-testCompile) @ debezium-assembly-descriptors ---
[INFO] No sources to compile
[INFO] 
[INFO] --- maven-surefire-plugin:2.18.1:test (default-test) @ debezium-assembly-descriptors ---
[INFO] Tests are skipped.
[INFO]                                                                         
[INFO] ------------------------------------------------------------------------
[INFO] Building Debezium Core 0.8.0-SNAPSHOT
[INFO] ------------------------------------------------------------------------
[INFO] 
[INFO] --- maven-enforcer-plugin:3.0.0-M1:enforce (enforce-java-version) @ debezium-core ---
[INFO] Skipping Rule Enforcement.
[INFO] 
[INFO] --- maven-enforcer-plugin:3.0.0-M1:enforce (enforce-maven-version) @ debezium-core ---
[INFO] Skipping Rule Enforcement.
[INFO] 
[INFO] --- maven-enforcer-plugin:3.0.0-M1:enforce (enforce-maven) @ debezium-core ---
[INFO] Skipping Rule Enforcement.
[INFO] 
[INFO] --- buildnumber-maven-plugin:1.3:create (get-scm-revision) @ debezium-core ---
[INFO] 
[INFO] --- maven-resources-plugin:2.7:resources (default-resources) @ debezium-core ---
[INFO] Using 'UTF-8' encoding to copy filtered resources.
[INFO] skip non existing resourceDirectory /root/workspace/debezium/debezium/355063779/debezium-core/src/main/resources
[INFO] 
[INFO] --- maven-compiler-plugin:3.1:compile (default-compile) @ debezium-core ---
[INFO] Nothing to compile - all classes are up to date
[INFO] 
[INFO] --- maven-resources-plugin:2.7:testResources (default-testResources) @ debezium-core ---
[INFO] Using 'UTF-8' encoding to copy filtered resources.
[INFO] Copying 8 resources
[INFO] 
[INFO] --- maven-compiler-plugin:3.1:testCompile (default-testCompile) @ debezium-core ---
[INFO] Nothing to compile - all classes are up to date
[INFO] 
[INFO] --- maven-surefire-plugin:2.18.1:test (default-test) @ debezium-core ---
[INFO] Surefire report directory: /root/workspace/debezium/debezium/355063779/debezium-core/target/surefire-reports
[INFO] Downloading: https://repo.maven.apache.org/maven2/org/apache/maven/surefire/surefire-junit4/2.18.1/surefire-junit4-2.18.1.pom
[INFO] Downloaded: https://repo.maven.apache.org/maven2/org/apache/maven/surefire/surefire-junit4/2.18.1/surefire-junit4-2.18.1.pom (3 KB at 6.5 KB/sec)
[INFO] Downloading: https://repo.maven.apache.org/maven2/org/apache/maven/surefire/surefire-providers/2.18.1/surefire-providers-2.18.1.pom
[INFO] Downloaded: https://repo.maven.apache.org/maven2/org/apache/maven/surefire/surefire-providers/2.18.1/surefire-providers-2.18.1.pom (3 KB at 103.5 KB/sec)
[INFO] Downloading: https://repo.maven.apache.org/maven2/org/apache/maven/surefire/surefire-junit4/2.18.1/surefire-junit4-2.18.1.jar
[INFO] Downloaded: https://repo.maven.apache.org/maven2/org/apache/maven/surefire/surefire-junit4/2.18.1/surefire-junit4-2.18.1.jar (67 KB at 572.4 KB/sec)

-------------------------------------------------------
 T E S T S
-------------------------------------------------------
Running io.debezium.time.ConversionsTest
Tests run: 20, Failures: 0, Errors: 0, Skipped: 0, Time elapsed: 0.159 sec - in io.debezium.time.ConversionsTest
Running io.debezium.time.TemporalsTest
Tests run: 3, Failures: 0, Errors: 0, Skipped: 0, Time elapsed: 0 sec - in io.debezium.time.TemporalsTest
Running io.debezium.function.BufferedBlockingConsumerTest
Tests run: 1, Failures: 0, Errors: 0, Skipped: 0, Time elapsed: 0.001 sec - in io.debezium.function.BufferedBlockingConsumerTest
Running io.debezium.function.PredicatesTest
Tests run: 4, Failures: 0, Errors: 0, Skipped: 0, Time elapsed: 0.06 sec - in io.debezium.function.PredicatesTest
Running io.debezium.transforms.ByLogicalTableRouterTest
2018-08-30 17:02:59,897 ERROR DBZ The 'topic.replacement' value '' is invalid: A value is required (io.debezium.transforms.ByLogicalTableRouter)
2018-08-30 17:02:59,899 ERROR DBZ The 'topic.replacement' value is invalid: A value is required (io.debezium.transforms.ByLogicalTableRouter)
2018-08-30 17:02:59,900 ERROR DBZ The 'key.field.replacement' value is invalid: key.field.replacement must be non-empty if key.field.regex is set. (io.debezium.transforms.ByLogicalTableRouter)
2018-08-30 17:02:59,901 ERROR DBZ The 'key.field.replacement' value is invalid: key.field.replacement must be non-empty if key.field.regex is set. (io.debezium.transforms.ByLogicalTableRouter)
Tests run: 5, Failures: 0, Errors: 0, Skipped: 0, Time elapsed: 0.139 sec - in io.debezium.transforms.ByLogicalTableRouterTest
Running io.debezium.transforms.UnwrapFromEnvelopeTest
2018-08-30 17:02:59,924 WARN  DBZ Expected Envelope for transformation, passing it unchanged (io.debezium.transforms.UnwrapFromEnvelope)
2018-08-30 17:02:59,924 WARN  DBZ Expected Envelope for transformation, passing it unchanged (io.debezium.transforms.UnwrapFromEnvelope)
Tests run: 8, Failures: 0, Errors: 0, Skipped: 0, Time elapsed: 0.022 sec - in io.debezium.transforms.UnwrapFromEnvelopeTest
Running io.debezium.text.PositionTest
Tests run: 5, Failures: 0, Errors: 0, Skipped: 0, Time elapsed: 0.001 sec - in io.debezium.text.PositionTest
Running io.debezium.text.TokenStreamTest
Tests run: 46, Failures: 0, Errors: 0, Skipped: 0, Time elapsed: 0.028 sec - in io.debezium.text.TokenStreamTest
Running io.debezium.text.XmlCharactersTest
Tests run: 4, Failures: 0, Errors: 0, Skipped: 0, Time elapsed: 0.064 sec - in io.debezium.text.XmlCharactersTest
Running io.debezium.data.EnvelopeTest
Tests run: 1, Failures: 0, Errors: 0, Skipped: 0, Time elapsed: 0.001 sec - in io.debezium.data.EnvelopeTest
Running io.debezium.kafka.KafkaClusterTest
Skipped shouldStartClusterWithMultipleBrokerAndLeaveData(io.debezium.kafka.KafkaClusterTest) because: long-running
Skipped shouldStartClusterAndAllowAsynchronousProductionAndAutomaticConsumersToUseIt(io.debezium.kafka.KafkaClusterTest) because: long-running
2018-08-30 17:03:00,635 ERROR ZOO ZKShutdownHandler is not registered, so ZooKeeper server won't take any action on ERROR or SHUTDOWN server state changes
2018-08-30 17:03:02,647 INFO  DBZ Started Kafka server 1 at localhost:37937 with storage in /root/workspace/debezium/debezium/355063779/debezium-core/target/data/cluster/kafka/broker1 (io.debezium.kafka.KafkaServer)
The consumer completed normally in   0.60889s total;   1 samples;  0.60889s avg;  0.60889s min;  0.60889s max
2018-08-30 17:03:04,758 INFO  DBZ Stopped Kafka server 1 at localhost:37937 (io.debezium.kafka.KafkaServer)
2018-08-30 17:03:04,760 ERROR ZOO ZKShutdownHandler is not registered, so ZooKeeper server won't take any action on ERROR or SHUTDOWN server state changes
Skipped shouldStartClusterWithMultipleBrokerAndRemoveData(io.debezium.kafka.KafkaClusterTest) because: long-running
Skipped shouldStartClusterWithOneBrokerAndRemoveData(io.debezium.kafka.KafkaClusterTest) because: long-running
Skipped shouldStartClusterWithOneBrokerAndLeaveData(io.debezium.kafka.KafkaClusterTest) because: long-running
Skipped shouldStartClusterAndAllowProducersAndConsumersToUseIt(io.debezium.kafka.KafkaClusterTest) because: long-running
Tests run: 9, Failures: 0, Errors: 0, Skipped: 0, Time elapsed: 4.723 sec - in io.debezium.kafka.KafkaClusterTest
Running io.debezium.kafka.ZookeeperServerTest
Running 1
2018-08-30 17:03:04,776 ERROR ZOO ZKShutdownHandler is not registered, so ZooKeeper server won't take any action on ERROR or SHUTDOWN server state changes
2018-08-30 17:03:04,794 ERROR ZOO ZKShutdownHandler is not registered, so ZooKeeper server won't take any action on ERROR or SHUTDOWN server state changes
Running 2
2018-08-30 17:03:04,808 ERROR ZOO ZKShutdownHandler is not registered, so ZooKeeper server won't take any action on ERROR or SHUTDOWN server state changes
2018-08-30 17:03:04,812 ERROR ZOO ZKShutdownHandler is not registered, so ZooKeeper server won't take any action on ERROR or SHUTDOWN server state changes
Tests run: 2, Failures: 0, Errors: 0, Skipped: 0, Time elapsed: 0.049 sec - in io.debezium.kafka.ZookeeperServerTest
Running io.debezium.config.ConfigurationTest
Tests run: 6, Failures: 0, Errors: 0, Skipped: 0, Time elapsed: 0.019 sec - in io.debezium.config.ConfigurationTest
Running io.debezium.relational.TableEditorTest
Tests run: 11, Failures: 0, Errors: 0, Skipped: 0, Time elapsed: 0.043 sec - in io.debezium.relational.TableEditorTest
Running io.debezium.relational.TableIdParserTest
Tests run: 5, Failures: 0, Errors: 0, Skipped: 0, Time elapsed: 0.02 sec - in io.debezium.relational.TableIdParserTest
Running io.debezium.relational.ddl.DataTypeParserTest
Tests run: 6, Failures: 0, Errors: 0, Skipped: 0, Time elapsed: 0.038 sec - in io.debezium.relational.ddl.DataTypeParserTest
Running io.debezium.relational.ddl.DdlParserSql2003Test
Tests run: 3, Failures: 0, Errors: 0, Skipped: 0, Time elapsed: 0.049 sec - in io.debezium.relational.ddl.DdlParserSql2003Test
Running io.debezium.relational.ddl.DataTypeGrammarParserTest
Tests run: 14, Failures: 0, Errors: 0, Skipped: 0, Time elapsed: 0.011 sec - in io.debezium.relational.ddl.DataTypeGrammarParserTest
Running io.debezium.relational.ddl.DdlChangesTest
Tests run: 3, Failures: 0, Errors: 0, Skipped: 0, Time elapsed: 0.016 sec - in io.debezium.relational.ddl.DdlChangesTest
Running io.debezium.relational.TableSchemaBuilderTest
Tests run: 4, Failures: 0, Errors: 0, Skipped: 0, Time elapsed: 0.056 sec - in io.debezium.relational.TableSchemaBuilderTest
Running io.debezium.relational.SelectorsTest
Tests run: 12, Failures: 0, Errors: 0, Skipped: 0, Time elapsed: 0.035 sec - in io.debezium.relational.SelectorsTest
Running io.debezium.relational.history.KafkaDatabaseHistoryTest
2018-08-30 17:03:05,143 ERROR ZOO ZKShutdownHandler is not registered, so ZooKeeper server won't take any action on ERROR or SHUTDOWN server state changes
2018-08-30 17:03:05,845 INFO  DBZ Started Kafka server 1 at localhost:40529 with storage in /root/workspace/debezium/debezium/355063779/debezium-core/target/data/history_cluster/kafka/broker1 (io.debezium.kafka.KafkaServer)
2018-08-30 17:03:06,152 INFO  DBZ KafkaDatabaseHistory Consumer config: {enable.auto.commit=false, value.deserializer=org.apache.kafka.common.serialization.StringDeserializer, group.id=my-db-history, auto.offset.reset=earliest, session.timeout.ms=50000, bootstrap.servers=localhost:40529, max.poll.interval.ms=100, client.id=my-db-history, key.deserializer=org.apache.kafka.common.serialization.StringDeserializer, fetch.min.bytes=1} (io.debezium.relational.history.KafkaDatabaseHistory)
2018-08-30 17:03:06,152 INFO  DBZ KafkaDatabaseHistory Producer config: {bootstrap.servers=localhost:40529, value.serializer=org.apache.kafka.common.serialization.StringSerializer, buffer.memory=1048576, retries=1, key.serializer=org.apache.kafka.common.serialization.StringSerializer, client.id=my-db-history, linger.ms=0, batch.size=32768, max.block.ms=10000, acks=1} (io.debezium.relational.history.KafkaDatabaseHistory)
2018-08-30 17:03:06,402 INFO  DBZ Database history topic '(name=schema-changes-topic, numPartitions=1, replicationFactor=1, replicasAssignments=null, configs={cleanup.policy=delete, retention.ms=9223372036854775807, retention.bytes=-1})' created (io.debezium.relational.history.KafkaDatabaseHistory)
2018-08-30 17:03:06,408 WARN  KAF Error registering AppInfo mbean
javax.management.InstanceAlreadyExistsException: kafka.admin.client:type=app-info,id=my-db-history
	at com.sun.jmx.mbeanserver.Repository.addMBean(Repository.java:437)
	at com.sun.jmx.interceptor.DefaultMBeanServerInterceptor.registerWithRepository(DefaultMBeanServerInterceptor.java:1898)
	at com.sun.jmx.interceptor.DefaultMBeanServerInterceptor.registerDynamicMBean(DefaultMBeanServerInterceptor.java:966)
	at com.sun.jmx.interceptor.DefaultMBeanServerInterceptor.registerObject(DefaultMBeanServerInterceptor.java:900)
	at com.sun.jmx.interceptor.DefaultMBeanServerInterceptor.registerMBean(DefaultMBeanServerInterceptor.java:324)
	at com.sun.jmx.mbeanserver.JmxMBeanServer.registerMBean(JmxMBeanServer.java:522)
	at org.apache.kafka.common.utils.AppInfoParser.registerAppInfo(AppInfoParser.java:62)
	at org.apache.kafka.clients.admin.KafkaAdminClient.<init>(KafkaAdminClient.java:378)
	at org.apache.kafka.clients.admin.KafkaAdminClient.createInternal(KafkaAdminClient.java:329)
	at org.apache.kafka.clients.admin.AdminClient.create(AdminClient.java:51)
	at io.debezium.relational.history.KafkaDatabaseHistory.initializeStorage(KafkaDatabaseHistory.java:335)
	at io.debezium.relational.history.KafkaDatabaseHistoryTest.testHistoryTopicContent(KafkaDatabaseHistoryTest.java:114)
	at io.debezium.relational.history.KafkaDatabaseHistoryTest.shouldStopOnUnparseableSQL(KafkaDatabaseHistoryTest.java:254)
	at sun.reflect.NativeMethodAccessorImpl.invoke0(Native Method)
	at sun.reflect.NativeMethodAccessorImpl.invoke(NativeMethodAccessorImpl.java:62)
	at sun.reflect.DelegatingMethodAccessorImpl.invoke(DelegatingMethodAccessorImpl.java:43)
	at java.lang.reflect.Method.invoke(Method.java:498)
	at org.junit.runners.model.FrameworkMethod$1.runReflectiveCall(FrameworkMethod.java:50)
	at org.junit.internal.runners.model.ReflectiveCallable.run(ReflectiveCallable.java:12)
	at org.junit.runners.model.FrameworkMethod.invokeExplosively(FrameworkMethod.java:47)
	at org.junit.internal.runners.statements.InvokeMethod.evaluate(InvokeMethod.java:17)
	at org.junit.internal.runners.statements.ExpectException.evaluate(ExpectException.java:19)
	at org.junit.internal.runners.statements.RunBefores.evaluate(RunBefores.java:26)
	at org.junit.internal.runners.statements.RunAfters.evaluate(RunAfters.java:27)
	at org.junit.runners.ParentRunner.runLeaf(ParentRunner.java:325)
	at org.junit.runners.BlockJUnit4ClassRunner.runChild(BlockJUnit4ClassRunner.java:78)
	at org.junit.runners.BlockJUnit4ClassRunner.runChild(BlockJUnit4ClassRunner.java:57)
	at org.junit.runners.ParentRunner$3.run(ParentRunner.java:290)
	at org.junit.runners.ParentRunner$1.schedule(ParentRunner.java:71)
	at org.junit.runners.ParentRunner.runChildren(ParentRunner.java:288)
	at org.junit.runners.ParentRunner.access$000(ParentRunner.java:58)
	at org.junit.runners.ParentRunner$2.evaluate(ParentRunner.java:268)
	at org.junit.runners.ParentRunner.run(ParentRunner.java:363)
	at org.apache.maven.surefire.junit4.JUnit4Provider.execute(JUnit4Provider.java:283)
	at org.apache.maven.surefire.junit4.JUnit4Provider.executeWithRerun(JUnit4Provider.java:173)
	at org.apache.maven.surefire.junit4.JUnit4Provider.executeTestSet(JUnit4Provider.java:153)
	at org.apache.maven.surefire.junit4.JUnit4Provider.invoke(JUnit4Provider.java:128)
	at org.apache.maven.surefire.booter.ForkedBooter.invokeProviderInSameClassLoader(ForkedBooter.java:203)
	at org.apache.maven.surefire.booter.ForkedBooter.runSuitesInProcess(ForkedBooter.java:155)
	at org.apache.maven.surefire.booter.ForkedBooter.main(ForkedBooter.java:103)
2018-08-30 17:03:06,408 WARN  KAF Error registering AppInfo mbean
javax.management.InstanceAlreadyExistsException: kafka.admin.client:type=app-info,id=my-db-history
	at com.sun.jmx.mbeanserver.Repository.addMBean(Repository.java:437)
	at com.sun.jmx.interceptor.DefaultMBeanServerInterceptor.registerWithRepository(DefaultMBeanServerInterceptor.java:1898)
	at com.sun.jmx.interceptor.DefaultMBeanServerInterceptor.registerDynamicMBean(DefaultMBeanServerInterceptor.java:966)
	at com.sun.jmx.interceptor.DefaultMBeanServerInterceptor.registerObject(DefaultMBeanServerInterceptor.java:900)
	at com.sun.jmx.interceptor.DefaultMBeanServerInterceptor.registerMBean(DefaultMBeanServerInterceptor.java:324)
	at com.sun.jmx.mbeanserver.JmxMBeanServer.registerMBean(JmxMBeanServer.java:522)
	at org.apache.kafka.common.utils.AppInfoParser.registerAppInfo(AppInfoParser.java:62)
	at org.apache.kafka.clients.admin.KafkaAdminClient.<init>(KafkaAdminClient.java:378)
	at org.apache.kafka.clients.admin.KafkaAdminClient.createInternal(KafkaAdminClient.java:329)
	at org.apache.kafka.clients.admin.AdminClient.create(AdminClient.java:51)
	at io.debezium.relational.history.KafkaDatabaseHistory.initializeStorage(KafkaDatabaseHistory.java:335)
	at io.debezium.relational.history.KafkaDatabaseHistoryTest.testHistoryTopicContent(KafkaDatabaseHistoryTest.java:114)
	at io.debezium.relational.history.KafkaDatabaseHistoryTest.shouldStopOnUnparseableSQL(KafkaDatabaseHistoryTest.java:254)
	at sun.reflect.NativeMethodAccessorImpl.invoke0(Native Method)
	at sun.reflect.NativeMethodAccessorImpl.invoke(NativeMethodAccessorImpl.java:62)
	at sun.reflect.DelegatingMethodAccessorImpl.invoke(DelegatingMethodAccessorImpl.java:43)
	at java.lang.reflect.Method.invoke(Method.java:498)
	at org.junit.runners.model.FrameworkMethod$1.runReflectiveCall(FrameworkMethod.java:50)
	at org.junit.internal.runners.model.ReflectiveCallable.run(ReflectiveCallable.java:12)
	at org.junit.runners.model.FrameworkMethod.invokeExplosively(FrameworkMethod.java:47)
	at org.junit.internal.runners.statements.InvokeMethod.evaluate(InvokeMethod.java:17)
	at org.junit.internal.runners.statements.ExpectException.evaluate(ExpectException.java:19)
	at org.junit.internal.runners.statements.RunBefores.evaluate(RunBefores.java:26)
	at org.junit.internal.runners.statements.RunAfters.evaluate(RunAfters.java:27)
	at org.junit.runners.ParentRunner.runLeaf(ParentRunner.java:325)
	at org.junit.runners.BlockJUnit4ClassRunner.runChild(BlockJUnit4ClassRunner.java:78)
	at org.junit.runners.BlockJUnit4ClassRunner.runChild(BlockJUnit4ClassRunner.java:57)
	at org.junit.runners.ParentRunner$3.run(ParentRunner.java:290)
	at org.junit.runners.ParentRunner$1.schedule(ParentRunner.java:71)
	at org.junit.runners.ParentRunner.runChildren(ParentRunner.java:288)
	at org.junit.runners.ParentRunner.access$000(ParentRunner.java:58)
	at org.junit.runners.ParentRunner$2.evaluate(ParentRunner.java:268)
	at org.junit.runners.ParentRunner.run(ParentRunner.java:363)
	at org.apache.maven.surefire.junit4.JUnit4Provider.execute(JUnit4Provider.java:283)
	at org.apache.maven.surefire.junit4.JUnit4Provider.executeWithRerun(JUnit4Provider.java:173)
	at org.apache.maven.surefire.junit4.JUnit4Provider.executeTestSet(JUnit4Provider.java:153)
	at org.apache.maven.surefire.junit4.JUnit4Provider.invoke(JUnit4Provider.java:128)
	at org.apache.maven.surefire.booter.ForkedBooter.invokeProviderInSameClassLoader(ForkedBooter.java:203)
	at org.apache.maven.surefire.booter.ForkedBooter.runSuitesInProcess(ForkedBooter.java:155)
	at org.apache.maven.surefire.booter.ForkedBooter.main(ForkedBooter.java:103)
2018-08-30 17:03:06,560 INFO  DBZ Database history topic '(name=schema-changes-topic, numPartitions=1, replicationFactor=1, replicasAssignments=null, configs={cleanup.policy=delete, retention.ms=9223372036854775807, retention.bytes=-1})' created (io.debezium.relational.history.KafkaDatabaseHistory)
2018-08-30 17:03:07,181 INFO  DBZ KafkaDatabaseHistory Consumer config: {enable.auto.commit=false, value.deserializer=org.apache.kafka.common.serialization.StringDeserializer, group.id=my-db-history, auto.offset.reset=earliest, session.timeout.ms=50000, bootstrap.servers=localhost:40529, max.poll.interval.ms=100, client.id=my-db-history, key.deserializer=org.apache.kafka.common.serialization.StringDeserializer, fetch.min.bytes=1} (io.debezium.relational.history.KafkaDatabaseHistory)
2018-08-30 17:03:07,181 INFO  DBZ KafkaDatabaseHistory Producer config: {bootstrap.servers=localhost:40529, value.serializer=org.apache.kafka.common.serialization.StringSerializer, buffer.memory=1048576, retries=1, key.serializer=org.apache.kafka.common.serialization.StringSerializer, client.id=my-db-history, linger.ms=0, batch.size=32768, max.block.ms=10000, acks=1} (io.debezium.relational.history.KafkaDatabaseHistory)
2018-08-30 17:03:07,360 ERROR DBZ Unexpected exception while processing record 'ConsumerRecord(topic = schema-changes-topic, partition = 0, offset = 0, CreateTime = 1535641386077, serialized key size = -1, serialized value size = 137, headers = RecordHeaders(headers = [], isReadOnly = false), key = null, value = {"source":{"server":"my-server"},"position":{"filename":"my-txn-file.log","position":39},"databaseName":"db1","ddl":"xxxDROP TABLE foo;"})' (io.debezium.relational.history.KafkaDatabaseHistory)
io.debezium.text.ParsingException: Failed to parse statement 'xxxDROP TABLE foo;'
	at io.debezium.relational.ddl.DdlParser.parse(DdlParser.java:292)
	at io.debezium.relational.ddl.DdlParser.parse(DdlParser.java:267)
	at io.debezium.relational.history.AbstractDatabaseHistory.lambda$recover$1(AbstractDatabaseHistory.java:75)
	at io.debezium.relational.history.KafkaDatabaseHistory.recoverRecords(KafkaDatabaseHistory.java:238)
	at io.debezium.relational.history.AbstractDatabaseHistory.recover(AbstractDatabaseHistory.java:63)
	at io.debezium.relational.history.KafkaDatabaseHistoryTest.testHistoryTopicContent(KafkaDatabaseHistoryTest.java:176)
	at io.debezium.relational.history.KafkaDatabaseHistoryTest.shouldStopOnUnparseableSQL(KafkaDatabaseHistoryTest.java:254)
	at sun.reflect.NativeMethodAccessorImpl.invoke0(Native Method)
	at sun.reflect.NativeMethodAccessorImpl.invoke(NativeMethodAccessorImpl.java:62)
	at sun.reflect.DelegatingMethodAccessorImpl.invoke(DelegatingMethodAccessorImpl.java:43)
	at java.lang.reflect.Method.invoke(Method.java:498)
	at org.junit.runners.model.FrameworkMethod$1.runReflectiveCall(FrameworkMethod.java:50)
	at org.junit.internal.runners.model.ReflectiveCallable.run(ReflectiveCallable.java:12)
	at org.junit.runners.model.FrameworkMethod.invokeExplosively(FrameworkMethod.java:47)
	at org.junit.internal.runners.statements.InvokeMethod.evaluate(InvokeMethod.java:17)
	at org.junit.internal.runners.statements.ExpectException.evaluate(ExpectException.java:19)
	at org.junit.internal.runners.statements.RunBefores.evaluate(RunBefores.java:26)
	at org.junit.internal.runners.statements.RunAfters.evaluate(RunAfters.java:27)
	at org.junit.runners.ParentRunner.runLeaf(ParentRunner.java:325)
	at org.junit.runners.BlockJUnit4ClassRunner.runChild(BlockJUnit4ClassRunner.java:78)
	at org.junit.runners.BlockJUnit4ClassRunner.runChild(BlockJUnit4ClassRunner.java:57)
	at org.junit.runners.ParentRunner$3.run(ParentRunner.java:290)
	at org.junit.runners.ParentRunner$1.schedule(ParentRunner.java:71)
	at org.junit.runners.ParentRunner.runChildren(ParentRunner.java:288)
	at org.junit.runners.ParentRunner.access$000(ParentRunner.java:58)
	at org.junit.runners.ParentRunner$2.evaluate(ParentRunner.java:268)
	at org.junit.runners.ParentRunner.run(ParentRunner.java:363)
	at org.apache.maven.surefire.junit4.JUnit4Provider.execute(JUnit4Provider.java:283)
	at org.apache.maven.surefire.junit4.JUnit4Provider.executeWithRerun(JUnit4Provider.java:173)
	at org.apache.maven.surefire.junit4.JUnit4Provider.executeTestSet(JUnit4Provider.java:153)
	at org.apache.maven.surefire.junit4.JUnit4Provider.invoke(JUnit4Provider.java:128)
	at org.apache.maven.surefire.booter.ForkedBooter.invokeProviderInSameClassLoader(ForkedBooter.java:203)
	at org.apache.maven.surefire.booter.ForkedBooter.runSuitesInProcess(ForkedBooter.java:155)
	at org.apache.maven.surefire.booter.ForkedBooter.main(ForkedBooter.java:103)
Caused by: io.debezium.text.ParsingException: Expecting token type 128 at line 1, column 1 but found 'xxxDROP':  ===>> xxxDROP TABLE foo;
	at io.debezium.text.TokenStream.consume(TokenStream.java:737)
	at io.debezium.relational.ddl.DdlParser.consumeStatement(DdlParser.java:568)
	at io.debezium.relational.ddl.DdlParser.parseUnknownStatement(DdlParser.java:376)
	at io.debezium.relational.ddl.DdlParserSql2003.parseNextStatement(DdlParserSql2003.java:120)
	at io.debezium.relational.ddl.DdlParser.parse(DdlParser.java:286)
	... 33 more
2018-08-30 17:03:09,491 INFO  DBZ Stopped Kafka server 1 at localhost:40529 (io.debezium.kafka.KafkaServer)
2018-08-30 17:03:09,492 ERROR ZOO ZKShutdownHandler is not registered, so ZooKeeper server won't take any action on ERROR or SHUTDOWN server state changes
2018-08-30 17:03:09,501 ERROR ZOO ZKShutdownHandler is not registered, so ZooKeeper server won't take any action on ERROR or SHUTDOWN server state changes
2018-08-30 17:03:10,005 INFO  DBZ Started Kafka server 1 at localhost:33477 with storage in /root/workspace/debezium/debezium/355063779/debezium-core/target/data/history_cluster/kafka/broker1 (io.debezium.kafka.KafkaServer)
2018-08-30 17:03:10,057 INFO  DBZ KafkaDatabaseHistory Consumer config: {enable.auto.commit=false, value.deserializer=org.apache.kafka.common.serialization.StringDeserializer, group.id=my-db-history, auto.offset.reset=earliest, session.timeout.ms=50000, bootstrap.servers=localhost:33477, max.poll.interval.ms=100, client.id=my-db-history, key.deserializer=org.apache.kafka.common.serialization.StringDeserializer, fetch.min.bytes=1} (io.debezium.relational.history.KafkaDatabaseHistory)
2018-08-30 17:03:10,057 INFO  DBZ KafkaDatabaseHistory Producer config: {bootstrap.servers=localhost:33477, value.serializer=org.apache.kafka.common.serialization.StringSerializer, buffer.memory=1048576, retries=1, key.serializer=org.apache.kafka.common.serialization.StringSerializer, client.id=my-db-history, linger.ms=0, batch.size=32768, max.block.ms=10000, acks=1} (io.debezium.relational.history.KafkaDatabaseHistory)
2018-08-30 17:03:10,067 WARN  KAF Error registering AppInfo mbean
javax.management.InstanceAlreadyExistsException: kafka.admin.client:type=app-info,id=my-db-history
	at com.sun.jmx.mbeanserver.Repository.addMBean(Repository.java:437)
	at com.sun.jmx.interceptor.DefaultMBeanServerInterceptor.registerWithRepository(DefaultMBeanServerInterceptor.java:1898)
	at com.sun.jmx.interceptor.DefaultMBeanServerInterceptor.registerDynamicMBean(DefaultMBeanServerInterceptor.java:966)
	at com.sun.jmx.interceptor.DefaultMBeanServerInterceptor.registerObject(DefaultMBeanServerInterceptor.java:900)
	at com.sun.jmx.interceptor.DefaultMBeanServerInterceptor.registerMBean(DefaultMBeanServerInterceptor.java:324)
	at com.sun.jmx.mbeanserver.JmxMBeanServer.registerMBean(JmxMBeanServer.java:522)
	at org.apache.kafka.common.utils.AppInfoParser.registerAppInfo(AppInfoParser.java:62)
	at org.apache.kafka.clients.admin.KafkaAdminClient.<init>(KafkaAdminClient.java:378)
	at org.apache.kafka.clients.admin.KafkaAdminClient.createInternal(KafkaAdminClient.java:329)
	at org.apache.kafka.clients.admin.AdminClient.create(AdminClient.java:51)
	at io.debezium.relational.history.KafkaDatabaseHistory.initializeStorage(KafkaDatabaseHistory.java:335)
	at io.debezium.relational.history.KafkaDatabaseHistoryTest.testHistoryTopicContent(KafkaDatabaseHistoryTest.java:111)
	at io.debezium.relational.history.KafkaDatabaseHistoryTest.shouldStartWithEmptyTopicAndStoreDataAndRecoverAllState(KafkaDatabaseHistoryTest.java:84)
	at sun.reflect.NativeMethodAccessorImpl.invoke0(Native Method)
	at sun.reflect.NativeMethodAccessorImpl.invoke(NativeMethodAccessorImpl.java:62)
	at sun.reflect.DelegatingMethodAccessorImpl.invoke(DelegatingMethodAccessorImpl.java:43)
	at java.lang.reflect.Method.invoke(Method.java:498)
	at org.junit.runners.model.FrameworkMethod$1.runReflectiveCall(FrameworkMethod.java:50)
	at org.junit.internal.runners.model.ReflectiveCallable.run(ReflectiveCallable.java:12)
	at org.junit.runners.model.FrameworkMethod.invokeExplosively(FrameworkMethod.java:47)
	at org.junit.internal.runners.statements.InvokeMethod.evaluate(InvokeMethod.java:17)
	at org.junit.internal.runners.statements.RunBefores.evaluate(RunBefores.java:26)
	at org.junit.internal.runners.statements.RunAfters.evaluate(RunAfters.java:27)
	at org.junit.runners.ParentRunner.runLeaf(ParentRunner.java:325)
	at org.junit.runners.BlockJUnit4ClassRunner.runChild(BlockJUnit4ClassRunner.java:78)
	at org.junit.runners.BlockJUnit4ClassRunner.runChild(BlockJUnit4ClassRunner.java:57)
	at org.junit.runners.ParentRunner$3.run(ParentRunner.java:290)
	at org.junit.runners.ParentRunner$1.schedule(ParentRunner.java:71)
	at org.junit.runners.ParentRunner.runChildren(ParentRunner.java:288)
	at org.junit.runners.ParentRunner.access$000(ParentRunner.java:58)
	at org.junit.runners.ParentRunner$2.evaluate(ParentRunner.java:268)
	at org.junit.runners.ParentRunner.run(ParentRunner.java:363)
	at org.apache.maven.surefire.junit4.JUnit4Provider.execute(JUnit4Provider.java:283)
	at org.apache.maven.surefire.junit4.JUnit4Provider.executeWithRerun(JUnit4Provider.java:173)
	at org.apache.maven.surefire.junit4.JUnit4Provider.executeTestSet(JUnit4Provider.java:153)
	at org.apache.maven.surefire.junit4.JUnit4Provider.invoke(JUnit4Provider.java:128)
	at org.apache.maven.surefire.booter.ForkedBooter.invokeProviderInSameClassLoader(ForkedBooter.java:203)
	at org.apache.maven.surefire.booter.ForkedBooter.runSuitesInProcess(ForkedBooter.java:155)
	at org.apache.maven.surefire.booter.ForkedBooter.main(ForkedBooter.java:103)
2018-08-30 17:03:10,067 WARN  KAF Error registering AppInfo mbean
javax.management.InstanceAlreadyExistsException: kafka.admin.client:type=app-info,id=my-db-history
	at com.sun.jmx.mbeanserver.Repository.addMBean(Repository.java:437)
	at com.sun.jmx.interceptor.DefaultMBeanServerInterceptor.registerWithRepository(DefaultMBeanServerInterceptor.java:1898)
	at com.sun.jmx.interceptor.DefaultMBeanServerInterceptor.registerDynamicMBean(DefaultMBeanServerInterceptor.java:966)
	at com.sun.jmx.interceptor.DefaultMBeanServerInterceptor.registerObject(DefaultMBeanServerInterceptor.java:900)
	at com.sun.jmx.interceptor.DefaultMBeanServerInterceptor.registerMBean(DefaultMBeanServerInterceptor.java:324)
	at com.sun.jmx.mbeanserver.JmxMBeanServer.registerMBean(JmxMBeanServer.java:522)
	at org.apache.kafka.common.utils.AppInfoParser.registerAppInfo(AppInfoParser.java:62)
	at org.apache.kafka.clients.admin.KafkaAdminClient.<init>(KafkaAdminClient.java:378)
	at org.apache.kafka.clients.admin.KafkaAdminClient.createInternal(KafkaAdminClient.java:329)
	at org.apache.kafka.clients.admin.AdminClient.create(AdminClient.java:51)
	at io.debezium.relational.history.KafkaDatabaseHistory.initializeStorage(KafkaDatabaseHistory.java:335)
	at io.debezium.relational.history.KafkaDatabaseHistoryTest.testHistoryTopicContent(KafkaDatabaseHistoryTest.java:111)
	at io.debezium.relational.history.KafkaDatabaseHistoryTest.shouldStartWithEmptyTopicAndStoreDataAndRecoverAllState(KafkaDatabaseHistoryTest.java:84)
	at sun.reflect.NativeMethodAccessorImpl.invoke0(Native Method)
	at sun.reflect.NativeMethodAccessorImpl.invoke(NativeMethodAccessorImpl.java:62)
	at sun.reflect.DelegatingMethodAccessorImpl.invoke(DelegatingMethodAccessorImpl.java:43)
	at java.lang.reflect.Method.invoke(Method.java:498)
	at org.junit.runners.model.FrameworkMethod$1.runReflectiveCall(FrameworkMethod.java:50)
	at org.junit.internal.runners.model.ReflectiveCallable.run(ReflectiveCallable.java:12)
	at org.junit.runners.model.FrameworkMethod.invokeExplosively(FrameworkMethod.java:47)
	at org.junit.internal.runners.statements.InvokeMethod.evaluate(InvokeMethod.java:17)
	at org.junit.internal.runners.statements.RunBefores.evaluate(RunBefores.java:26)
	at org.junit.internal.runners.statements.RunAfters.evaluate(RunAfters.java:27)
	at org.junit.runners.ParentRunner.runLeaf(ParentRunner.java:325)
	at org.junit.runners.BlockJUnit4ClassRunner.runChild(BlockJUnit4ClassRunner.java:78)
	at org.junit.runners.BlockJUnit4ClassRunner.runChild(BlockJUnit4ClassRunner.java:57)
	at org.junit.runners.ParentRunner$3.run(ParentRunner.java:290)
	at org.junit.runners.ParentRunner$1.schedule(ParentRunner.java:71)
	at org.junit.runners.ParentRunner.runChildren(ParentRunner.java:288)
	at org.junit.runners.ParentRunner.access$000(ParentRunner.java:58)
	at org.junit.runners.ParentRunner$2.evaluate(ParentRunner.java:268)
	at org.junit.runners.ParentRunner.run(ParentRunner.java:363)
	at org.apache.maven.surefire.junit4.JUnit4Provider.execute(JUnit4Provider.java:283)
	at org.apache.maven.surefire.junit4.JUnit4Provider.executeWithRerun(JUnit4Provider.java:173)
	at org.apache.maven.surefire.junit4.JUnit4Provider.executeTestSet(JUnit4Provider.java:153)
	at org.apache.maven.surefire.junit4.JUnit4Provider.invoke(JUnit4Provider.java:128)
	at org.apache.maven.surefire.booter.ForkedBooter.invokeProviderInSameClassLoader(ForkedBooter.java:203)
	at org.apache.maven.surefire.booter.ForkedBooter.runSuitesInProcess(ForkedBooter.java:155)
	at org.apache.maven.surefire.booter.ForkedBooter.main(ForkedBooter.java:103)
2018-08-30 17:03:10,213 INFO  DBZ Database history topic '(name=schema-changes-topic, numPartitions=1, replicationFactor=1, replicasAssignments=null, configs={cleanup.policy=delete, retention.ms=9223372036854775807, retention.bytes=-1})' created (io.debezium.relational.history.KafkaDatabaseHistory)
2018-08-30 17:03:10,215 WARN  KAF Error registering AppInfo mbean
javax.management.InstanceAlreadyExistsException: kafka.admin.client:type=app-info,id=my-db-history
	at com.sun.jmx.mbeanserver.Repository.addMBean(Repository.java:437)
	at com.sun.jmx.interceptor.DefaultMBeanServerInterceptor.registerWithRepository(DefaultMBeanServerInterceptor.java:1898)
	at com.sun.jmx.interceptor.DefaultMBeanServerInterceptor.registerDynamicMBean(DefaultMBeanServerInterceptor.java:966)
	at com.sun.jmx.interceptor.DefaultMBeanServerInterceptor.registerObject(DefaultMBeanServerInterceptor.java:900)
	at com.sun.jmx.interceptor.DefaultMBeanServerInterceptor.registerMBean(DefaultMBeanServerInterceptor.java:324)
	at com.sun.jmx.mbeanserver.JmxMBeanServer.registerMBean(JmxMBeanServer.java:522)
	at org.apache.kafka.common.utils.AppInfoParser.registerAppInfo(AppInfoParser.java:62)
	at org.apache.kafka.clients.admin.KafkaAdminClient.<init>(KafkaAdminClient.java:378)
	at org.apache.kafka.clients.admin.KafkaAdminClient.createInternal(KafkaAdminClient.java:329)
	at org.apache.kafka.clients.admin.AdminClient.create(AdminClient.java:51)
	at io.debezium.relational.history.KafkaDatabaseHistory.initializeStorage(KafkaDatabaseHistory.java:335)
	at io.debezium.relational.history.KafkaDatabaseHistoryTest.testHistoryTopicContent(KafkaDatabaseHistoryTest.java:114)
	at io.debezium.relational.history.KafkaDatabaseHistoryTest.shouldStartWithEmptyTopicAndStoreDataAndRecoverAllState(KafkaDatabaseHistoryTest.java:84)
	at sun.reflect.NativeMethodAccessorImpl.invoke0(Native Method)
	at sun.reflect.NativeMethodAccessorImpl.invoke(NativeMethodAccessorImpl.java:62)
	at sun.reflect.DelegatingMethodAccessorImpl.invoke(DelegatingMethodAccessorImpl.java:43)
	at java.lang.reflect.Method.invoke(Method.java:498)
	at org.junit.runners.model.FrameworkMethod$1.runReflectiveCall(FrameworkMethod.java:50)
	at org.junit.internal.runners.model.ReflectiveCallable.run(ReflectiveCallable.java:12)
	at org.junit.runners.model.FrameworkMethod.invokeExplosively(FrameworkMethod.java:47)
	at org.junit.internal.runners.statements.InvokeMethod.evaluate(InvokeMethod.java:17)
	at org.junit.internal.runners.statements.RunBefores.evaluate(RunBefores.java:26)
	at org.junit.internal.runners.statements.RunAfters.evaluate(RunAfters.java:27)
	at org.junit.runners.ParentRunner.runLeaf(ParentRunner.java:325)
	at org.junit.runners.BlockJUnit4ClassRunner.runChild(BlockJUnit4ClassRunner.java:78)
	at org.junit.runners.BlockJUnit4ClassRunner.runChild(BlockJUnit4ClassRunner.java:57)
	at org.junit.runners.ParentRunner$3.run(ParentRunner.java:290)
	at org.junit.runners.ParentRunner$1.schedule(ParentRunner.java:71)
	at org.junit.runners.ParentRunner.runChildren(ParentRunner.java:288)
	at org.junit.runners.ParentRunner.access$000(ParentRunner.java:58)
	at org.junit.runners.ParentRunner$2.evaluate(ParentRunner.java:268)
	at org.junit.runners.ParentRunner.run(ParentRunner.java:363)
	at org.apache.maven.surefire.junit4.JUnit4Provider.execute(JUnit4Provider.java:283)
	at org.apache.maven.surefire.junit4.JUnit4Provider.executeWithRerun(JUnit4Provider.java:173)
	at org.apache.maven.surefire.junit4.JUnit4Provider.executeTestSet(JUnit4Provider.java:153)
	at org.apache.maven.surefire.junit4.JUnit4Provider.invoke(JUnit4Provider.java:128)
	at org.apache.maven.surefire.booter.ForkedBooter.invokeProviderInSameClassLoader(ForkedBooter.java:203)
	at org.apache.maven.surefire.booter.ForkedBooter.runSuitesInProcess(ForkedBooter.java:155)
	at org.apache.maven.surefire.booter.ForkedBooter.main(ForkedBooter.java:103)
2018-08-30 17:03:10,215 WARN  KAF Error registering AppInfo mbean
javax.management.InstanceAlreadyExistsException: kafka.admin.client:type=app-info,id=my-db-history
	at com.sun.jmx.mbeanserver.Repository.addMBean(Repository.java:437)
	at com.sun.jmx.interceptor.DefaultMBeanServerInterceptor.registerWithRepository(DefaultMBeanServerInterceptor.java:1898)
	at com.sun.jmx.interceptor.DefaultMBeanServerInterceptor.registerDynamicMBean(DefaultMBeanServerInterceptor.java:966)
	at com.sun.jmx.interceptor.DefaultMBeanServerInterceptor.registerObject(DefaultMBeanServerInterceptor.java:900)
	at com.sun.jmx.interceptor.DefaultMBeanServerInterceptor.registerMBean(DefaultMBeanServerInterceptor.java:324)
	at com.sun.jmx.mbeanserver.JmxMBeanServer.registerMBean(JmxMBeanServer.java:522)
	at org.apache.kafka.common.utils.AppInfoParser.registerAppInfo(AppInfoParser.java:62)
	at org.apache.kafka.clients.admin.KafkaAdminClient.<init>(KafkaAdminClient.java:378)
	at org.apache.kafka.clients.admin.KafkaAdminClient.createInternal(KafkaAdminClient.java:329)
	at org.apache.kafka.clients.admin.AdminClient.create(AdminClient.java:51)
	at io.debezium.relational.history.KafkaDatabaseHistory.initializeStorage(KafkaDatabaseHistory.java:335)
	at io.debezium.relational.history.KafkaDatabaseHistoryTest.testHistoryTopicContent(KafkaDatabaseHistoryTest.java:114)
	at io.debezium.relational.history.KafkaDatabaseHistoryTest.shouldStartWithEmptyTopicAndStoreDataAndRecoverAllState(KafkaDatabaseHistoryTest.java:84)
	at sun.reflect.NativeMethodAccessorImpl.invoke0(Native Method)
	at sun.reflect.NativeMethodAccessorImpl.invoke(NativeMethodAccessorImpl.java:62)
	at sun.reflect.DelegatingMethodAccessorImpl.invoke(DelegatingMethodAccessorImpl.java:43)
	at java.lang.reflect.Method.invoke(Method.java:498)
	at org.junit.runners.model.FrameworkMethod$1.runReflectiveCall(FrameworkMethod.java:50)
	at org.junit.internal.runners.model.ReflectiveCallable.run(ReflectiveCallable.java:12)
	at org.junit.runners.model.FrameworkMethod.invokeExplosively(FrameworkMethod.java:47)
	at org.junit.internal.runners.statements.InvokeMethod.evaluate(InvokeMethod.java:17)
	at org.junit.internal.runners.statements.RunBefores.evaluate(RunBefores.java:26)
	at org.junit.internal.runners.statements.RunAfters.evaluate(RunAfters.java:27)
	at org.junit.runners.ParentRunner.runLeaf(ParentRunner.java:325)
	at org.junit.runners.BlockJUnit4ClassRunner.runChild(BlockJUnit4ClassRunner.java:78)
	at org.junit.runners.BlockJUnit4ClassRunner.runChild(BlockJUnit4ClassRunner.java:57)
	at org.junit.runners.ParentRunner$3.run(ParentRunner.java:290)
	at org.junit.runners.ParentRunner$1.schedule(ParentRunner.java:71)
	at org.junit.runners.ParentRunner.runChildren(ParentRunner.java:288)
	at org.junit.runners.ParentRunner.access$000(ParentRunner.java:58)
	at org.junit.runners.ParentRunner$2.evaluate(ParentRunner.java:268)
	at org.junit.runners.ParentRunner.run(ParentRunner.java:363)
	at org.apache.maven.surefire.junit4.JUnit4Provider.execute(JUnit4Provider.java:283)
	at org.apache.maven.surefire.junit4.JUnit4Provider.executeWithRerun(JUnit4Provider.java:173)
	at org.apache.maven.surefire.junit4.JUnit4Provider.executeTestSet(JUnit4Provider.java:153)
	at org.apache.maven.surefire.junit4.JUnit4Provider.invoke(JUnit4Provider.java:128)
	at org.apache.maven.surefire.booter.ForkedBooter.invokeProviderInSameClassLoader(ForkedBooter.java:203)
	at org.apache.maven.surefire.booter.ForkedBooter.runSuitesInProcess(ForkedBooter.java:155)
	at org.apache.maven.surefire.booter.ForkedBooter.main(ForkedBooter.java:103)
2018-08-30 17:03:10,346 INFO  DBZ Database history topic '(name=schema-changes-topic, numPartitions=1, replicationFactor=1, replicasAssignments=null, configs={cleanup.policy=delete, retention.ms=9223372036854775807, retention.bytes=-1})' created (io.debezium.relational.history.KafkaDatabaseHistory)
2018-08-30 17:03:11,213 INFO  DBZ KafkaDatabaseHistory Consumer config: {enable.auto.commit=false, value.deserializer=org.apache.kafka.common.serialization.StringDeserializer, group.id=my-db-history, auto.offset.reset=earliest, session.timeout.ms=50000, bootstrap.servers=localhost:33477, max.poll.interval.ms=100, client.id=my-db-history, key.deserializer=org.apache.kafka.common.serialization.StringDeserializer, fetch.min.bytes=1} (io.debezium.relational.history.KafkaDatabaseHistory)
2018-08-30 17:03:11,213 INFO  DBZ KafkaDatabaseHistory Producer config: {bootstrap.servers=localhost:33477, value.serializer=org.apache.kafka.common.serialization.StringSerializer, buffer.memory=1048576, retries=1, key.serializer=org.apache.kafka.common.serialization.StringSerializer, client.id=my-db-history, linger.ms=0, batch.size=32768, max.block.ms=10000, acks=1} (io.debezium.relational.history.KafkaDatabaseHistory)
2018-08-30 17:03:13,785 INFO  DBZ Stopped Kafka server 1 at localhost:33477 (io.debezium.kafka.KafkaServer)
2018-08-30 17:03:13,797 ERROR ZOO ZKShutdownHandler is not registered, so ZooKeeper server won't take any action on ERROR or SHUTDOWN server state changes
2018-08-30 17:03:13,809 ERROR ZOO ZKShutdownHandler is not registered, so ZooKeeper server won't take any action on ERROR or SHUTDOWN server state changes
2018-08-30 17:03:14,201 INFO  DBZ Started Kafka server 1 at localhost:45265 with storage in /root/workspace/debezium/debezium/355063779/debezium-core/target/data/history_cluster/kafka/broker1 (io.debezium.kafka.KafkaServer)
2018-08-30 17:03:14,469 INFO  DBZ KafkaDatabaseHistory Consumer config: {enable.auto.commit=false, value.deserializer=org.apache.kafka.common.serialization.StringDeserializer, group.id=my-db-history, auto.offset.reset=earliest, session.timeout.ms=50000, bootstrap.servers=localhost:45265, max.poll.interval.ms=100, client.id=my-db-history, key.deserializer=org.apache.kafka.common.serialization.StringDeserializer, fetch.min.bytes=1} (io.debezium.relational.history.KafkaDatabaseHistory)
2018-08-30 17:03:14,469 INFO  DBZ KafkaDatabaseHistory Producer config: {bootstrap.servers=localhost:45265, value.serializer=org.apache.kafka.common.serialization.StringSerializer, buffer.memory=1048576, retries=1, key.serializer=org.apache.kafka.common.serialization.StringSerializer, client.id=my-db-history, linger.ms=0, batch.size=32768, max.block.ms=10000, acks=1} (io.debezium.relational.history.KafkaDatabaseHistory)
2018-08-30 17:03:14,489 WARN  KAF Error registering AppInfo mbean
javax.management.InstanceAlreadyExistsException: kafka.admin.client:type=app-info,id=my-db-history
	at com.sun.jmx.mbeanserver.Repository.addMBean(Repository.java:437)
	at com.sun.jmx.interceptor.DefaultMBeanServerInterceptor.registerWithRepository(DefaultMBeanServerInterceptor.java:1898)
	at com.sun.jmx.interceptor.DefaultMBeanServerInterceptor.registerDynamicMBean(DefaultMBeanServerInterceptor.java:966)
	at com.sun.jmx.interceptor.DefaultMBeanServerInterceptor.registerObject(DefaultMBeanServerInterceptor.java:900)
	at com.sun.jmx.interceptor.DefaultMBeanServerInterceptor.registerMBean(DefaultMBeanServerInterceptor.java:324)
	at com.sun.jmx.mbeanserver.JmxMBeanServer.registerMBean(JmxMBeanServer.java:522)
	at org.apache.kafka.common.utils.AppInfoParser.registerAppInfo(AppInfoParser.java:62)
	at org.apache.kafka.clients.admin.KafkaAdminClient.<init>(KafkaAdminClient.java:378)
	at org.apache.kafka.clients.admin.KafkaAdminClient.createInternal(KafkaAdminClient.java:329)
	at org.apache.kafka.clients.admin.AdminClient.create(AdminClient.java:51)
	at io.debezium.relational.history.KafkaDatabaseHistory.initializeStorage(KafkaDatabaseHistory.java:335)
	at io.debezium.relational.history.KafkaDatabaseHistoryTest.testHistoryTopicContent(KafkaDatabaseHistoryTest.java:111)
	at io.debezium.relational.history.KafkaDatabaseHistoryTest.shouldIgnoreUnparseableMessages(KafkaDatabaseHistoryTest.java:232)
	at sun.reflect.NativeMethodAccessorImpl.invoke0(Native Method)
	at sun.reflect.NativeMethodAccessorImpl.invoke(NativeMethodAccessorImpl.java:62)
	at sun.reflect.DelegatingMethodAccessorImpl.invoke(DelegatingMethodAccessorImpl.java:43)
	at java.lang.reflect.Method.invoke(Method.java:498)
	at org.junit.runners.model.FrameworkMethod$1.runReflectiveCall(FrameworkMethod.java:50)
	at org.junit.internal.runners.model.ReflectiveCallable.run(ReflectiveCallable.java:12)
	at org.junit.runners.model.FrameworkMethod.invokeExplosively(FrameworkMethod.java:47)
	at org.junit.internal.runners.statements.InvokeMethod.evaluate(InvokeMethod.java:17)
	at org.junit.internal.runners.statements.RunBefores.evaluate(RunBefores.java:26)
	at org.junit.internal.runners.statements.RunAfters.evaluate(RunAfters.java:27)
	at org.junit.runners.ParentRunner.runLeaf(ParentRunner.java:325)
	at org.junit.runners.BlockJUnit4ClassRunner.runChild(BlockJUnit4ClassRunner.java:78)
	at org.junit.runners.BlockJUnit4ClassRunner.runChild(BlockJUnit4ClassRunner.java:57)
	at org.junit.runners.ParentRunner$3.run(ParentRunner.java:290)
	at org.junit.runners.ParentRunner$1.schedule(ParentRunner.java:71)
	at org.junit.runners.ParentRunner.runChildren(ParentRunner.java:288)
	at org.junit.runners.ParentRunner.access$000(ParentRunner.java:58)
	at org.junit.runners.ParentRunner$2.evaluate(ParentRunner.java:268)
	at org.junit.runners.ParentRunner.run(ParentRunner.java:363)
	at org.apache.maven.surefire.junit4.JUnit4Provider.execute(JUnit4Provider.java:283)
	at org.apache.maven.surefire.junit4.JUnit4Provider.executeWithRerun(JUnit4Provider.java:173)
	at org.apache.maven.surefire.junit4.JUnit4Provider.executeTestSet(JUnit4Provider.java:153)
	at org.apache.maven.surefire.junit4.JUnit4Provider.invoke(JUnit4Provider.java:128)
	at org.apache.maven.surefire.booter.ForkedBooter.invokeProviderInSameClassLoader(ForkedBooter.java:203)
	at org.apache.maven.surefire.booter.ForkedBooter.runSuitesInProcess(ForkedBooter.java:155)
	at org.apache.maven.surefire.booter.ForkedBooter.main(ForkedBooter.java:103)
2018-08-30 17:03:14,489 WARN  KAF Error registering AppInfo mbean
javax.management.InstanceAlreadyExistsException: kafka.admin.client:type=app-info,id=my-db-history
	at com.sun.jmx.mbeanserver.Repository.addMBean(Repository.java:437)
	at com.sun.jmx.interceptor.DefaultMBeanServerInterceptor.registerWithRepository(DefaultMBeanServerInterceptor.java:1898)
	at com.sun.jmx.interceptor.DefaultMBeanServerInterceptor.registerDynamicMBean(DefaultMBeanServerInterceptor.java:966)
	at com.sun.jmx.interceptor.DefaultMBeanServerInterceptor.registerObject(DefaultMBeanServerInterceptor.java:900)
	at com.sun.jmx.interceptor.DefaultMBeanServerInterceptor.registerMBean(DefaultMBeanServerInterceptor.java:324)
	at com.sun.jmx.mbeanserver.JmxMBeanServer.registerMBean(JmxMBeanServer.java:522)
	at org.apache.kafka.common.utils.AppInfoParser.registerAppInfo(AppInfoParser.java:62)
	at org.apache.kafka.clients.admin.KafkaAdminClient.<init>(KafkaAdminClient.java:378)
	at org.apache.kafka.clients.admin.KafkaAdminClient.createInternal(KafkaAdminClient.java:329)
	at org.apache.kafka.clients.admin.AdminClient.create(AdminClient.java:51)
	at io.debezium.relational.history.KafkaDatabaseHistory.initializeStorage(KafkaDatabaseHistory.java:335)
	at io.debezium.relational.history.KafkaDatabaseHistoryTest.testHistoryTopicContent(KafkaDatabaseHistoryTest.java:111)
	at io.debezium.relational.history.KafkaDatabaseHistoryTest.shouldIgnoreUnparseableMessages(KafkaDatabaseHistoryTest.java:232)
	at sun.reflect.NativeMethodAccessorImpl.invoke0(Native Method)
	at sun.reflect.NativeMethodAccessorImpl.invoke(NativeMethodAccessorImpl.java:62)
	at sun.reflect.DelegatingMethodAccessorImpl.invoke(DelegatingMethodAccessorImpl.java:43)
	at java.lang.reflect.Method.invoke(Method.java:498)
	at org.junit.runners.model.FrameworkMethod$1.runReflectiveCall(FrameworkMethod.java:50)
	at org.junit.internal.runners.model.ReflectiveCallable.run(ReflectiveCallable.java:12)
	at org.junit.runners.model.FrameworkMethod.invokeExplosively(FrameworkMethod.java:47)
	at org.junit.internal.runners.statements.InvokeMethod.evaluate(InvokeMethod.java:17)
	at org.junit.internal.runners.statements.RunBefores.evaluate(RunBefores.java:26)
	at org.junit.internal.runners.statements.RunAfters.evaluate(RunAfters.java:27)
	at org.junit.runners.ParentRunner.runLeaf(ParentRunner.java:325)
	at org.junit.runners.BlockJUnit4ClassRunner.runChild(BlockJUnit4ClassRunner.java:78)
	at org.junit.runners.BlockJUnit4ClassRunner.runChild(BlockJUnit4ClassRunner.java:57)
	at org.junit.runners.ParentRunner$3.run(ParentRunner.java:290)
	at org.junit.runners.ParentRunner$1.schedule(ParentRunner.java:71)
	at org.junit.runners.ParentRunner.runChildren(ParentRunner.java:288)
	at org.junit.runners.ParentRunner.access$000(ParentRunner.java:58)
	at org.junit.runners.ParentRunner$2.evaluate(ParentRunner.java:268)
	at org.junit.runners.ParentRunner.run(ParentRunner.java:363)
	at org.apache.maven.surefire.junit4.JUnit4Provider.execute(JUnit4Provider.java:283)
	at org.apache.maven.surefire.junit4.JUnit4Provider.executeWithRerun(JUnit4Provider.java:173)
	at org.apache.maven.surefire.junit4.JUnit4Provider.executeTestSet(JUnit4Provider.java:153)
	at org.apache.maven.surefire.junit4.JUnit4Provider.invoke(JUnit4Provider.java:128)
	at org.apache.maven.surefire.booter.ForkedBooter.invokeProviderInSameClassLoader(ForkedBooter.java:203)
	at org.apache.maven.surefire.booter.ForkedBooter.runSuitesInProcess(ForkedBooter.java:155)
	at org.apache.maven.surefire.booter.ForkedBooter.main(ForkedBooter.java:103)
2018-08-30 17:03:14,615 INFO  DBZ Database history topic '(name=schema-changes-topic, numPartitions=1, replicationFactor=1, replicasAssignments=null, configs={cleanup.policy=delete, retention.ms=9223372036854775807, retention.bytes=-1})' created (io.debezium.relational.history.KafkaDatabaseHistory)
2018-08-30 17:03:14,617 WARN  KAF Error registering AppInfo mbean
javax.management.InstanceAlreadyExistsException: kafka.admin.client:type=app-info,id=my-db-history
	at com.sun.jmx.mbeanserver.Repository.addMBean(Repository.java:437)
	at com.sun.jmx.interceptor.DefaultMBeanServerInterceptor.registerWithRepository(DefaultMBeanServerInterceptor.java:1898)
	at com.sun.jmx.interceptor.DefaultMBeanServerInterceptor.registerDynamicMBean(DefaultMBeanServerInterceptor.java:966)
	at com.sun.jmx.interceptor.DefaultMBeanServerInterceptor.registerObject(DefaultMBeanServerInterceptor.java:900)
	at com.sun.jmx.interceptor.DefaultMBeanServerInterceptor.registerMBean(DefaultMBeanServerInterceptor.java:324)
	at com.sun.jmx.mbeanserver.JmxMBeanServer.registerMBean(JmxMBeanServer.java:522)
	at org.apache.kafka.common.utils.AppInfoParser.registerAppInfo(AppInfoParser.java:62)
	at org.apache.kafka.clients.admin.KafkaAdminClient.<init>(KafkaAdminClient.java:378)
	at org.apache.kafka.clients.admin.KafkaAdminClient.createInternal(KafkaAdminClient.java:329)
	at org.apache.kafka.clients.admin.AdminClient.create(AdminClient.java:51)
	at io.debezium.relational.history.KafkaDatabaseHistory.initializeStorage(KafkaDatabaseHistory.java:335)
	at io.debezium.relational.history.KafkaDatabaseHistoryTest.testHistoryTopicContent(KafkaDatabaseHistoryTest.java:114)
	at io.debezium.relational.history.KafkaDatabaseHistoryTest.shouldIgnoreUnparseableMessages(KafkaDatabaseHistoryTest.java:232)
	at sun.reflect.NativeMethodAccessorImpl.invoke0(Native Method)
	at sun.reflect.NativeMethodAccessorImpl.invoke(NativeMethodAccessorImpl.java:62)
	at sun.reflect.DelegatingMethodAccessorImpl.invoke(DelegatingMethodAccessorImpl.java:43)
	at java.lang.reflect.Method.invoke(Method.java:498)
	at org.junit.runners.model.FrameworkMethod$1.runReflectiveCall(FrameworkMethod.java:50)
	at org.junit.internal.runners.model.ReflectiveCallable.run(ReflectiveCallable.java:12)
	at org.junit.runners.model.FrameworkMethod.invokeExplosively(FrameworkMethod.java:47)
	at org.junit.internal.runners.statements.InvokeMethod.evaluate(InvokeMethod.java:17)
	at org.junit.internal.runners.statements.RunBefores.evaluate(RunBefores.java:26)
	at org.junit.internal.runners.statements.RunAfters.evaluate(RunAfters.java:27)
	at org.junit.runners.ParentRunner.runLeaf(ParentRunner.java:325)
	at org.junit.runners.BlockJUnit4ClassRunner.runChild(BlockJUnit4ClassRunner.java:78)
	at org.junit.runners.BlockJUnit4ClassRunner.runChild(BlockJUnit4ClassRunner.java:57)
	at org.junit.runners.ParentRunner$3.run(ParentRunner.java:290)
	at org.junit.runners.ParentRunner$1.schedule(ParentRunner.java:71)
	at org.junit.runners.ParentRunner.runChildren(ParentRunner.java:288)
	at org.junit.runners.ParentRunner.access$000(ParentRunner.java:58)
	at org.junit.runners.ParentRunner$2.evaluate(ParentRunner.java:268)
	at org.junit.runners.ParentRunner.run(ParentRunner.java:363)
	at org.apache.maven.surefire.junit4.JUnit4Provider.execute(JUnit4Provider.java:283)
	at org.apache.maven.surefire.junit4.JUnit4Provider.executeWithRerun(JUnit4Provider.java:173)
	at org.apache.maven.surefire.junit4.JUnit4Provider.executeTestSet(JUnit4Provider.java:153)
	at org.apache.maven.surefire.junit4.JUnit4Provider.invoke(JUnit4Provider.java:128)
	at org.apache.maven.surefire.booter.ForkedBooter.invokeProviderInSameClassLoader(ForkedBooter.java:203)
	at org.apache.maven.surefire.booter.ForkedBooter.runSuitesInProcess(ForkedBooter.java:155)
	at org.apache.maven.surefire.booter.ForkedBooter.main(ForkedBooter.java:103)
2018-08-30 17:03:14,617 WARN  KAF Error registering AppInfo mbean
javax.management.InstanceAlreadyExistsException: kafka.admin.client:type=app-info,id=my-db-history
	at com.sun.jmx.mbeanserver.Repository.addMBean(Repository.java:437)
	at com.sun.jmx.interceptor.DefaultMBeanServerInterceptor.registerWithRepository(DefaultMBeanServerInterceptor.java:1898)
	at com.sun.jmx.interceptor.DefaultMBeanServerInterceptor.registerDynamicMBean(DefaultMBeanServerInterceptor.java:966)
	at com.sun.jmx.interceptor.DefaultMBeanServerInterceptor.registerObject(DefaultMBeanServerInterceptor.java:900)
	at com.sun.jmx.interceptor.DefaultMBeanServerInterceptor.registerMBean(DefaultMBeanServerInterceptor.java:324)
	at com.sun.jmx.mbeanserver.JmxMBeanServer.registerMBean(JmxMBeanServer.java:522)
	at org.apache.kafka.common.utils.AppInfoParser.registerAppInfo(AppInfoParser.java:62)
	at org.apache.kafka.clients.admin.KafkaAdminClient.<init>(KafkaAdminClient.java:378)
	at org.apache.kafka.clients.admin.KafkaAdminClient.createInternal(KafkaAdminClient.java:329)
	at org.apache.kafka.clients.admin.AdminClient.create(AdminClient.java:51)
	at io.debezium.relational.history.KafkaDatabaseHistory.initializeStorage(KafkaDatabaseHistory.java:335)
	at io.debezium.relational.history.KafkaDatabaseHistoryTest.testHistoryTopicContent(KafkaDatabaseHistoryTest.java:114)
	at io.debezium.relational.history.KafkaDatabaseHistoryTest.shouldIgnoreUnparseableMessages(KafkaDatabaseHistoryTest.java:232)
	at sun.reflect.NativeMethodAccessorImpl.invoke0(Native Method)
	at sun.reflect.NativeMethodAccessorImpl.invoke(NativeMethodAccessorImpl.java:62)
	at sun.reflect.DelegatingMethodAccessorImpl.invoke(DelegatingMethodAccessorImpl.java:43)
	at java.lang.reflect.Method.invoke(Method.java:498)
	at org.junit.runners.model.FrameworkMethod$1.runReflectiveCall(FrameworkMethod.java:50)
	at org.junit.internal.runners.model.ReflectiveCallable.run(ReflectiveCallable.java:12)
	at org.junit.runners.model.FrameworkMethod.invokeExplosively(FrameworkMethod.java:47)
	at org.junit.internal.runners.statements.InvokeMethod.evaluate(InvokeMethod.java:17)
	at org.junit.internal.runners.statements.RunBefores.evaluate(RunBefores.java:26)
	at org.junit.internal.runners.statements.RunAfters.evaluate(RunAfters.java:27)
	at org.junit.runners.ParentRunner.runLeaf(ParentRunner.java:325)
	at org.junit.runners.BlockJUnit4ClassRunner.runChild(BlockJUnit4ClassRunner.java:78)
	at org.junit.runners.BlockJUnit4ClassRunner.runChild(BlockJUnit4ClassRunner.java:57)
	at org.junit.runners.ParentRunner$3.run(ParentRunner.java:290)
	at org.junit.runners.ParentRunner$1.schedule(ParentRunner.java:71)
	at org.junit.runners.ParentRunner.runChildren(ParentRunner.java:288)
	at org.junit.runners.ParentRunner.access$000(ParentRunner.java:58)
	at org.junit.runners.ParentRunner$2.evaluate(ParentRunner.java:268)
	at org.junit.runners.ParentRunner.run(ParentRunner.java:363)
	at org.apache.maven.surefire.junit4.JUnit4Provider.execute(JUnit4Provider.java:283)
	at org.apache.maven.surefire.junit4.JUnit4Provider.executeWithRerun(JUnit4Provider.java:173)
	at org.apache.maven.surefire.junit4.JUnit4Provider.executeTestSet(JUnit4Provider.java:153)
	at org.apache.maven.surefire.junit4.JUnit4Provider.invoke(JUnit4Provider.java:128)
	at org.apache.maven.surefire.booter.ForkedBooter.invokeProviderInSameClassLoader(ForkedBooter.java:203)
	at org.apache.maven.surefire.booter.ForkedBooter.runSuitesInProcess(ForkedBooter.java:155)
	at org.apache.maven.surefire.booter.ForkedBooter.main(ForkedBooter.java:103)
2018-08-30 17:03:14,739 INFO  DBZ Database history topic '(name=schema-changes-topic, numPartitions=1, replicationFactor=1, replicasAssignments=null, configs={cleanup.policy=delete, retention.ms=9223372036854775807, retention.bytes=-1})' created (io.debezium.relational.history.KafkaDatabaseHistory)
2018-08-30 17:03:14,943 WARN  DBZ Skipping null database history record. This is often not an issue, but if it happens repeatedly please check the 'schema-changes-topic' topic. (io.debezium.relational.history.KafkaDatabaseHistory)
2018-08-30 17:03:14,943 ERROR DBZ Error while deserializing history record 'ConsumerRecord(topic = schema-changes-topic, partition = 0, offset = 1, CreateTime = 1535641394444, serialized key size = -1, serialized value size = 0, headers = RecordHeaders(headers = [], isReadOnly = false), key = null, value = )' (io.debezium.relational.history.KafkaDatabaseHistory)
java.io.IOException: Expected data to start with an Object, but was null
	at io.debezium.document.JacksonReader.parseDocument(JacksonReader.java:116)
	at io.debezium.document.JacksonReader.parse(JacksonReader.java:102)
	at io.debezium.document.JacksonReader.read(JacksonReader.java:57)
	at io.debezium.relational.history.KafkaDatabaseHistory.recoverRecords(KafkaDatabaseHistory.java:231)
	at io.debezium.relational.history.AbstractDatabaseHistory.recover(AbstractDatabaseHistory.java:63)
	at io.debezium.relational.history.KafkaDatabaseHistoryTest.testHistoryTopicContent(KafkaDatabaseHistoryTest.java:125)
	at io.debezium.relational.history.KafkaDatabaseHistoryTest.shouldIgnoreUnparseableMessages(KafkaDatabaseHistoryTest.java:232)
	at sun.reflect.NativeMethodAccessorImpl.invoke0(Native Method)
	at sun.reflect.NativeMethodAccessorImpl.invoke(NativeMethodAccessorImpl.java:62)
	at sun.reflect.DelegatingMethodAccessorImpl.invoke(DelegatingMethodAccessorImpl.java:43)
	at java.lang.reflect.Method.invoke(Method.java:498)
	at org.junit.runners.model.FrameworkMethod$1.runReflectiveCall(FrameworkMethod.java:50)
	at org.junit.internal.runners.model.ReflectiveCallable.run(ReflectiveCallable.java:12)
	at org.junit.runners.model.FrameworkMethod.invokeExplosively(FrameworkMethod.java:47)
	at org.junit.internal.runners.statements.InvokeMethod.evaluate(InvokeMethod.java:17)
	at org.junit.internal.runners.statements.RunBefores.evaluate(RunBefores.java:26)
	at org.junit.internal.runners.statements.RunAfters.evaluate(RunAfters.java:27)
	at org.junit.runners.ParentRunner.runLeaf(ParentRunner.java:325)
	at org.junit.runners.BlockJUnit4ClassRunner.runChild(BlockJUnit4ClassRunner.java:78)
	at org.junit.runners.BlockJUnit4ClassRunner.runChild(BlockJUnit4ClassRunner.java:57)
	at org.junit.runners.ParentRunner$3.run(ParentRunner.java:290)
	at org.junit.runners.ParentRunner$1.schedule(ParentRunner.java:71)
	at org.junit.runners.ParentRunner.runChildren(ParentRunner.java:288)
	at org.junit.runners.ParentRunner.access$000(ParentRunner.java:58)
	at org.junit.runners.ParentRunner$2.evaluate(ParentRunner.java:268)
	at org.junit.runners.ParentRunner.run(ParentRunner.java:363)
	at org.apache.maven.surefire.junit4.JUnit4Provider.execute(JUnit4Provider.java:283)
	at org.apache.maven.surefire.junit4.JUnit4Provider.executeWithRerun(JUnit4Provider.java:173)
	at org.apache.maven.surefire.junit4.JUnit4Provider.executeTestSet(JUnit4Provider.java:153)
	at org.apache.maven.surefire.junit4.JUnit4Provider.invoke(JUnit4Provider.java:128)
	at org.apache.maven.surefire.booter.ForkedBooter.invokeProviderInSameClassLoader(ForkedBooter.java:203)
	at org.apache.maven.surefire.booter.ForkedBooter.runSuitesInProcess(ForkedBooter.java:155)
	at org.apache.maven.surefire.booter.ForkedBooter.main(ForkedBooter.java:103)
2018-08-30 17:03:14,953 WARN  DBZ Skipping invalid database history record '{
  "position" : {
    "filename" : "my-txn-file.log",
    "position" : 39
  },
  "databaseName" : "db1",
  "ddl" : "DROP TABLE foo;"
}'. This is often not an issue, but if it happens repeatedly please check the 'schema-changes-topic' topic. (io.debezium.relational.history.KafkaDatabaseHistory)
2018-08-30 17:03:14,954 WARN  DBZ Skipping invalid database history record '{
  "source" : {
    "server" : "my-server"
  },
  "databaseName" : "db1",
  "ddl" : "DROP TABLE foo;"
}'. This is often not an issue, but if it happens repeatedly please check the 'schema-changes-topic' topic. (io.debezium.relational.history.KafkaDatabaseHistory)
2018-08-30 17:03:14,957 ERROR DBZ Error while deserializing history record 'ConsumerRecord(topic = schema-changes-topic, partition = 0, offset = 4, CreateTime = 1535641394455, serialized key size = -1, serialized value size = 133, headers = RecordHeaders(headers = [], isReadOnly = false), key = null, value = {"source":{"server":"my-server"},"position":{"filename":"my-txn-file.log","position":39},"databaseName":"db1","ddl":"DROP TABLE foo;")' (io.debezium.relational.history.KafkaDatabaseHistory)
com.fasterxml.jackson.core.io.JsonEOFException: Unexpected end-of-input: expected close marker for Object (start marker at [Source: (String)"{"source":{"server":"my-server"},"position":{"filename":"my-txn-file.log","position":39},"databaseName":"db1","ddl":"DROP TABLE foo;""; line: 1, column: 1])
 at [Source: (String)"{"source":{"server":"my-server"},"position":{"filename":"my-txn-file.log","position":39},"databaseName":"db1","ddl":"DROP TABLE foo;""; line: 1, column: 267]
	at com.fasterxml.jackson.core.base.ParserMinimalBase._reportInvalidEOF(ParserMinimalBase.java:588)
	at com.fasterxml.jackson.core.base.ParserBase._handleEOF(ParserBase.java:483)
	at com.fasterxml.jackson.core.base.ParserBase._eofAsNextChar(ParserBase.java:495)
	at com.fasterxml.jackson.core.json.ReaderBasedJsonParser._skipWSOrEnd(ReaderBasedJsonParser.java:2332)
	at com.fasterxml.jackson.core.json.ReaderBasedJsonParser.nextToken(ReaderBasedJsonParser.java:646)
	at io.debezium.document.JacksonReader.parseDocument(JacksonReader.java:192)
	at io.debezium.document.JacksonReader.parse(JacksonReader.java:102)
	at io.debezium.document.JacksonReader.read(JacksonReader.java:57)
	at io.debezium.relational.history.KafkaDatabaseHistory.recoverRecords(KafkaDatabaseHistory.java:231)
	at io.debezium.relational.history.AbstractDatabaseHistory.recover(AbstractDatabaseHistory.java:63)
	at io.debezium.relational.history.KafkaDatabaseHistoryTest.testHistoryTopicContent(KafkaDatabaseHistoryTest.java:125)
	at io.debezium.relational.history.KafkaDatabaseHistoryTest.shouldIgnoreUnparseableMessages(KafkaDatabaseHistoryTest.java:232)
	at sun.reflect.NativeMethodAccessorImpl.invoke0(Native Method)
	at sun.reflect.NativeMethodAccessorImpl.invoke(NativeMethodAccessorImpl.java:62)
	at sun.reflect.DelegatingMethodAccessorImpl.invoke(DelegatingMethodAccessorImpl.java:43)
	at java.lang.reflect.Method.invoke(Method.java:498)
	at org.junit.runners.model.FrameworkMethod$1.runReflectiveCall(FrameworkMethod.java:50)
	at org.junit.internal.runners.model.ReflectiveCallable.run(ReflectiveCallable.java:12)
	at org.junit.runners.model.FrameworkMethod.invokeExplosively(FrameworkMethod.java:47)
	at org.junit.internal.runners.statements.InvokeMethod.evaluate(InvokeMethod.java:17)
	at org.junit.internal.runners.statements.RunBefores.evaluate(RunBefores.java:26)
	at org.junit.internal.runners.statements.RunAfters.evaluate(RunAfters.java:27)
	at org.junit.runners.ParentRunner.runLeaf(ParentRunner.java:325)
	at org.junit.runners.BlockJUnit4ClassRunner.runChild(BlockJUnit4ClassRunner.java:78)
	at org.junit.runners.BlockJUnit4ClassRunner.runChild(BlockJUnit4ClassRunner.java:57)
	at org.junit.runners.ParentRunner$3.run(ParentRunner.java:290)
	at org.junit.runners.ParentRunner$1.schedule(ParentRunner.java:71)
	at org.junit.runners.ParentRunner.runChildren(ParentRunner.java:288)
	at org.junit.runners.ParentRunner.access$000(ParentRunner.java:58)
	at org.junit.runners.ParentRunner$2.evaluate(ParentRunner.java:268)
	at org.junit.runners.ParentRunner.run(ParentRunner.java:363)
	at org.apache.maven.surefire.junit4.JUnit4Provider.execute(JUnit4Provider.java:283)
	at org.apache.maven.surefire.junit4.JUnit4Provider.executeWithRerun(JUnit4Provider.java:173)
	at org.apache.maven.surefire.junit4.JUnit4Provider.executeTestSet(JUnit4Provider.java:153)
	at org.apache.maven.surefire.junit4.JUnit4Provider.invoke(JUnit4Provider.java:128)
	at org.apache.maven.surefire.booter.ForkedBooter.invokeProviderInSameClassLoader(ForkedBooter.java:203)
	at org.apache.maven.surefire.booter.ForkedBooter.runSuitesInProcess(ForkedBooter.java:155)
	at org.apache.maven.surefire.booter.ForkedBooter.main(ForkedBooter.java:103)
2018-08-30 17:03:14,958 ERROR DBZ Error while deserializing history record 'ConsumerRecord(topic = schema-changes-topic, partition = 0, offset = 5, CreateTime = 1535641394458, serialized key size = -1, serialized value size = 133, headers = RecordHeaders(headers = [], isReadOnly = false), key = null, value = "source":{"server":"my-server"},"position":{"filename":"my-txn-file.log","position":39},"databaseName":"db1","ddl":"DROP TABLE foo;"})' (io.debezium.relational.history.KafkaDatabaseHistory)
java.io.IOException: Expected data to start with an Object, but was VALUE_STRING
	at io.debezium.document.JacksonReader.parseDocument(JacksonReader.java:116)
	at io.debezium.document.JacksonReader.parse(JacksonReader.java:102)
	at io.debezium.document.JacksonReader.read(JacksonReader.java:57)
	at io.debezium.relational.history.KafkaDatabaseHistory.recoverRecords(KafkaDatabaseHistory.java:231)
	at io.debezium.relational.history.AbstractDatabaseHistory.recover(AbstractDatabaseHistory.java:63)
	at io.debezium.relational.history.KafkaDatabaseHistoryTest.testHistoryTopicContent(KafkaDatabaseHistoryTest.java:125)
	at io.debezium.relational.history.KafkaDatabaseHistoryTest.shouldIgnoreUnparseableMessages(KafkaDatabaseHistoryTest.java:232)
	at sun.reflect.NativeMethodAccessorImpl.invoke0(Native Method)
	at sun.reflect.NativeMethodAccessorImpl.invoke(NativeMethodAccessorImpl.java:62)
	at sun.reflect.DelegatingMethodAccessorImpl.invoke(DelegatingMethodAccessorImpl.java:43)
	at java.lang.reflect.Method.invoke(Method.java:498)
	at org.junit.runners.model.FrameworkMethod$1.runReflectiveCall(FrameworkMethod.java:50)
	at org.junit.internal.runners.model.ReflectiveCallable.run(ReflectiveCallable.java:12)
	at org.junit.runners.model.FrameworkMethod.invokeExplosively(FrameworkMethod.java:47)
	at org.junit.internal.runners.statements.InvokeMethod.evaluate(InvokeMethod.java:17)
	at org.junit.internal.runners.statements.RunBefores.evaluate(RunBefores.java:26)
	at org.junit.internal.runners.statements.RunAfters.evaluate(RunAfters.java:27)
	at org.junit.runners.ParentRunner.runLeaf(ParentRunner.java:325)
	at org.junit.runners.BlockJUnit4ClassRunner.runChild(BlockJUnit4ClassRunner.java:78)
	at org.junit.runners.BlockJUnit4ClassRunner.runChild(BlockJUnit4ClassRunner.java:57)
	at org.junit.runners.ParentRunner$3.run(ParentRunner.java:290)
	at org.junit.runners.ParentRunner$1.schedule(ParentRunner.java:71)
	at org.junit.runners.ParentRunner.runChildren(ParentRunner.java:288)
	at org.junit.runners.ParentRunner.access$000(ParentRunner.java:58)
	at org.junit.runners.ParentRunner$2.evaluate(ParentRunner.java:268)
	at org.junit.runners.ParentRunner.run(ParentRunner.java:363)
	at org.apache.maven.surefire.junit4.JUnit4Provider.execute(JUnit4Provider.java:283)
	at org.apache.maven.surefire.junit4.JUnit4Provider.executeWithRerun(JUnit4Provider.java:173)
	at org.apache.maven.surefire.junit4.JUnit4Provider.executeTestSet(JUnit4Provider.java:153)
	at org.apache.maven.surefire.junit4.JUnit4Provider.invoke(JUnit4Provider.java:128)
	at org.apache.maven.surefire.booter.ForkedBooter.invokeProviderInSameClassLoader(ForkedBooter.java:203)
	at org.apache.maven.surefire.booter.ForkedBooter.runSuitesInProcess(ForkedBooter.java:155)
	at org.apache.maven.surefire.booter.ForkedBooter.main(ForkedBooter.java:103)
2018-08-30 17:03:15,018 INFO  DBZ KafkaDatabaseHistory Consumer config: {enable.auto.commit=false, value.deserializer=org.apache.kafka.common.serialization.StringDeserializer, group.id=my-db-history, auto.offset.reset=earliest, session.timeout.ms=50000, bootstrap.servers=localhost:45265, max.poll.interval.ms=100, client.id=my-db-history, key.deserializer=org.apache.kafka.common.serialization.StringDeserializer, fetch.min.bytes=1} (io.debezium.relational.history.KafkaDatabaseHistory)
2018-08-30 17:03:15,018 INFO  DBZ KafkaDatabaseHistory Producer config: {bootstrap.servers=localhost:45265, value.serializer=org.apache.kafka.common.serialization.StringSerializer, buffer.memory=1048576, retries=1, key.serializer=org.apache.kafka.common.serialization.StringSerializer, client.id=my-db-history, linger.ms=0, batch.size=32768, max.block.ms=10000, acks=1} (io.debezium.relational.history.KafkaDatabaseHistory)
2018-08-30 17:03:15,068 WARN  DBZ Skipping null database history record. This is often not an issue, but if it happens repeatedly please check the 'schema-changes-topic' topic. (io.debezium.relational.history.KafkaDatabaseHistory)
2018-08-30 17:03:15,068 ERROR DBZ Error while deserializing history record 'ConsumerRecord(topic = schema-changes-topic, partition = 0, offset = 1, CreateTime = 1535641394444, serialized key size = -1, serialized value size = 0, headers = RecordHeaders(headers = [], isReadOnly = false), key = null, value = )' (io.debezium.relational.history.KafkaDatabaseHistory)
java.io.IOException: Expected data to start with an Object, but was null
	at io.debezium.document.JacksonReader.parseDocument(JacksonReader.java:116)
	at io.debezium.document.JacksonReader.parse(JacksonReader.java:102)
	at io.debezium.document.JacksonReader.read(JacksonReader.java:57)
	at io.debezium.relational.history.KafkaDatabaseHistory.recoverRecords(KafkaDatabaseHistory.java:231)
	at io.debezium.relational.history.AbstractDatabaseHistory.recover(AbstractDatabaseHistory.java:63)
	at io.debezium.relational.history.KafkaDatabaseHistoryTest.testHistoryTopicContent(KafkaDatabaseHistoryTest.java:170)
	at io.debezium.relational.history.KafkaDatabaseHistoryTest.shouldIgnoreUnparseableMessages(KafkaDatabaseHistoryTest.java:232)
	at sun.reflect.NativeMethodAccessorImpl.invoke0(Native Method)
	at sun.reflect.NativeMethodAccessorImpl.invoke(NativeMethodAccessorImpl.java:62)
	at sun.reflect.DelegatingMethodAccessorImpl.invoke(DelegatingMethodAccessorImpl.java:43)
	at java.lang.reflect.Method.invoke(Method.java:498)
	at org.junit.runners.model.FrameworkMethod$1.runReflectiveCall(FrameworkMethod.java:50)
	at org.junit.internal.runners.model.ReflectiveCallable.run(ReflectiveCallable.java:12)
	at org.junit.runners.model.FrameworkMethod.invokeExplosively(FrameworkMethod.java:47)
	at org.junit.internal.runners.statements.InvokeMethod.evaluate(InvokeMethod.java:17)
	at org.junit.internal.runners.statements.RunBefores.evaluate(RunBefores.java:26)
	at org.junit.internal.runners.statements.RunAfters.evaluate(RunAfters.java:27)
	at org.junit.runners.ParentRunner.runLeaf(ParentRunner.java:325)
	at org.junit.runners.BlockJUnit4ClassRunner.runChild(BlockJUnit4ClassRunner.java:78)
	at org.junit.runners.BlockJUnit4ClassRunner.runChild(BlockJUnit4ClassRunner.java:57)
	at org.junit.runners.ParentRunner$3.run(ParentRunner.java:290)
	at org.junit.runners.ParentRunner$1.schedule(ParentRunner.java:71)
	at org.junit.runners.ParentRunner.runChildren(ParentRunner.java:288)
	at org.junit.runners.ParentRunner.access$000(ParentRunner.java:58)
	at org.junit.runners.ParentRunner$2.evaluate(ParentRunner.java:268)
	at org.junit.runners.ParentRunner.run(ParentRunner.java:363)
	at org.apache.maven.surefire.junit4.JUnit4Provider.execute(JUnit4Provider.java:283)
	at org.apache.maven.surefire.junit4.JUnit4Provider.executeWithRerun(JUnit4Provider.java:173)
	at org.apache.maven.surefire.junit4.JUnit4Provider.executeTestSet(JUnit4Provider.java:153)
	at org.apache.maven.surefire.junit4.JUnit4Provider.invoke(JUnit4Provider.java:128)
	at org.apache.maven.surefire.booter.ForkedBooter.invokeProviderInSameClassLoader(ForkedBooter.java:203)
	at org.apache.maven.surefire.booter.ForkedBooter.runSuitesInProcess(ForkedBooter.java:155)
	at org.apache.maven.surefire.booter.ForkedBooter.main(ForkedBooter.java:103)
2018-08-30 17:03:15,081 WARN  DBZ Skipping invalid database history record '{
  "position" : {
    "filename" : "my-txn-file.log",
    "position" : 39
  },
  "databaseName" : "db1",
  "ddl" : "DROP TABLE foo;"
}'. This is often not an issue, but if it happens repeatedly please check the 'schema-changes-topic' topic. (io.debezium.relational.history.KafkaDatabaseHistory)
2018-08-30 17:03:15,081 WARN  DBZ Skipping invalid database history record '{
  "source" : {
    "server" : "my-server"
  },
  "databaseName" : "db1",
  "ddl" : "DROP TABLE foo;"
}'. This is often not an issue, but if it happens repeatedly please check the 'schema-changes-topic' topic. (io.debezium.relational.history.KafkaDatabaseHistory)
2018-08-30 17:03:15,082 ERROR DBZ Error while deserializing history record 'ConsumerRecord(topic = schema-changes-topic, partition = 0, offset = 4, CreateTime = 1535641394455, serialized key size = -1, serialized value size = 133, headers = RecordHeaders(headers = [], isReadOnly = false), key = null, value = {"source":{"server":"my-server"},"position":{"filename":"my-txn-file.log","position":39},"databaseName":"db1","ddl":"DROP TABLE foo;")' (io.debezium.relational.history.KafkaDatabaseHistory)
com.fasterxml.jackson.core.io.JsonEOFException: Unexpected end-of-input: expected close marker for Object (start marker at [Source: (String)"{"source":{"server":"my-server"},"position":{"filename":"my-txn-file.log","position":39},"databaseName":"db1","ddl":"DROP TABLE foo;""; line: 1, column: 1])
 at [Source: (String)"{"source":{"server":"my-server"},"position":{"filename":"my-txn-file.log","position":39},"databaseName":"db1","ddl":"DROP TABLE foo;""; line: 1, column: 267]
	at com.fasterxml.jackson.core.base.ParserMinimalBase._reportInvalidEOF(ParserMinimalBase.java:588)
	at com.fasterxml.jackson.core.base.ParserBase._handleEOF(ParserBase.java:483)
	at com.fasterxml.jackson.core.base.ParserBase._eofAsNextChar(ParserBase.java:495)
	at com.fasterxml.jackson.core.json.ReaderBasedJsonParser._skipWSOrEnd(ReaderBasedJsonParser.java:2332)
	at com.fasterxml.jackson.core.json.ReaderBasedJsonParser.nextToken(ReaderBasedJsonParser.java:646)
	at io.debezium.document.JacksonReader.parseDocument(JacksonReader.java:192)
	at io.debezium.document.JacksonReader.parse(JacksonReader.java:102)
	at io.debezium.document.JacksonReader.read(JacksonReader.java:57)
	at io.debezium.relational.history.KafkaDatabaseHistory.recoverRecords(KafkaDatabaseHistory.java:231)
	at io.debezium.relational.history.AbstractDatabaseHistory.recover(AbstractDatabaseHistory.java:63)
	at io.debezium.relational.history.KafkaDatabaseHistoryTest.testHistoryTopicContent(KafkaDatabaseHistoryTest.java:170)
	at io.debezium.relational.history.KafkaDatabaseHistoryTest.shouldIgnoreUnparseableMessages(KafkaDatabaseHistoryTest.java:232)
	at sun.reflect.NativeMethodAccessorImpl.invoke0(Native Method)
	at sun.reflect.NativeMethodAccessorImpl.invoke(NativeMethodAccessorImpl.java:62)
	at sun.reflect.DelegatingMethodAccessorImpl.invoke(DelegatingMethodAccessorImpl.java:43)
	at java.lang.reflect.Method.invoke(Method.java:498)
	at org.junit.runners.model.FrameworkMethod$1.runReflectiveCall(FrameworkMethod.java:50)
	at org.junit.internal.runners.model.ReflectiveCallable.run(ReflectiveCallable.java:12)
	at org.junit.runners.model.FrameworkMethod.invokeExplosively(FrameworkMethod.java:47)
	at org.junit.internal.runners.statements.InvokeMethod.evaluate(InvokeMethod.java:17)
	at org.junit.internal.runners.statements.RunBefores.evaluate(RunBefores.java:26)
	at org.junit.internal.runners.statements.RunAfters.evaluate(RunAfters.java:27)
	at org.junit.runners.ParentRunner.runLeaf(ParentRunner.java:325)
	at org.junit.runners.BlockJUnit4ClassRunner.runChild(BlockJUnit4ClassRunner.java:78)
	at org.junit.runners.BlockJUnit4ClassRunner.runChild(BlockJUnit4ClassRunner.java:57)
	at org.junit.runners.ParentRunner$3.run(ParentRunner.java:290)
	at org.junit.runners.ParentRunner$1.schedule(ParentRunner.java:71)
	at org.junit.runners.ParentRunner.runChildren(ParentRunner.java:288)
	at org.junit.runners.ParentRunner.access$000(ParentRunner.java:58)
	at org.junit.runners.ParentRunner$2.evaluate(ParentRunner.java:268)
	at org.junit.runners.ParentRunner.run(ParentRunner.java:363)
	at org.apache.maven.surefire.junit4.JUnit4Provider.execute(JUnit4Provider.java:283)
	at org.apache.maven.surefire.junit4.JUnit4Provider.executeWithRerun(JUnit4Provider.java:173)
	at org.apache.maven.surefire.junit4.JUnit4Provider.executeTestSet(JUnit4Provider.java:153)
	at org.apache.maven.surefire.junit4.JUnit4Provider.invoke(JUnit4Provider.java:128)
	at org.apache.maven.surefire.booter.ForkedBooter.invokeProviderInSameClassLoader(ForkedBooter.java:203)
	at org.apache.maven.surefire.booter.ForkedBooter.runSuitesInProcess(ForkedBooter.java:155)
	at org.apache.maven.surefire.booter.ForkedBooter.main(ForkedBooter.java:103)
2018-08-30 17:03:15,086 ERROR DBZ Error while deserializing history record 'ConsumerRecord(topic = schema-changes-topic, partition = 0, offset = 5, CreateTime = 1535641394458, serialized key size = -1, serialized value size = 133, headers = RecordHeaders(headers = [], isReadOnly = false), key = null, value = "source":{"server":"my-server"},"position":{"filename":"my-txn-file.log","position":39},"databaseName":"db1","ddl":"DROP TABLE foo;"})' (io.debezium.relational.history.KafkaDatabaseHistory)
java.io.IOException: Expected data to start with an Object, but was VALUE_STRING
	at io.debezium.document.JacksonReader.parseDocument(JacksonReader.java:116)
	at io.debezium.document.JacksonReader.parse(JacksonReader.java:102)
	at io.debezium.document.JacksonReader.read(JacksonReader.java:57)
	at io.debezium.relational.history.KafkaDatabaseHistory.recoverRecords(KafkaDatabaseHistory.java:231)
	at io.debezium.relational.history.AbstractDatabaseHistory.recover(AbstractDatabaseHistory.java:63)
	at io.debezium.relational.history.KafkaDatabaseHistoryTest.testHistoryTopicContent(KafkaDatabaseHistoryTest.java:170)
	at io.debezium.relational.history.KafkaDatabaseHistoryTest.shouldIgnoreUnparseableMessages(KafkaDatabaseHistoryTest.java:232)
	at sun.reflect.NativeMethodAccessorImpl.invoke0(Native Method)
	at sun.reflect.NativeMethodAccessorImpl.invoke(NativeMethodAccessorImpl.java:62)
	at sun.reflect.DelegatingMethodAccessorImpl.invoke(DelegatingMethodAccessorImpl.java:43)
	at java.lang.reflect.Method.invoke(Method.java:498)
	at org.junit.runners.model.FrameworkMethod$1.runReflectiveCall(FrameworkMethod.java:50)
	at org.junit.internal.runners.model.ReflectiveCallable.run(ReflectiveCallable.java:12)
	at org.junit.runners.model.FrameworkMethod.invokeExplosively(FrameworkMethod.java:47)
	at org.junit.internal.runners.statements.InvokeMethod.evaluate(InvokeMethod.java:17)
	at org.junit.internal.runners.statements.RunBefores.evaluate(RunBefores.java:26)
	at org.junit.internal.runners.statements.RunAfters.evaluate(RunAfters.java:27)
	at org.junit.runners.ParentRunner.runLeaf(ParentRunner.java:325)
	at org.junit.runners.BlockJUnit4ClassRunner.runChild(BlockJUnit4ClassRunner.java:78)
	at org.junit.runners.BlockJUnit4ClassRunner.runChild(BlockJUnit4ClassRunner.java:57)
	at org.junit.runners.ParentRunner$3.run(ParentRunner.java:290)
	at org.junit.runners.ParentRunner$1.schedule(ParentRunner.java:71)
	at org.junit.runners.ParentRunner.runChildren(ParentRunner.java:288)
	at org.junit.runners.ParentRunner.access$000(ParentRunner.java:58)
	at org.junit.runners.ParentRunner$2.evaluate(ParentRunner.java:268)
	at org.junit.runners.ParentRunner.run(ParentRunner.java:363)
	at org.apache.maven.surefire.junit4.JUnit4Provider.execute(JUnit4Provider.java:283)
	at org.apache.maven.surefire.junit4.JUnit4Provider.executeWithRerun(JUnit4Provider.java:173)
	at org.apache.maven.surefire.junit4.JUnit4Provider.executeTestSet(JUnit4Provider.java:153)
	at org.apache.maven.surefire.junit4.JUnit4Provider.invoke(JUnit4Provider.java:128)
	at org.apache.maven.surefire.booter.ForkedBooter.invokeProviderInSameClassLoader(ForkedBooter.java:203)
	at org.apache.maven.surefire.booter.ForkedBooter.runSuitesInProcess(ForkedBooter.java:155)
	at org.apache.maven.surefire.booter.ForkedBooter.main(ForkedBooter.java:103)
2018-08-30 17:03:15,135 WARN  DBZ Skipping null database history record. This is often not an issue, but if it happens repeatedly please check the 'schema-changes-topic' topic. (io.debezium.relational.history.KafkaDatabaseHistory)
2018-08-30 17:03:15,135 ERROR DBZ Error while deserializing history record 'ConsumerRecord(topic = schema-changes-topic, partition = 0, offset = 1, CreateTime = 1535641394444, serialized key size = -1, serialized value size = 0, headers = RecordHeaders(headers = [], isReadOnly = false), key = null, value = )' (io.debezium.relational.history.KafkaDatabaseHistory)
java.io.IOException: Expected data to start with an Object, but was null
	at io.debezium.document.JacksonReader.parseDocument(JacksonReader.java:116)
	at io.debezium.document.JacksonReader.parse(JacksonReader.java:102)
	at io.debezium.document.JacksonReader.read(JacksonReader.java:57)
	at io.debezium.relational.history.KafkaDatabaseHistory.recoverRecords(KafkaDatabaseHistory.java:231)
	at io.debezium.relational.history.AbstractDatabaseHistory.recover(AbstractDatabaseHistory.java:63)
	at io.debezium.relational.history.KafkaDatabaseHistoryTest.testHistoryTopicContent(KafkaDatabaseHistoryTest.java:176)
	at io.debezium.relational.history.KafkaDatabaseHistoryTest.shouldIgnoreUnparseableMessages(KafkaDatabaseHistoryTest.java:232)
	at sun.reflect.NativeMethodAccessorImpl.invoke0(Native Method)
	at sun.reflect.NativeMethodAccessorImpl.invoke(NativeMethodAccessorImpl.java:62)
	at sun.reflect.DelegatingMethodAccessorImpl.invoke(DelegatingMethodAccessorImpl.java:43)
	at java.lang.reflect.Method.invoke(Method.java:498)
	at org.junit.runners.model.FrameworkMethod$1.runReflectiveCall(FrameworkMethod.java:50)
	at org.junit.internal.runners.model.ReflectiveCallable.run(ReflectiveCallable.java:12)
	at org.junit.runners.model.FrameworkMethod.invokeExplosively(FrameworkMethod.java:47)
	at org.junit.internal.runners.statements.InvokeMethod.evaluate(InvokeMethod.java:17)
	at org.junit.internal.runners.statements.RunBefores.evaluate(RunBefores.java:26)
	at org.junit.internal.runners.statements.RunAfters.evaluate(RunAfters.java:27)
	at org.junit.runners.ParentRunner.runLeaf(ParentRunner.java:325)
	at org.junit.runners.BlockJUnit4ClassRunner.runChild(BlockJUnit4ClassRunner.java:78)
	at org.junit.runners.BlockJUnit4ClassRunner.runChild(BlockJUnit4ClassRunner.java:57)
	at org.junit.runners.ParentRunner$3.run(ParentRunner.java:290)
	at org.junit.runners.ParentRunner$1.schedule(ParentRunner.java:71)
	at org.junit.runners.ParentRunner.runChildren(ParentRunner.java:288)
	at org.junit.runners.ParentRunner.access$000(ParentRunner.java:58)
	at org.junit.runners.ParentRunner$2.evaluate(ParentRunner.java:268)
	at org.junit.runners.ParentRunner.run(ParentRunner.java:363)
	at org.apache.maven.surefire.junit4.JUnit4Provider.execute(JUnit4Provider.java:283)
	at org.apache.maven.surefire.junit4.JUnit4Provider.executeWithRerun(JUnit4Provider.java:173)
	at org.apache.maven.surefire.junit4.JUnit4Provider.executeTestSet(JUnit4Provider.java:153)
	at org.apache.maven.surefire.junit4.JUnit4Provider.invoke(JUnit4Provider.java:128)
	at org.apache.maven.surefire.booter.ForkedBooter.invokeProviderInSameClassLoader(ForkedBooter.java:203)
	at org.apache.maven.surefire.booter.ForkedBooter.runSuitesInProcess(ForkedBooter.java:155)
	at org.apache.maven.surefire.booter.ForkedBooter.main(ForkedBooter.java:103)
2018-08-30 17:03:15,138 WARN  DBZ Skipping invalid database history record '{
  "position" : {
    "filename" : "my-txn-file.log",
    "position" : 39
  },
  "databaseName" : "db1",
  "ddl" : "DROP TABLE foo;"
}'. This is often not an issue, but if it happens repeatedly please check the 'schema-changes-topic' topic. (io.debezium.relational.history.KafkaDatabaseHistory)
2018-08-30 17:03:15,138 WARN  DBZ Skipping invalid database history record '{
  "source" : {
    "server" : "my-server"
  },
  "databaseName" : "db1",
  "ddl" : "DROP TABLE foo;"
}'. This is often not an issue, but if it happens repeatedly please check the 'schema-changes-topic' topic. (io.debezium.relational.history.KafkaDatabaseHistory)
2018-08-30 17:03:15,138 ERROR DBZ Error while deserializing history record 'ConsumerRecord(topic = schema-changes-topic, partition = 0, offset = 4, CreateTime = 1535641394455, serialized key size = -1, serialized value size = 133, headers = RecordHeaders(headers = [], isReadOnly = false), key = null, value = {"source":{"server":"my-server"},"position":{"filename":"my-txn-file.log","position":39},"databaseName":"db1","ddl":"DROP TABLE foo;")' (io.debezium.relational.history.KafkaDatabaseHistory)
com.fasterxml.jackson.core.io.JsonEOFException: Unexpected end-of-input: expected close marker for Object (start marker at [Source: (String)"{"source":{"server":"my-server"},"position":{"filename":"my-txn-file.log","position":39},"databaseName":"db1","ddl":"DROP TABLE foo;""; line: 1, column: 1])
 at [Source: (String)"{"source":{"server":"my-server"},"position":{"filename":"my-txn-file.log","position":39},"databaseName":"db1","ddl":"DROP TABLE foo;""; line: 1, column: 267]
	at com.fasterxml.jackson.core.base.ParserMinimalBase._reportInvalidEOF(ParserMinimalBase.java:588)
	at com.fasterxml.jackson.core.base.ParserBase._handleEOF(ParserBase.java:483)
	at com.fasterxml.jackson.core.base.ParserBase._eofAsNextChar(ParserBase.java:495)
	at com.fasterxml.jackson.core.json.ReaderBasedJsonParser._skipWSOrEnd(ReaderBasedJsonParser.java:2332)
	at com.fasterxml.jackson.core.json.ReaderBasedJsonParser.nextToken(ReaderBasedJsonParser.java:646)
	at io.debezium.document.JacksonReader.parseDocument(JacksonReader.java:192)
	at io.debezium.document.JacksonReader.parse(JacksonReader.java:102)
	at io.debezium.document.JacksonReader.read(JacksonReader.java:57)
	at io.debezium.relational.history.KafkaDatabaseHistory.recoverRecords(KafkaDatabaseHistory.java:231)
	at io.debezium.relational.history.AbstractDatabaseHistory.recover(AbstractDatabaseHistory.java:63)
	at io.debezium.relational.history.KafkaDatabaseHistoryTest.testHistoryTopicContent(KafkaDatabaseHistoryTest.java:176)
	at io.debezium.relational.history.KafkaDatabaseHistoryTest.shouldIgnoreUnparseableMessages(KafkaDatabaseHistoryTest.java:232)
	at sun.reflect.NativeMethodAccessorImpl.invoke0(Native Method)
	at sun.reflect.NativeMethodAccessorImpl.invoke(NativeMethodAccessorImpl.java:62)
	at sun.reflect.DelegatingMethodAccessorImpl.invoke(DelegatingMethodAccessorImpl.java:43)
	at java.lang.reflect.Method.invoke(Method.java:498)
	at org.junit.runners.model.FrameworkMethod$1.runReflectiveCall(FrameworkMethod.java:50)
	at org.junit.internal.runners.model.ReflectiveCallable.run(ReflectiveCallable.java:12)
	at org.junit.runners.model.FrameworkMethod.invokeExplosively(FrameworkMethod.java:47)
	at org.junit.internal.runners.statements.InvokeMethod.evaluate(InvokeMethod.java:17)
	at org.junit.internal.runners.statements.RunBefores.evaluate(RunBefores.java:26)
	at org.junit.internal.runners.statements.RunAfters.evaluate(RunAfters.java:27)
	at org.junit.runners.ParentRunner.runLeaf(ParentRunner.java:325)
	at org.junit.runners.BlockJUnit4ClassRunner.runChild(BlockJUnit4ClassRunner.java:78)
	at org.junit.runners.BlockJUnit4ClassRunner.runChild(BlockJUnit4ClassRunner.java:57)
	at org.junit.runners.ParentRunner$3.run(ParentRunner.java:290)
	at org.junit.runners.ParentRunner$1.schedule(ParentRunner.java:71)
	at org.junit.runners.ParentRunner.runChildren(ParentRunner.java:288)
	at org.junit.runners.ParentRunner.access$000(ParentRunner.java:58)
	at org.junit.runners.ParentRunner$2.evaluate(ParentRunner.java:268)
	at org.junit.runners.ParentRunner.run(ParentRunner.java:363)
	at org.apache.maven.surefire.junit4.JUnit4Provider.execute(JUnit4Provider.java:283)
	at org.apache.maven.surefire.junit4.JUnit4Provider.executeWithRerun(JUnit4Provider.java:173)
	at org.apache.maven.surefire.junit4.JUnit4Provider.executeTestSet(JUnit4Provider.java:153)
	at org.apache.maven.surefire.junit4.JUnit4Provider.invoke(JUnit4Provider.java:128)
	at org.apache.maven.surefire.booter.ForkedBooter.invokeProviderInSameClassLoader(ForkedBooter.java:203)
	at org.apache.maven.surefire.booter.ForkedBooter.runSuitesInProcess(ForkedBooter.java:155)
	at org.apache.maven.surefire.booter.ForkedBooter.main(ForkedBooter.java:103)
2018-08-30 17:03:15,139 ERROR DBZ Error while deserializing history record 'ConsumerRecord(topic = schema-changes-topic, partition = 0, offset = 5, CreateTime = 1535641394458, serialized key size = -1, serialized value size = 133, headers = RecordHeaders(headers = [], isReadOnly = false), key = null, value = "source":{"server":"my-server"},"position":{"filename":"my-txn-file.log","position":39},"databaseName":"db1","ddl":"DROP TABLE foo;"})' (io.debezium.relational.history.KafkaDatabaseHistory)
java.io.IOException: Expected data to start with an Object, but was VALUE_STRING
	at io.debezium.document.JacksonReader.parseDocument(JacksonReader.java:116)
	at io.debezium.document.JacksonReader.parse(JacksonReader.java:102)
	at io.debezium.document.JacksonReader.read(JacksonReader.java:57)
	at io.debezium.relational.history.KafkaDatabaseHistory.recoverRecords(KafkaDatabaseHistory.java:231)
	at io.debezium.relational.history.AbstractDatabaseHistory.recover(AbstractDatabaseHistory.java:63)
	at io.debezium.relational.history.KafkaDatabaseHistoryTest.testHistoryTopicContent(KafkaDatabaseHistoryTest.java:176)
	at io.debezium.relational.history.KafkaDatabaseHistoryTest.shouldIgnoreUnparseableMessages(KafkaDatabaseHistoryTest.java:232)
	at sun.reflect.NativeMethodAccessorImpl.invoke0(Native Method)
	at sun.reflect.NativeMethodAccessorImpl.invoke(NativeMethodAccessorImpl.java:62)
	at sun.reflect.DelegatingMethodAccessorImpl.invoke(DelegatingMethodAccessorImpl.java:43)
	at java.lang.reflect.Method.invoke(Method.java:498)
	at org.junit.runners.model.FrameworkMethod$1.runReflectiveCall(FrameworkMethod.java:50)
	at org.junit.internal.runners.model.ReflectiveCallable.run(ReflectiveCallable.java:12)
	at org.junit.runners.model.FrameworkMethod.invokeExplosively(FrameworkMethod.java:47)
	at org.junit.internal.runners.statements.InvokeMethod.evaluate(InvokeMethod.java:17)
	at org.junit.internal.runners.statements.RunBefores.evaluate(RunBefores.java:26)
	at org.junit.internal.runners.statements.RunAfters.evaluate(RunAfters.java:27)
	at org.junit.runners.ParentRunner.runLeaf(ParentRunner.java:325)
	at org.junit.runners.BlockJUnit4ClassRunner.runChild(BlockJUnit4ClassRunner.java:78)
	at org.junit.runners.BlockJUnit4ClassRunner.runChild(BlockJUnit4ClassRunner.java:57)
	at org.junit.runners.ParentRunner$3.run(ParentRunner.java:290)
	at org.junit.runners.ParentRunner$1.schedule(ParentRunner.java:71)
	at org.junit.runners.ParentRunner.runChildren(ParentRunner.java:288)
	at org.junit.runners.ParentRunner.access$000(ParentRunner.java:58)
	at org.junit.runners.ParentRunner$2.evaluate(ParentRunner.java:268)
	at org.junit.runners.ParentRunner.run(ParentRunner.java:363)
	at org.apache.maven.surefire.junit4.JUnit4Provider.execute(JUnit4Provider.java:283)
	at org.apache.maven.surefire.junit4.JUnit4Provider.executeWithRerun(JUnit4Provider.java:173)
	at org.apache.maven.surefire.junit4.JUnit4Provider.executeTestSet(JUnit4Provider.java:153)
	at org.apache.maven.surefire.junit4.JUnit4Provider.invoke(JUnit4Provider.java:128)
	at org.apache.maven.surefire.booter.ForkedBooter.invokeProviderInSameClassLoader(ForkedBooter.java:203)
	at org.apache.maven.surefire.booter.ForkedBooter.runSuitesInProcess(ForkedBooter.java:155)
	at org.apache.maven.surefire.booter.ForkedBooter.main(ForkedBooter.java:103)
2018-08-30 17:03:15,140 WARN  DBZ Ignoring unparseable statements 'xxxDROP TABLE foo;' stored in database history: {} (io.debezium.relational.history.KafkaDatabaseHistory)
io.debezium.text.ParsingException: Failed to parse statement 'xxxDROP TABLE foo;'
	at io.debezium.relational.ddl.DdlParser.parse(DdlParser.java:292)
	at io.debezium.relational.ddl.DdlParser.parse(DdlParser.java:267)
	at io.debezium.relational.history.AbstractDatabaseHistory.lambda$recover$1(AbstractDatabaseHistory.java:75)
	at io.debezium.relational.history.KafkaDatabaseHistory.recoverRecords(KafkaDatabaseHistory.java:238)
	at io.debezium.relational.history.AbstractDatabaseHistory.recover(AbstractDatabaseHistory.java:63)
	at io.debezium.relational.history.KafkaDatabaseHistoryTest.testHistoryTopicContent(KafkaDatabaseHistoryTest.java:176)
	at io.debezium.relational.history.KafkaDatabaseHistoryTest.shouldIgnoreUnparseableMessages(KafkaDatabaseHistoryTest.java:232)
	at sun.reflect.NativeMethodAccessorImpl.invoke0(Native Method)
	at sun.reflect.NativeMethodAccessorImpl.invoke(NativeMethodAccessorImpl.java:62)
	at sun.reflect.DelegatingMethodAccessorImpl.invoke(DelegatingMethodAccessorImpl.java:43)
	at java.lang.reflect.Method.invoke(Method.java:498)
	at org.junit.runners.model.FrameworkMethod$1.runReflectiveCall(FrameworkMethod.java:50)
	at org.junit.internal.runners.model.ReflectiveCallable.run(ReflectiveCallable.java:12)
	at org.junit.runners.model.FrameworkMethod.invokeExplosively(FrameworkMethod.java:47)
	at org.junit.internal.runners.statements.InvokeMethod.evaluate(InvokeMethod.java:17)
	at org.junit.internal.runners.statements.RunBefores.evaluate(RunBefores.java:26)
	at org.junit.internal.runners.statements.RunAfters.evaluate(RunAfters.java:27)
	at org.junit.runners.ParentRunner.runLeaf(ParentRunner.java:325)
	at org.junit.runners.BlockJUnit4ClassRunner.runChild(BlockJUnit4ClassRunner.java:78)
	at org.junit.runners.BlockJUnit4ClassRunner.runChild(BlockJUnit4ClassRunner.java:57)
	at org.junit.runners.ParentRunner$3.run(ParentRunner.java:290)
	at org.junit.runners.ParentRunner$1.schedule(ParentRunner.java:71)
	at org.junit.runners.ParentRunner.runChildren(ParentRunner.java:288)
	at org.junit.runners.ParentRunner.access$000(ParentRunner.java:58)
	at org.junit.runners.ParentRunner$2.evaluate(ParentRunner.java:268)
	at org.junit.runners.ParentRunner.run(ParentRunner.java:363)
	at org.apache.maven.surefire.junit4.JUnit4Provider.execute(JUnit4Provider.java:283)
	at org.apache.maven.surefire.junit4.JUnit4Provider.executeWithRerun(JUnit4Provider.java:173)
	at org.apache.maven.surefire.junit4.JUnit4Provider.executeTestSet(JUnit4Provider.java:153)
	at org.apache.maven.surefire.junit4.JUnit4Provider.invoke(JUnit4Provider.java:128)
	at org.apache.maven.surefire.booter.ForkedBooter.invokeProviderInSameClassLoader(ForkedBooter.java:203)
	at org.apache.maven.surefire.booter.ForkedBooter.runSuitesInProcess(ForkedBooter.java:155)
	at org.apache.maven.surefire.booter.ForkedBooter.main(ForkedBooter.java:103)
Caused by: io.debezium.text.ParsingException: Expecting token type 128 at line 1, column 1 but found 'xxxDROP':  ===>> xxxDROP TABLE foo;
	at io.debezium.text.TokenStream.consume(TokenStream.java:737)
	at io.debezium.relational.ddl.DdlParser.consumeStatement(DdlParser.java:568)
	at io.debezium.relational.ddl.DdlParser.parseUnknownStatement(DdlParser.java:376)
	at io.debezium.relational.ddl.DdlParserSql2003.parseNextStatement(DdlParserSql2003.java:120)
	at io.debezium.relational.ddl.DdlParser.parse(DdlParser.java:286)
	... 32 more
2018-08-30 17:03:15,197 WARN  DBZ Skipping null database history record. This is often not an issue, but if it happens repeatedly please check the 'schema-changes-topic' topic. (io.debezium.relational.history.KafkaDatabaseHistory)
2018-08-30 17:03:15,197 ERROR DBZ Error while deserializing history record 'ConsumerRecord(topic = schema-changes-topic, partition = 0, offset = 1, CreateTime = 1535641394444, serialized key size = -1, serialized value size = 0, headers = RecordHeaders(headers = [], isReadOnly = false), key = null, value = )' (io.debezium.relational.history.KafkaDatabaseHistory)
java.io.IOException: Expected data to start with an Object, but was null
	at io.debezium.document.JacksonReader.parseDocument(JacksonReader.java:116)
	at io.debezium.document.JacksonReader.parse(JacksonReader.java:102)
	at io.debezium.document.JacksonReader.read(JacksonReader.java:57)
	at io.debezium.relational.history.KafkaDatabaseHistory.recoverRecords(KafkaDatabaseHistory.java:231)
	at io.debezium.relational.history.AbstractDatabaseHistory.recover(AbstractDatabaseHistory.java:63)
	at io.debezium.relational.history.KafkaDatabaseHistoryTest.testHistoryTopicContent(KafkaDatabaseHistoryTest.java:182)
	at io.debezium.relational.history.KafkaDatabaseHistoryTest.shouldIgnoreUnparseableMessages(KafkaDatabaseHistoryTest.java:232)
	at sun.reflect.NativeMethodAccessorImpl.invoke0(Native Method)
	at sun.reflect.NativeMethodAccessorImpl.invoke(NativeMethodAccessorImpl.java:62)
	at sun.reflect.DelegatingMethodAccessorImpl.invoke(DelegatingMethodAccessorImpl.java:43)
	at java.lang.reflect.Method.invoke(Method.java:498)
	at org.junit.runners.model.FrameworkMethod$1.runReflectiveCall(FrameworkMethod.java:50)
	at org.junit.internal.runners.model.ReflectiveCallable.run(ReflectiveCallable.java:12)
	at org.junit.runners.model.FrameworkMethod.invokeExplosively(FrameworkMethod.java:47)
	at org.junit.internal.runners.statements.InvokeMethod.evaluate(InvokeMethod.java:17)
	at org.junit.internal.runners.statements.RunBefores.evaluate(RunBefores.java:26)
	at org.junit.internal.runners.statements.RunAfters.evaluate(RunAfters.java:27)
	at org.junit.runners.ParentRunner.runLeaf(ParentRunner.java:325)
	at org.junit.runners.BlockJUnit4ClassRunner.runChild(BlockJUnit4ClassRunner.java:78)
	at org.junit.runners.BlockJUnit4ClassRunner.runChild(BlockJUnit4ClassRunner.java:57)
	at org.junit.runners.ParentRunner$3.run(ParentRunner.java:290)
	at org.junit.runners.ParentRunner$1.schedule(ParentRunner.java:71)
	at org.junit.runners.ParentRunner.runChildren(ParentRunner.java:288)
	at org.junit.runners.ParentRunner.access$000(ParentRunner.java:58)
	at org.junit.runners.ParentRunner$2.evaluate(ParentRunner.java:268)
	at org.junit.runners.ParentRunner.run(ParentRunner.java:363)
	at org.apache.maven.surefire.junit4.JUnit4Provider.execute(JUnit4Provider.java:283)
	at org.apache.maven.surefire.junit4.JUnit4Provider.executeWithRerun(JUnit4Provider.java:173)
	at org.apache.maven.surefire.junit4.JUnit4Provider.executeTestSet(JUnit4Provider.java:153)
	at org.apache.maven.surefire.junit4.JUnit4Provider.invoke(JUnit4Provider.java:128)
	at org.apache.maven.surefire.booter.ForkedBooter.invokeProviderInSameClassLoader(ForkedBooter.java:203)
	at org.apache.maven.surefire.booter.ForkedBooter.runSuitesInProcess(ForkedBooter.java:155)
	at org.apache.maven.surefire.booter.ForkedBooter.main(ForkedBooter.java:103)
2018-08-30 17:03:15,199 WARN  DBZ Skipping invalid database history record '{
  "position" : {
    "filename" : "my-txn-file.log",
    "position" : 39
  },
  "databaseName" : "db1",
  "ddl" : "DROP TABLE foo;"
}'. This is often not an issue, but if it happens repeatedly please check the 'schema-changes-topic' topic. (io.debezium.relational.history.KafkaDatabaseHistory)
2018-08-30 17:03:15,200 WARN  DBZ Skipping invalid database history record '{
  "source" : {
    "server" : "my-server"
  },
  "databaseName" : "db1",
  "ddl" : "DROP TABLE foo;"
}'. This is often not an issue, but if it happens repeatedly please check the 'schema-changes-topic' topic. (io.debezium.relational.history.KafkaDatabaseHistory)
2018-08-30 17:03:15,200 ERROR DBZ Error while deserializing history record 'ConsumerRecord(topic = schema-changes-topic, partition = 0, offset = 4, CreateTime = 1535641394455, serialized key size = -1, serialized value size = 133, headers = RecordHeaders(headers = [], isReadOnly = false), key = null, value = {"source":{"server":"my-server"},"position":{"filename":"my-txn-file.log","position":39},"databaseName":"db1","ddl":"DROP TABLE foo;")' (io.debezium.relational.history.KafkaDatabaseHistory)
com.fasterxml.jackson.core.io.JsonEOFException: Unexpected end-of-input: expected close marker for Object (start marker at [Source: (String)"{"source":{"server":"my-server"},"position":{"filename":"my-txn-file.log","position":39},"databaseName":"db1","ddl":"DROP TABLE foo;""; line: 1, column: 1])
 at [Source: (String)"{"source":{"server":"my-server"},"position":{"filename":"my-txn-file.log","position":39},"databaseName":"db1","ddl":"DROP TABLE foo;""; line: 1, column: 267]
	at com.fasterxml.jackson.core.base.ParserMinimalBase._reportInvalidEOF(ParserMinimalBase.java:588)
	at com.fasterxml.jackson.core.base.ParserBase._handleEOF(ParserBase.java:483)
	at com.fasterxml.jackson.core.base.ParserBase._eofAsNextChar(ParserBase.java:495)
	at com.fasterxml.jackson.core.json.ReaderBasedJsonParser._skipWSOrEnd(ReaderBasedJsonParser.java:2332)
	at com.fasterxml.jackson.core.json.ReaderBasedJsonParser.nextToken(ReaderBasedJsonParser.java:646)
	at io.debezium.document.JacksonReader.parseDocument(JacksonReader.java:192)
	at io.debezium.document.JacksonReader.parse(JacksonReader.java:102)
	at io.debezium.document.JacksonReader.read(JacksonReader.java:57)
	at io.debezium.relational.history.KafkaDatabaseHistory.recoverRecords(KafkaDatabaseHistory.java:231)
	at io.debezium.relational.history.AbstractDatabaseHistory.recover(AbstractDatabaseHistory.java:63)
	at io.debezium.relational.history.KafkaDatabaseHistoryTest.testHistoryTopicContent(KafkaDatabaseHistoryTest.java:182)
	at io.debezium.relational.history.KafkaDatabaseHistoryTest.shouldIgnoreUnparseableMessages(KafkaDatabaseHistoryTest.java:232)
	at sun.reflect.NativeMethodAccessorImpl.invoke0(Native Method)
	at sun.reflect.NativeMethodAccessorImpl.invoke(NativeMethodAccessorImpl.java:62)
	at sun.reflect.DelegatingMethodAccessorImpl.invoke(DelegatingMethodAccessorImpl.java:43)
	at java.lang.reflect.Method.invoke(Method.java:498)
	at org.junit.runners.model.FrameworkMethod$1.runReflectiveCall(FrameworkMethod.java:50)
	at org.junit.internal.runners.model.ReflectiveCallable.run(ReflectiveCallable.java:12)
	at org.junit.runners.model.FrameworkMethod.invokeExplosively(FrameworkMethod.java:47)
	at org.junit.internal.runners.statements.InvokeMethod.evaluate(InvokeMethod.java:17)
	at org.junit.internal.runners.statements.RunBefores.evaluate(RunBefores.java:26)
	at org.junit.internal.runners.statements.RunAfters.evaluate(RunAfters.java:27)
	at org.junit.runners.ParentRunner.runLeaf(ParentRunner.java:325)
	at org.junit.runners.BlockJUnit4ClassRunner.runChild(BlockJUnit4ClassRunner.java:78)
	at org.junit.runners.BlockJUnit4ClassRunner.runChild(BlockJUnit4ClassRunner.java:57)
	at org.junit.runners.ParentRunner$3.run(ParentRunner.java:290)
	at org.junit.runners.ParentRunner$1.schedule(ParentRunner.java:71)
	at org.junit.runners.ParentRunner.runChildren(ParentRunner.java:288)
	at org.junit.runners.ParentRunner.access$000(ParentRunner.java:58)
	at org.junit.runners.ParentRunner$2.evaluate(ParentRunner.java:268)
	at org.junit.runners.ParentRunner.run(ParentRunner.java:363)
	at org.apache.maven.surefire.junit4.JUnit4Provider.execute(JUnit4Provider.java:283)
	at org.apache.maven.surefire.junit4.JUnit4Provider.executeWithRerun(JUnit4Provider.java:173)
	at org.apache.maven.surefire.junit4.JUnit4Provider.executeTestSet(JUnit4Provider.java:153)
	at org.apache.maven.surefire.junit4.JUnit4Provider.invoke(JUnit4Provider.java:128)
	at org.apache.maven.surefire.booter.ForkedBooter.invokeProviderInSameClassLoader(ForkedBooter.java:203)
	at org.apache.maven.surefire.booter.ForkedBooter.runSuitesInProcess(ForkedBooter.java:155)
	at org.apache.maven.surefire.booter.ForkedBooter.main(ForkedBooter.java:103)
2018-08-30 17:03:15,207 ERROR DBZ Error while deserializing history record 'ConsumerRecord(topic = schema-changes-topic, partition = 0, offset = 5, CreateTime = 1535641394458, serialized key size = -1, serialized value size = 133, headers = RecordHeaders(headers = [], isReadOnly = false), key = null, value = "source":{"server":"my-server"},"position":{"filename":"my-txn-file.log","position":39},"databaseName":"db1","ddl":"DROP TABLE foo;"})' (io.debezium.relational.history.KafkaDatabaseHistory)
java.io.IOException: Expected data to start with an Object, but was VALUE_STRING
	at io.debezium.document.JacksonReader.parseDocument(JacksonReader.java:116)
	at io.debezium.document.JacksonReader.parse(JacksonReader.java:102)
	at io.debezium.document.JacksonReader.read(JacksonReader.java:57)
	at io.debezium.relational.history.KafkaDatabaseHistory.recoverRecords(KafkaDatabaseHistory.java:231)
	at io.debezium.relational.history.AbstractDatabaseHistory.recover(AbstractDatabaseHistory.java:63)
	at io.debezium.relational.history.KafkaDatabaseHistoryTest.testHistoryTopicContent(KafkaDatabaseHistoryTest.java:182)
	at io.debezium.relational.history.KafkaDatabaseHistoryTest.shouldIgnoreUnparseableMessages(KafkaDatabaseHistoryTest.java:232)
	at sun.reflect.NativeMethodAccessorImpl.invoke0(Native Method)
	at sun.reflect.NativeMethodAccessorImpl.invoke(NativeMethodAccessorImpl.java:62)
	at sun.reflect.DelegatingMethodAccessorImpl.invoke(DelegatingMethodAccessorImpl.java:43)
	at java.lang.reflect.Method.invoke(Method.java:498)
	at org.junit.runners.model.FrameworkMethod$1.runReflectiveCall(FrameworkMethod.java:50)
	at org.junit.internal.runners.model.ReflectiveCallable.run(ReflectiveCallable.java:12)
	at org.junit.runners.model.FrameworkMethod.invokeExplosively(FrameworkMethod.java:47)
	at org.junit.internal.runners.statements.InvokeMethod.evaluate(InvokeMethod.java:17)
	at org.junit.internal.runners.statements.RunBefores.evaluate(RunBefores.java:26)
	at org.junit.internal.runners.statements.RunAfters.evaluate(RunAfters.java:27)
	at org.junit.runners.ParentRunner.runLeaf(ParentRunner.java:325)
	at org.junit.runners.BlockJUnit4ClassRunner.runChild(BlockJUnit4ClassRunner.java:78)
	at org.junit.runners.BlockJUnit4ClassRunner.runChild(BlockJUnit4ClassRunner.java:57)
	at org.junit.runners.ParentRunner$3.run(ParentRunner.java:290)
	at org.junit.runners.ParentRunner$1.schedule(ParentRunner.java:71)
	at org.junit.runners.ParentRunner.runChildren(ParentRunner.java:288)
	at org.junit.runners.ParentRunner.access$000(ParentRunner.java:58)
	at org.junit.runners.ParentRunner$2.evaluate(ParentRunner.java:268)
	at org.junit.runners.ParentRunner.run(ParentRunner.java:363)
	at org.apache.maven.surefire.junit4.JUnit4Provider.execute(JUnit4Provider.java:283)
	at org.apache.maven.surefire.junit4.JUnit4Provider.executeWithRerun(JUnit4Provider.java:173)
	at org.apache.maven.surefire.junit4.JUnit4Provider.executeTestSet(JUnit4Provider.java:153)
	at org.apache.maven.surefire.junit4.JUnit4Provider.invoke(JUnit4Provider.java:128)
	at org.apache.maven.surefire.booter.ForkedBooter.invokeProviderInSameClassLoader(ForkedBooter.java:203)
	at org.apache.maven.surefire.booter.ForkedBooter.runSuitesInProcess(ForkedBooter.java:155)
	at org.apache.maven.surefire.booter.ForkedBooter.main(ForkedBooter.java:103)
2018-08-30 17:03:15,217 WARN  DBZ Ignoring unparseable statements 'xxxDROP TABLE foo;' stored in database history: {} (io.debezium.relational.history.KafkaDatabaseHistory)
io.debezium.text.ParsingException: Failed to parse statement 'xxxDROP TABLE foo;'
	at io.debezium.relational.ddl.DdlParser.parse(DdlParser.java:292)
	at io.debezium.relational.ddl.DdlParser.parse(DdlParser.java:267)
	at io.debezium.relational.history.AbstractDatabaseHistory.lambda$recover$1(AbstractDatabaseHistory.java:75)
	at io.debezium.relational.history.KafkaDatabaseHistory.recoverRecords(KafkaDatabaseHistory.java:238)
	at io.debezium.relational.history.AbstractDatabaseHistory.recover(AbstractDatabaseHistory.java:63)
	at io.debezium.relational.history.KafkaDatabaseHistoryTest.testHistoryTopicContent(KafkaDatabaseHistoryTest.java:182)
	at io.debezium.relational.history.KafkaDatabaseHistoryTest.shouldIgnoreUnparseableMessages(KafkaDatabaseHistoryTest.java:232)
	at sun.reflect.NativeMethodAccessorImpl.invoke0(Native Method)
	at sun.reflect.NativeMethodAccessorImpl.invoke(NativeMethodAccessorImpl.java:62)
	at sun.reflect.DelegatingMethodAccessorImpl.invoke(DelegatingMethodAccessorImpl.java:43)
	at java.lang.reflect.Method.invoke(Method.java:498)
	at org.junit.runners.model.FrameworkMethod$1.runReflectiveCall(FrameworkMethod.java:50)
	at org.junit.internal.runners.model.ReflectiveCallable.run(ReflectiveCallable.java:12)
	at org.junit.runners.model.FrameworkMethod.invokeExplosively(FrameworkMethod.java:47)
	at org.junit.internal.runners.statements.InvokeMethod.evaluate(InvokeMethod.java:17)
	at org.junit.internal.runners.statements.RunBefores.evaluate(RunBefores.java:26)
	at org.junit.internal.runners.statements.RunAfters.evaluate(RunAfters.java:27)
	at org.junit.runners.ParentRunner.runLeaf(ParentRunner.java:325)
	at org.junit.runners.BlockJUnit4ClassRunner.runChild(BlockJUnit4ClassRunner.java:78)
	at org.junit.runners.BlockJUnit4ClassRunner.runChild(BlockJUnit4ClassRunner.java:57)
	at org.junit.runners.ParentRunner$3.run(ParentRunner.java:290)
	at org.junit.runners.ParentRunner$1.schedule(ParentRunner.java:71)
	at org.junit.runners.ParentRunner.runChildren(ParentRunner.java:288)
	at org.junit.runners.ParentRunner.access$000(ParentRunner.java:58)
	at org.junit.runners.ParentRunner$2.evaluate(ParentRunner.java:268)
	at org.junit.runners.ParentRunner.run(ParentRunner.java:363)
	at org.apache.maven.surefire.junit4.JUnit4Provider.execute(JUnit4Provider.java:283)
	at org.apache.maven.surefire.junit4.JUnit4Provider.executeWithRerun(JUnit4Provider.java:173)
	at org.apache.maven.surefire.junit4.JUnit4Provider.executeTestSet(JUnit4Provider.java:153)
	at org.apache.maven.surefire.junit4.JUnit4Provider.invoke(JUnit4Provider.java:128)
	at org.apache.maven.surefire.booter.ForkedBooter.invokeProviderInSameClassLoader(ForkedBooter.java:203)
	at org.apache.maven.surefire.booter.ForkedBooter.runSuitesInProcess(ForkedBooter.java:155)
	at org.apache.maven.surefire.booter.ForkedBooter.main(ForkedBooter.java:103)
Caused by: io.debezium.text.ParsingException: Expecting token type 128 at line 1, column 1 but found 'xxxDROP':  ===>> xxxDROP TABLE foo;
	at io.debezium.text.TokenStream.consume(TokenStream.java:737)
	at io.debezium.relational.ddl.DdlParser.consumeStatement(DdlParser.java:568)
	at io.debezium.relational.ddl.DdlParser.parseUnknownStatement(DdlParser.java:376)
	at io.debezium.relational.ddl.DdlParserSql2003.parseNextStatement(DdlParserSql2003.java:120)
	at io.debezium.relational.ddl.DdlParser.parse(DdlParser.java:286)
	... 32 more
2018-08-30 17:03:15,276 WARN  DBZ Skipping null database history record. This is often not an issue, but if it happens repeatedly please check the 'schema-changes-topic' topic. (io.debezium.relational.history.KafkaDatabaseHistory)
2018-08-30 17:03:15,276 ERROR DBZ Error while deserializing history record 'ConsumerRecord(topic = schema-changes-topic, partition = 0, offset = 1, CreateTime = 1535641394444, serialized key size = -1, serialized value size = 0, headers = RecordHeaders(headers = [], isReadOnly = false), key = null, value = )' (io.debezium.relational.history.KafkaDatabaseHistory)
java.io.IOException: Expected data to start with an Object, but was null
	at io.debezium.document.JacksonReader.parseDocument(JacksonReader.java:116)
	at io.debezium.document.JacksonReader.parse(JacksonReader.java:102)
	at io.debezium.document.JacksonReader.read(JacksonReader.java:57)
	at io.debezium.relational.history.KafkaDatabaseHistory.recoverRecords(KafkaDatabaseHistory.java:231)
	at io.debezium.relational.history.AbstractDatabaseHistory.recover(AbstractDatabaseHistory.java:63)
	at io.debezium.relational.history.KafkaDatabaseHistoryTest.testHistoryTopicContent(KafkaDatabaseHistoryTest.java:188)
	at io.debezium.relational.history.KafkaDatabaseHistoryTest.shouldIgnoreUnparseableMessages(KafkaDatabaseHistoryTest.java:232)
	at sun.reflect.NativeMethodAccessorImpl.invoke0(Native Method)
	at sun.reflect.NativeMethodAccessorImpl.invoke(NativeMethodAccessorImpl.java:62)
	at sun.reflect.DelegatingMethodAccessorImpl.invoke(DelegatingMethodAccessorImpl.java:43)
	at java.lang.reflect.Method.invoke(Method.java:498)
	at org.junit.runners.model.FrameworkMethod$1.runReflectiveCall(FrameworkMethod.java:50)
	at org.junit.internal.runners.model.ReflectiveCallable.run(ReflectiveCallable.java:12)
	at org.junit.runners.model.FrameworkMethod.invokeExplosively(FrameworkMethod.java:47)
	at org.junit.internal.runners.statements.InvokeMethod.evaluate(InvokeMethod.java:17)
	at org.junit.internal.runners.statements.RunBefores.evaluate(RunBefores.java:26)
	at org.junit.internal.runners.statements.RunAfters.evaluate(RunAfters.java:27)
	at org.junit.runners.ParentRunner.runLeaf(ParentRunner.java:325)
	at org.junit.runners.BlockJUnit4ClassRunner.runChild(BlockJUnit4ClassRunner.java:78)
	at org.junit.runners.BlockJUnit4ClassRunner.runChild(BlockJUnit4ClassRunner.java:57)
	at org.junit.runners.ParentRunner$3.run(ParentRunner.java:290)
	at org.junit.runners.ParentRunner$1.schedule(ParentRunner.java:71)
	at org.junit.runners.ParentRunner.runChildren(ParentRunner.java:288)
	at org.junit.runners.ParentRunner.access$000(ParentRunner.java:58)
	at org.junit.runners.ParentRunner$2.evaluate(ParentRunner.java:268)
	at org.junit.runners.ParentRunner.run(ParentRunner.java:363)
	at org.apache.maven.surefire.junit4.JUnit4Provider.execute(JUnit4Provider.java:283)
	at org.apache.maven.surefire.junit4.JUnit4Provider.executeWithRerun(JUnit4Provider.java:173)
	at org.apache.maven.surefire.junit4.JUnit4Provider.executeTestSet(JUnit4Provider.java:153)
	at org.apache.maven.surefire.junit4.JUnit4Provider.invoke(JUnit4Provider.java:128)
	at org.apache.maven.surefire.booter.ForkedBooter.invokeProviderInSameClassLoader(ForkedBooter.java:203)
	at org.apache.maven.surefire.booter.ForkedBooter.runSuitesInProcess(ForkedBooter.java:155)
	at org.apache.maven.surefire.booter.ForkedBooter.main(ForkedBooter.java:103)
2018-08-30 17:03:15,278 WARN  DBZ Skipping invalid database history record '{
  "position" : {
    "filename" : "my-txn-file.log",
    "position" : 39
  },
  "databaseName" : "db1",
  "ddl" : "DROP TABLE foo;"
}'. This is often not an issue, but if it happens repeatedly please check the 'schema-changes-topic' topic. (io.debezium.relational.history.KafkaDatabaseHistory)
2018-08-30 17:03:15,278 WARN  DBZ Skipping invalid database history record '{
  "source" : {
    "server" : "my-server"
  },
  "databaseName" : "db1",
  "ddl" : "DROP TABLE foo;"
}'. This is often not an issue, but if it happens repeatedly please check the 'schema-changes-topic' topic. (io.debezium.relational.history.KafkaDatabaseHistory)
2018-08-30 17:03:15,279 ERROR DBZ Error while deserializing history record 'ConsumerRecord(topic = schema-changes-topic, partition = 0, offset = 4, CreateTime = 1535641394455, serialized key size = -1, serialized value size = 133, headers = RecordHeaders(headers = [], isReadOnly = false), key = null, value = {"source":{"server":"my-server"},"position":{"filename":"my-txn-file.log","position":39},"databaseName":"db1","ddl":"DROP TABLE foo;")' (io.debezium.relational.history.KafkaDatabaseHistory)
com.fasterxml.jackson.core.io.JsonEOFException: Unexpected end-of-input: expected close marker for Object (start marker at [Source: (String)"{"source":{"server":"my-server"},"position":{"filename":"my-txn-file.log","position":39},"databaseName":"db1","ddl":"DROP TABLE foo;""; line: 1, column: 1])
 at [Source: (String)"{"source":{"server":"my-server"},"position":{"filename":"my-txn-file.log","position":39},"databaseName":"db1","ddl":"DROP TABLE foo;""; line: 1, column: 267]
	at com.fasterxml.jackson.core.base.ParserMinimalBase._reportInvalidEOF(ParserMinimalBase.java:588)
	at com.fasterxml.jackson.core.base.ParserBase._handleEOF(ParserBase.java:483)
	at com.fasterxml.jackson.core.base.ParserBase._eofAsNextChar(ParserBase.java:495)
	at com.fasterxml.jackson.core.json.ReaderBasedJsonParser._skipWSOrEnd(ReaderBasedJsonParser.java:2332)
	at com.fasterxml.jackson.core.json.ReaderBasedJsonParser.nextToken(ReaderBasedJsonParser.java:646)
	at io.debezium.document.JacksonReader.parseDocument(JacksonReader.java:192)
	at io.debezium.document.JacksonReader.parse(JacksonReader.java:102)
	at io.debezium.document.JacksonReader.read(JacksonReader.java:57)
	at io.debezium.relational.history.KafkaDatabaseHistory.recoverRecords(KafkaDatabaseHistory.java:231)
	at io.debezium.relational.history.AbstractDatabaseHistory.recover(AbstractDatabaseHistory.java:63)
	at io.debezium.relational.history.KafkaDatabaseHistoryTest.testHistoryTopicContent(KafkaDatabaseHistoryTest.java:188)
	at io.debezium.relational.history.KafkaDatabaseHistoryTest.shouldIgnoreUnparseableMessages(KafkaDatabaseHistoryTest.java:232)
	at sun.reflect.NativeMethodAccessorImpl.invoke0(Native Method)
	at sun.reflect.NativeMethodAccessorImpl.invoke(NativeMethodAccessorImpl.java:62)
	at sun.reflect.DelegatingMethodAccessorImpl.invoke(DelegatingMethodAccessorImpl.java:43)
	at java.lang.reflect.Method.invoke(Method.java:498)
	at org.junit.runners.model.FrameworkMethod$1.runReflectiveCall(FrameworkMethod.java:50)
	at org.junit.internal.runners.model.ReflectiveCallable.run(ReflectiveCallable.java:12)
	at org.junit.runners.model.FrameworkMethod.invokeExplosively(FrameworkMethod.java:47)
	at org.junit.internal.runners.statements.InvokeMethod.evaluate(InvokeMethod.java:17)
	at org.junit.internal.runners.statements.RunBefores.evaluate(RunBefores.java:26)
	at org.junit.internal.runners.statements.RunAfters.evaluate(RunAfters.java:27)
	at org.junit.runners.ParentRunner.runLeaf(ParentRunner.java:325)
	at org.junit.runners.BlockJUnit4ClassRunner.runChild(BlockJUnit4ClassRunner.java:78)
	at org.junit.runners.BlockJUnit4ClassRunner.runChild(BlockJUnit4ClassRunner.java:57)
	at org.junit.runners.ParentRunner$3.run(ParentRunner.java:290)
	at org.junit.runners.ParentRunner$1.schedule(ParentRunner.java:71)
	at org.junit.runners.ParentRunner.runChildren(ParentRunner.java:288)
	at org.junit.runners.ParentRunner.access$000(ParentRunner.java:58)
	at org.junit.runners.ParentRunner$2.evaluate(ParentRunner.java:268)
	at org.junit.runners.ParentRunner.run(ParentRunner.java:363)
	at org.apache.maven.surefire.junit4.JUnit4Provider.execute(JUnit4Provider.java:283)
	at org.apache.maven.surefire.junit4.JUnit4Provider.executeWithRerun(JUnit4Provider.java:173)
	at org.apache.maven.surefire.junit4.JUnit4Provider.executeTestSet(JUnit4Provider.java:153)
	at org.apache.maven.surefire.junit4.JUnit4Provider.invoke(JUnit4Provider.java:128)
	at org.apache.maven.surefire.booter.ForkedBooter.invokeProviderInSameClassLoader(ForkedBooter.java:203)
	at org.apache.maven.surefire.booter.ForkedBooter.runSuitesInProcess(ForkedBooter.java:155)
	at org.apache.maven.surefire.booter.ForkedBooter.main(ForkedBooter.java:103)
2018-08-30 17:03:15,281 ERROR DBZ Error while deserializing history record 'ConsumerRecord(topic = schema-changes-topic, partition = 0, offset = 5, CreateTime = 1535641394458, serialized key size = -1, serialized value size = 133, headers = RecordHeaders(headers = [], isReadOnly = false), key = null, value = "source":{"server":"my-server"},"position":{"filename":"my-txn-file.log","position":39},"databaseName":"db1","ddl":"DROP TABLE foo;"})' (io.debezium.relational.history.KafkaDatabaseHistory)
java.io.IOException: Expected data to start with an Object, but was VALUE_STRING
	at io.debezium.document.JacksonReader.parseDocument(JacksonReader.java:116)
	at io.debezium.document.JacksonReader.parse(JacksonReader.java:102)
	at io.debezium.document.JacksonReader.read(JacksonReader.java:57)
	at io.debezium.relational.history.KafkaDatabaseHistory.recoverRecords(KafkaDatabaseHistory.java:231)
	at io.debezium.relational.history.AbstractDatabaseHistory.recover(AbstractDatabaseHistory.java:63)
	at io.debezium.relational.history.KafkaDatabaseHistoryTest.testHistoryTopicContent(KafkaDatabaseHistoryTest.java:188)
	at io.debezium.relational.history.KafkaDatabaseHistoryTest.shouldIgnoreUnparseableMessages(KafkaDatabaseHistoryTest.java:232)
	at sun.reflect.NativeMethodAccessorImpl.invoke0(Native Method)
	at sun.reflect.NativeMethodAccessorImpl.invoke(NativeMethodAccessorImpl.java:62)
	at sun.reflect.DelegatingMethodAccessorImpl.invoke(DelegatingMethodAccessorImpl.java:43)
	at java.lang.reflect.Method.invoke(Method.java:498)
	at org.junit.runners.model.FrameworkMethod$1.runReflectiveCall(FrameworkMethod.java:50)
	at org.junit.internal.runners.model.ReflectiveCallable.run(ReflectiveCallable.java:12)
	at org.junit.runners.model.FrameworkMethod.invokeExplosively(FrameworkMethod.java:47)
	at org.junit.internal.runners.statements.InvokeMethod.evaluate(InvokeMethod.java:17)
	at org.junit.internal.runners.statements.RunBefores.evaluate(RunBefores.java:26)
	at org.junit.internal.runners.statements.RunAfters.evaluate(RunAfters.java:27)
	at org.junit.runners.ParentRunner.runLeaf(ParentRunner.java:325)
	at org.junit.runners.BlockJUnit4ClassRunner.runChild(BlockJUnit4ClassRunner.java:78)
	at org.junit.runners.BlockJUnit4ClassRunner.runChild(BlockJUnit4ClassRunner.java:57)
	at org.junit.runners.ParentRunner$3.run(ParentRunner.java:290)
	at org.junit.runners.ParentRunner$1.schedule(ParentRunner.java:71)
	at org.junit.runners.ParentRunner.runChildren(ParentRunner.java:288)
	at org.junit.runners.ParentRunner.access$000(ParentRunner.java:58)
	at org.junit.runners.ParentRunner$2.evaluate(ParentRunner.java:268)
	at org.junit.runners.ParentRunner.run(ParentRunner.java:363)
	at org.apache.maven.surefire.junit4.JUnit4Provider.execute(JUnit4Provider.java:283)
	at org.apache.maven.surefire.junit4.JUnit4Provider.executeWithRerun(JUnit4Provider.java:173)
	at org.apache.maven.surefire.junit4.JUnit4Provider.executeTestSet(JUnit4Provider.java:153)
	at org.apache.maven.surefire.junit4.JUnit4Provider.invoke(JUnit4Provider.java:128)
	at org.apache.maven.surefire.booter.ForkedBooter.invokeProviderInSameClassLoader(ForkedBooter.java:203)
	at org.apache.maven.surefire.booter.ForkedBooter.runSuitesInProcess(ForkedBooter.java:155)
	at org.apache.maven.surefire.booter.ForkedBooter.main(ForkedBooter.java:103)
2018-08-30 17:03:15,281 WARN  DBZ Ignoring unparseable statements 'xxxDROP TABLE foo;' stored in database history: {} (io.debezium.relational.history.KafkaDatabaseHistory)
io.debezium.text.ParsingException: Failed to parse statement 'xxxDROP TABLE foo;'
	at io.debezium.relational.ddl.DdlParser.parse(DdlParser.java:292)
	at io.debezium.relational.ddl.DdlParser.parse(DdlParser.java:267)
	at io.debezium.relational.history.AbstractDatabaseHistory.lambda$recover$1(AbstractDatabaseHistory.java:75)
	at io.debezium.relational.history.KafkaDatabaseHistory.recoverRecords(KafkaDatabaseHistory.java:238)
	at io.debezium.relational.history.AbstractDatabaseHistory.recover(AbstractDatabaseHistory.java:63)
	at io.debezium.relational.history.KafkaDatabaseHistoryTest.testHistoryTopicContent(KafkaDatabaseHistoryTest.java:188)
	at io.debezium.relational.history.KafkaDatabaseHistoryTest.shouldIgnoreUnparseableMessages(KafkaDatabaseHistoryTest.java:232)
	at sun.reflect.NativeMethodAccessorImpl.invoke0(Native Method)
	at sun.reflect.NativeMethodAccessorImpl.invoke(NativeMethodAccessorImpl.java:62)
	at sun.reflect.DelegatingMethodAccessorImpl.invoke(DelegatingMethodAccessorImpl.java:43)
	at java.lang.reflect.Method.invoke(Method.java:498)
	at org.junit.runners.model.FrameworkMethod$1.runReflectiveCall(FrameworkMethod.java:50)
	at org.junit.internal.runners.model.ReflectiveCallable.run(ReflectiveCallable.java:12)
	at org.junit.runners.model.FrameworkMethod.invokeExplosively(FrameworkMethod.java:47)
	at org.junit.internal.runners.statements.InvokeMethod.evaluate(InvokeMethod.java:17)
	at org.junit.internal.runners.statements.RunBefores.evaluate(RunBefores.java:26)
	at org.junit.internal.runners.statements.RunAfters.evaluate(RunAfters.java:27)
	at org.junit.runners.ParentRunner.runLeaf(ParentRunner.java:325)
	at org.junit.runners.BlockJUnit4ClassRunner.runChild(BlockJUnit4ClassRunner.java:78)
	at org.junit.runners.BlockJUnit4ClassRunner.runChild(BlockJUnit4ClassRunner.java:57)
	at org.junit.runners.ParentRunner$3.run(ParentRunner.java:290)
	at org.junit.runners.ParentRunner$1.schedule(ParentRunner.java:71)
	at org.junit.runners.ParentRunner.runChildren(ParentRunner.java:288)
	at org.junit.runners.ParentRunner.access$000(ParentRunner.java:58)
	at org.junit.runners.ParentRunner$2.evaluate(ParentRunner.java:268)
	at org.junit.runners.ParentRunner.run(ParentRunner.java:363)
	at org.apache.maven.surefire.junit4.JUnit4Provider.execute(JUnit4Provider.java:283)
	at org.apache.maven.surefire.junit4.JUnit4Provider.executeWithRerun(JUnit4Provider.java:173)
	at org.apache.maven.surefire.junit4.JUnit4Provider.executeTestSet(JUnit4Provider.java:153)
	at org.apache.maven.surefire.junit4.JUnit4Provider.invoke(JUnit4Provider.java:128)
	at org.apache.maven.surefire.booter.ForkedBooter.invokeProviderInSameClassLoader(ForkedBooter.java:203)
	at org.apache.maven.surefire.booter.ForkedBooter.runSuitesInProcess(ForkedBooter.java:155)
	at org.apache.maven.surefire.booter.ForkedBooter.main(ForkedBooter.java:103)
Caused by: io.debezium.text.ParsingException: Expecting token type 128 at line 1, column 1 but found 'xxxDROP':  ===>> xxxDROP TABLE foo;
	at io.debezium.text.TokenStream.consume(TokenStream.java:737)
	at io.debezium.relational.ddl.DdlParser.consumeStatement(DdlParser.java:568)
	at io.debezium.relational.ddl.DdlParser.parseUnknownStatement(DdlParser.java:376)
	at io.debezium.relational.ddl.DdlParserSql2003.parseNextStatement(DdlParserSql2003.java:120)
	at io.debezium.relational.ddl.DdlParser.parse(DdlParser.java:286)
	... 32 more
2018-08-30 17:03:17,070 INFO  DBZ Stopped Kafka server 1 at localhost:45265 (io.debezium.kafka.KafkaServer)
2018-08-30 17:03:17,071 ERROR ZOO ZKShutdownHandler is not registered, so ZooKeeper server won't take any action on ERROR or SHUTDOWN server state changes
2018-08-30 17:03:17,082 ERROR ZOO ZKShutdownHandler is not registered, so ZooKeeper server won't take any action on ERROR or SHUTDOWN server state changes
2018-08-30 17:03:17,634 INFO  DBZ Started Kafka server 1 at localhost:40785 with storage in /root/workspace/debezium/debezium/355063779/debezium-core/target/data/history_cluster/kafka/broker1 (io.debezium.kafka.KafkaServer)
2018-08-30 17:03:17,636 INFO  DBZ KafkaDatabaseHistory Consumer config: {enable.auto.commit=false, value.deserializer=org.apache.kafka.common.serialization.StringDeserializer, group.id=my-db-history, auto.offset.reset=earliest, session.timeout.ms=50000, bootstrap.servers=localhost:40785, max.poll.interval.ms=100, client.id=my-db-history, key.deserializer=org.apache.kafka.common.serialization.StringDeserializer, fetch.min.bytes=1} (io.debezium.relational.history.KafkaDatabaseHistory)
2018-08-30 17:03:17,636 INFO  DBZ KafkaDatabaseHistory Producer config: {bootstrap.servers=localhost:40785, value.serializer=org.apache.kafka.common.serialization.StringSerializer, buffer.memory=1048576, retries=1, key.serializer=org.apache.kafka.common.serialization.StringSerializer, client.id=my-db-history, linger.ms=0, batch.size=32768, max.block.ms=10000, acks=1} (io.debezium.relational.history.KafkaDatabaseHistory)
2018-08-30 17:03:17,644 WARN  KAF Error registering AppInfo mbean
javax.management.InstanceAlreadyExistsException: kafka.admin.client:type=app-info,id=my-db-history
	at com.sun.jmx.mbeanserver.Repository.addMBean(Repository.java:437)
	at com.sun.jmx.interceptor.DefaultMBeanServerInterceptor.registerWithRepository(DefaultMBeanServerInterceptor.java:1898)
	at com.sun.jmx.interceptor.DefaultMBeanServerInterceptor.registerDynamicMBean(DefaultMBeanServerInterceptor.java:966)
	at com.sun.jmx.interceptor.DefaultMBeanServerInterceptor.registerObject(DefaultMBeanServerInterceptor.java:900)
	at com.sun.jmx.interceptor.DefaultMBeanServerInterceptor.registerMBean(DefaultMBeanServerInterceptor.java:324)
	at com.sun.jmx.mbeanserver.JmxMBeanServer.registerMBean(JmxMBeanServer.java:522)
	at org.apache.kafka.common.utils.AppInfoParser.registerAppInfo(AppInfoParser.java:62)
	at org.apache.kafka.clients.admin.KafkaAdminClient.<init>(KafkaAdminClient.java:378)
	at org.apache.kafka.clients.admin.KafkaAdminClient.createInternal(KafkaAdminClient.java:329)
	at org.apache.kafka.clients.admin.AdminClient.create(AdminClient.java:51)
	at io.debezium.relational.history.KafkaDatabaseHistory.initializeStorage(KafkaDatabaseHistory.java:335)
	at io.debezium.relational.history.KafkaDatabaseHistoryTest.testHistoryTopicContent(KafkaDatabaseHistoryTest.java:111)
	at io.debezium.relational.history.KafkaDatabaseHistoryTest.testExists(KafkaDatabaseHistoryTest.java:260)
	at sun.reflect.NativeMethodAccessorImpl.invoke0(Native Method)
	at sun.reflect.NativeMethodAccessorImpl.invoke(NativeMethodAccessorImpl.java:62)
	at sun.reflect.DelegatingMethodAccessorImpl.invoke(DelegatingMethodAccessorImpl.java:43)
	at java.lang.reflect.Method.invoke(Method.java:498)
	at org.junit.runners.model.FrameworkMethod$1.runReflectiveCall(FrameworkMethod.java:50)
	at org.junit.internal.runners.model.ReflectiveCallable.run(ReflectiveCallable.java:12)
	at org.junit.runners.model.FrameworkMethod.invokeExplosively(FrameworkMethod.java:47)
	at org.junit.internal.runners.statements.InvokeMethod.evaluate(InvokeMethod.java:17)
	at org.junit.internal.runners.statements.RunBefores.evaluate(RunBefores.java:26)
	at org.junit.internal.runners.statements.RunAfters.evaluate(RunAfters.java:27)
	at org.junit.runners.ParentRunner.runLeaf(ParentRunner.java:325)
	at org.junit.runners.BlockJUnit4ClassRunner.runChild(BlockJUnit4ClassRunner.java:78)
	at org.junit.runners.BlockJUnit4ClassRunner.runChild(BlockJUnit4ClassRunner.java:57)
	at org.junit.runners.ParentRunner$3.run(ParentRunner.java:290)
	at org.junit.runners.ParentRunner$1.schedule(ParentRunner.java:71)
	at org.junit.runners.ParentRunner.runChildren(ParentRunner.java:288)
	at org.junit.runners.ParentRunner.access$000(ParentRunner.java:58)
	at org.junit.runners.ParentRunner$2.evaluate(ParentRunner.java:268)
	at org.junit.runners.ParentRunner.run(ParentRunner.java:363)
	at org.apache.maven.surefire.junit4.JUnit4Provider.execute(JUnit4Provider.java:283)
	at org.apache.maven.surefire.junit4.JUnit4Provider.executeWithRerun(JUnit4Provider.java:173)
	at org.apache.maven.surefire.junit4.JUnit4Provider.executeTestSet(JUnit4Provider.java:153)
	at org.apache.maven.surefire.junit4.JUnit4Provider.invoke(JUnit4Provider.java:128)
	at org.apache.maven.surefire.booter.ForkedBooter.invokeProviderInSameClassLoader(ForkedBooter.java:203)
	at org.apache.maven.surefire.booter.ForkedBooter.runSuitesInProcess(ForkedBooter.java:155)
	at org.apache.maven.surefire.booter.ForkedBooter.main(ForkedBooter.java:103)
2018-08-30 17:03:17,644 WARN  KAF Error registering AppInfo mbean
javax.management.InstanceAlreadyExistsException: kafka.admin.client:type=app-info,id=my-db-history
	at com.sun.jmx.mbeanserver.Repository.addMBean(Repository.java:437)
	at com.sun.jmx.interceptor.DefaultMBeanServerInterceptor.registerWithRepository(DefaultMBeanServerInterceptor.java:1898)
	at com.sun.jmx.interceptor.DefaultMBeanServerInterceptor.registerDynamicMBean(DefaultMBeanServerInterceptor.java:966)
	at com.sun.jmx.interceptor.DefaultMBeanServerInterceptor.registerObject(DefaultMBeanServerInterceptor.java:900)
	at com.sun.jmx.interceptor.DefaultMBeanServerInterceptor.registerMBean(DefaultMBeanServerInterceptor.java:324)
	at com.sun.jmx.mbeanserver.JmxMBeanServer.registerMBean(JmxMBeanServer.java:522)
	at org.apache.kafka.common.utils.AppInfoParser.registerAppInfo(AppInfoParser.java:62)
	at org.apache.kafka.clients.admin.KafkaAdminClient.<init>(KafkaAdminClient.java:378)
	at org.apache.kafka.clients.admin.KafkaAdminClient.createInternal(KafkaAdminClient.java:329)
	at org.apache.kafka.clients.admin.AdminClient.create(AdminClient.java:51)
	at io.debezium.relational.history.KafkaDatabaseHistory.initializeStorage(KafkaDatabaseHistory.java:335)
	at io.debezium.relational.history.KafkaDatabaseHistoryTest.testHistoryTopicContent(KafkaDatabaseHistoryTest.java:111)
	at io.debezium.relational.history.KafkaDatabaseHistoryTest.testExists(KafkaDatabaseHistoryTest.java:260)
	at sun.reflect.NativeMethodAccessorImpl.invoke0(Native Method)
	at sun.reflect.NativeMethodAccessorImpl.invoke(NativeMethodAccessorImpl.java:62)
	at sun.reflect.DelegatingMethodAccessorImpl.invoke(DelegatingMethodAccessorImpl.java:43)
	at java.lang.reflect.Method.invoke(Method.java:498)
	at org.junit.runners.model.FrameworkMethod$1.runReflectiveCall(FrameworkMethod.java:50)
	at org.junit.internal.runners.model.ReflectiveCallable.run(ReflectiveCallable.java:12)
	at org.junit.runners.model.FrameworkMethod.invokeExplosively(FrameworkMethod.java:47)
	at org.junit.internal.runners.statements.InvokeMethod.evaluate(InvokeMethod.java:17)
	at org.junit.internal.runners.statements.RunBefores.evaluate(RunBefores.java:26)
	at org.junit.internal.runners.statements.RunAfters.evaluate(RunAfters.java:27)
	at org.junit.runners.ParentRunner.runLeaf(ParentRunner.java:325)
	at org.junit.runners.BlockJUnit4ClassRunner.runChild(BlockJUnit4ClassRunner.java:78)
	at org.junit.runners.BlockJUnit4ClassRunner.runChild(BlockJUnit4ClassRunner.java:57)
	at org.junit.runners.ParentRunner$3.run(ParentRunner.java:290)
	at org.junit.runners.ParentRunner$1.schedule(ParentRunner.java:71)
	at org.junit.runners.ParentRunner.runChildren(ParentRunner.java:288)
	at org.junit.runners.ParentRunner.access$000(ParentRunner.java:58)
	at org.junit.runners.ParentRunner$2.evaluate(ParentRunner.java:268)
	at org.junit.runners.ParentRunner.run(ParentRunner.java:363)
	at org.apache.maven.surefire.junit4.JUnit4Provider.execute(JUnit4Provider.java:283)
	at org.apache.maven.surefire.junit4.JUnit4Provider.executeWithRerun(JUnit4Provider.java:173)
	at org.apache.maven.surefire.junit4.JUnit4Provider.executeTestSet(JUnit4Provider.java:153)
	at org.apache.maven.surefire.junit4.JUnit4Provider.invoke(JUnit4Provider.java:128)
	at org.apache.maven.surefire.booter.ForkedBooter.invokeProviderInSameClassLoader(ForkedBooter.java:203)
	at org.apache.maven.surefire.booter.ForkedBooter.runSuitesInProcess(ForkedBooter.java:155)
	at org.apache.maven.surefire.booter.ForkedBooter.main(ForkedBooter.java:103)
2018-08-30 17:03:17,763 INFO  DBZ Database history topic '(name=schema-changes-topic, numPartitions=1, replicationFactor=1, replicasAssignments=null, configs={cleanup.policy=delete, retention.ms=9223372036854775807, retention.bytes=-1})' created (io.debezium.relational.history.KafkaDatabaseHistory)
2018-08-30 17:03:17,766 WARN  KAF Error registering AppInfo mbean
javax.management.InstanceAlreadyExistsException: kafka.admin.client:type=app-info,id=my-db-history
	at com.sun.jmx.mbeanserver.Repository.addMBean(Repository.java:437)
	at com.sun.jmx.interceptor.DefaultMBeanServerInterceptor.registerWithRepository(DefaultMBeanServerInterceptor.java:1898)
	at com.sun.jmx.interceptor.DefaultMBeanServerInterceptor.registerDynamicMBean(DefaultMBeanServerInterceptor.java:966)
	at com.sun.jmx.interceptor.DefaultMBeanServerInterceptor.registerObject(DefaultMBeanServerInterceptor.java:900)
	at com.sun.jmx.interceptor.DefaultMBeanServerInterceptor.registerMBean(DefaultMBeanServerInterceptor.java:324)
	at com.sun.jmx.mbeanserver.JmxMBeanServer.registerMBean(JmxMBeanServer.java:522)
	at org.apache.kafka.common.utils.AppInfoParser.registerAppInfo(AppInfoParser.java:62)
	at org.apache.kafka.clients.admin.KafkaAdminClient.<init>(KafkaAdminClient.java:378)
	at org.apache.kafka.clients.admin.KafkaAdminClient.createInternal(KafkaAdminClient.java:329)
	at org.apache.kafka.clients.admin.AdminClient.create(AdminClient.java:51)
	at io.debezium.relational.history.KafkaDatabaseHistory.initializeStorage(KafkaDatabaseHistory.java:335)
	at io.debezium.relational.history.KafkaDatabaseHistoryTest.testHistoryTopicContent(KafkaDatabaseHistoryTest.java:114)
	at io.debezium.relational.history.KafkaDatabaseHistoryTest.testExists(KafkaDatabaseHistoryTest.java:260)
	at sun.reflect.NativeMethodAccessorImpl.invoke0(Native Method)
	at sun.reflect.NativeMethodAccessorImpl.invoke(NativeMethodAccessorImpl.java:62)
	at sun.reflect.DelegatingMethodAccessorImpl.invoke(DelegatingMethodAccessorImpl.java:43)
	at java.lang.reflect.Method.invoke(Method.java:498)
	at org.junit.runners.model.FrameworkMethod$1.runReflectiveCall(FrameworkMethod.java:50)
	at org.junit.internal.runners.model.ReflectiveCallable.run(ReflectiveCallable.java:12)
	at org.junit.runners.model.FrameworkMethod.invokeExplosively(FrameworkMethod.java:47)
	at org.junit.internal.runners.statements.InvokeMethod.evaluate(InvokeMethod.java:17)
	at org.junit.internal.runners.statements.RunBefores.evaluate(RunBefores.java:26)
	at org.junit.internal.runners.statements.RunAfters.evaluate(RunAfters.java:27)
	at org.junit.runners.ParentRunner.runLeaf(ParentRunner.java:325)
	at org.junit.runners.BlockJUnit4ClassRunner.runChild(BlockJUnit4ClassRunner.java:78)
	at org.junit.runners.BlockJUnit4ClassRunner.runChild(BlockJUnit4ClassRunner.java:57)
	at org.junit.runners.ParentRunner$3.run(ParentRunner.java:290)
	at org.junit.runners.ParentRunner$1.schedule(ParentRunner.java:71)
	at org.junit.runners.ParentRunner.runChildren(ParentRunner.java:288)
	at org.junit.runners.ParentRunner.access$000(ParentRunner.java:58)
	at org.junit.runners.ParentRunner$2.evaluate(ParentRunner.java:268)
	at org.junit.runners.ParentRunner.run(ParentRunner.java:363)
	at org.apache.maven.surefire.junit4.JUnit4Provider.execute(JUnit4Provider.java:283)
	at org.apache.maven.surefire.junit4.JUnit4Provider.executeWithRerun(JUnit4Provider.java:173)
	at org.apache.maven.surefire.junit4.JUnit4Provider.executeTestSet(JUnit4Provider.java:153)
	at org.apache.maven.surefire.junit4.JUnit4Provider.invoke(JUnit4Provider.java:128)
	at org.apache.maven.surefire.booter.ForkedBooter.invokeProviderInSameClassLoader(ForkedBooter.java:203)
	at org.apache.maven.surefire.booter.ForkedBooter.runSuitesInProcess(ForkedBooter.java:155)
	at org.apache.maven.surefire.booter.ForkedBooter.main(ForkedBooter.java:103)
2018-08-30 17:03:17,766 WARN  KAF Error registering AppInfo mbean
javax.management.InstanceAlreadyExistsException: kafka.admin.client:type=app-info,id=my-db-history
	at com.sun.jmx.mbeanserver.Repository.addMBean(Repository.java:437)
	at com.sun.jmx.interceptor.DefaultMBeanServerInterceptor.registerWithRepository(DefaultMBeanServerInterceptor.java:1898)
	at com.sun.jmx.interceptor.DefaultMBeanServerInterceptor.registerDynamicMBean(DefaultMBeanServerInterceptor.java:966)
	at com.sun.jmx.interceptor.DefaultMBeanServerInterceptor.registerObject(DefaultMBeanServerInterceptor.java:900)
	at com.sun.jmx.interceptor.DefaultMBeanServerInterceptor.registerMBean(DefaultMBeanServerInterceptor.java:324)
	at com.sun.jmx.mbeanserver.JmxMBeanServer.registerMBean(JmxMBeanServer.java:522)
	at org.apache.kafka.common.utils.AppInfoParser.registerAppInfo(AppInfoParser.java:62)
	at org.apache.kafka.clients.admin.KafkaAdminClient.<init>(KafkaAdminClient.java:378)
	at org.apache.kafka.clients.admin.KafkaAdminClient.createInternal(KafkaAdminClient.java:329)
	at org.apache.kafka.clients.admin.AdminClient.create(AdminClient.java:51)
	at io.debezium.relational.history.KafkaDatabaseHistory.initializeStorage(KafkaDatabaseHistory.java:335)
	at io.debezium.relational.history.KafkaDatabaseHistoryTest.testHistoryTopicContent(KafkaDatabaseHistoryTest.java:114)
	at io.debezium.relational.history.KafkaDatabaseHistoryTest.testExists(KafkaDatabaseHistoryTest.java:260)
	at sun.reflect.NativeMethodAccessorImpl.invoke0(Native Method)
	at sun.reflect.NativeMethodAccessorImpl.invoke(NativeMethodAccessorImpl.java:62)
	at sun.reflect.DelegatingMethodAccessorImpl.invoke(DelegatingMethodAccessorImpl.java:43)
	at java.lang.reflect.Method.invoke(Method.java:498)
	at org.junit.runners.model.FrameworkMethod$1.runReflectiveCall(FrameworkMethod.java:50)
	at org.junit.internal.runners.model.ReflectiveCallable.run(ReflectiveCallable.java:12)
	at org.junit.runners.model.FrameworkMethod.invokeExplosively(FrameworkMethod.java:47)
	at org.junit.internal.runners.statements.InvokeMethod.evaluate(InvokeMethod.java:17)
	at org.junit.internal.runners.statements.RunBefores.evaluate(RunBefores.java:26)
	at org.junit.internal.runners.statements.RunAfters.evaluate(RunAfters.java:27)
	at org.junit.runners.ParentRunner.runLeaf(ParentRunner.java:325)
	at org.junit.runners.BlockJUnit4ClassRunner.runChild(BlockJUnit4ClassRunner.java:78)
	at org.junit.runners.BlockJUnit4ClassRunner.runChild(BlockJUnit4ClassRunner.java:57)
	at org.junit.runners.ParentRunner$3.run(ParentRunner.java:290)
	at org.junit.runners.ParentRunner$1.schedule(ParentRunner.java:71)
	at org.junit.runners.ParentRunner.runChildren(ParentRunner.java:288)
	at org.junit.runners.ParentRunner.access$000(ParentRunner.java:58)
	at org.junit.runners.ParentRunner$2.evaluate(ParentRunner.java:268)
	at org.junit.runners.ParentRunner.run(ParentRunner.java:363)
	at org.apache.maven.surefire.junit4.JUnit4Provider.execute(JUnit4Provider.java:283)
	at org.apache.maven.surefire.junit4.JUnit4Provider.executeWithRerun(JUnit4Provider.java:173)
	at org.apache.maven.surefire.junit4.JUnit4Provider.executeTestSet(JUnit4Provider.java:153)
	at org.apache.maven.surefire.junit4.JUnit4Provider.invoke(JUnit4Provider.java:128)
	at org.apache.maven.surefire.booter.ForkedBooter.invokeProviderInSameClassLoader(ForkedBooter.java:203)
	at org.apache.maven.surefire.booter.ForkedBooter.runSuitesInProcess(ForkedBooter.java:155)
	at org.apache.maven.surefire.booter.ForkedBooter.main(ForkedBooter.java:103)
2018-08-30 17:03:17,883 INFO  DBZ Database history topic '(name=schema-changes-topic, numPartitions=1, replicationFactor=1, replicasAssignments=null, configs={cleanup.policy=delete, retention.ms=9223372036854775807, retention.bytes=-1})' created (io.debezium.relational.history.KafkaDatabaseHistory)
2018-08-30 17:03:18,469 INFO  DBZ KafkaDatabaseHistory Consumer config: {enable.auto.commit=false, value.deserializer=org.apache.kafka.common.serialization.StringDeserializer, group.id=my-db-history, auto.offset.reset=earliest, session.timeout.ms=50000, bootstrap.servers=localhost:40785, max.poll.interval.ms=100, client.id=my-db-history, key.deserializer=org.apache.kafka.common.serialization.StringDeserializer, fetch.min.bytes=1} (io.debezium.relational.history.KafkaDatabaseHistory)
2018-08-30 17:03:18,470 INFO  DBZ KafkaDatabaseHistory Producer config: {bootstrap.servers=localhost:40785, value.serializer=org.apache.kafka.common.serialization.StringSerializer, buffer.memory=1048576, retries=1, key.serializer=org.apache.kafka.common.serialization.StringSerializer, client.id=my-db-history, linger.ms=0, batch.size=32768, max.block.ms=10000, acks=1} (io.debezium.relational.history.KafkaDatabaseHistory)
2018-08-30 17:03:18,721 INFO  DBZ KafkaDatabaseHistory Consumer config: {enable.auto.commit=false, value.deserializer=org.apache.kafka.common.serialization.StringDeserializer, group.id=my-db-history, auto.offset.reset=earliest, session.timeout.ms=50000, bootstrap.servers=localhost:40785, max.poll.interval.ms=100, client.id=my-db-history, key.deserializer=org.apache.kafka.common.serialization.StringDeserializer, fetch.min.bytes=1} (io.debezium.relational.history.KafkaDatabaseHistory)
2018-08-30 17:03:18,721 INFO  DBZ KafkaDatabaseHistory Producer config: {bootstrap.servers=localhost:40785, value.serializer=org.apache.kafka.common.serialization.StringSerializer, buffer.memory=1048576, retries=1, key.serializer=org.apache.kafka.common.serialization.StringSerializer, client.id=my-db-history, linger.ms=0, batch.size=32768, max.block.ms=10000, acks=1} (io.debezium.relational.history.KafkaDatabaseHistory)
2018-08-30 17:03:19,335 INFO  DBZ Stopped Kafka server 1 at localhost:40785 (io.debezium.kafka.KafkaServer)
2018-08-30 17:03:19,337 ERROR ZOO ZKShutdownHandler is not registered, so ZooKeeper server won't take any action on ERROR or SHUTDOWN server state changes
Tests run: 4, Failures: 0, Errors: 0, Skipped: 0, Time elapsed: 14.225 sec - in io.debezium.relational.history.KafkaDatabaseHistoryTest
Running io.debezium.relational.history.FileDatabaseHistoryTest
Tests run: 1, Failures: 0, Errors: 0, Skipped: 0, Time elapsed: 0.065 sec - in io.debezium.relational.history.FileDatabaseHistoryTest
Running io.debezium.relational.history.MemoryDatabaseHistoryTest
Tests run: 1, Failures: 0, Errors: 0, Skipped: 0, Time elapsed: 0.023 sec - in io.debezium.relational.history.MemoryDatabaseHistoryTest
Running io.debezium.relational.history.HistoryRecordTest
{
  "source" : {
    "server" : "abc"
  },
  "position" : {
    "file" : "x.log",
    "positionInt" : 100,
    "positionLong" : 9223372036854775807,
    "entry" : 1
  },
  "databaseName" : "db",
  "ddl" : "CREATE TABLE foo ( first VARCHAR(22) NOT NULL );"
}
Tests run: 1, Failures: 0, Errors: 0, Skipped: 0, Time elapsed: 0.014 sec - in io.debezium.relational.history.HistoryRecordTest
Running io.debezium.relational.ColumnEditorTest
Tests run: 4, Failures: 0, Errors: 0, Skipped: 0, Time elapsed: 0.003 sec - in io.debezium.relational.ColumnEditorTest
Running io.debezium.relational.mapping.TruncateStringsTest
Tests run: 1, Failures: 0, Errors: 0, Skipped: 0, Time elapsed: 0.002 sec - in io.debezium.relational.mapping.TruncateStringsTest
Running io.debezium.relational.mapping.ColumnMappersTest
Tests run: 7, Failures: 0, Errors: 0, Skipped: 0, Time elapsed: 0.016 sec - in io.debezium.relational.mapping.ColumnMappersTest
Running io.debezium.relational.mapping.MaskStringsTest
Tests run: 1, Failures: 0, Errors: 0, Skipped: 0, Time elapsed: 0 sec - in io.debezium.relational.mapping.MaskStringsTest
Running io.debezium.relational.TableTest
Tests run: 17, Failures: 0, Errors: 0, Skipped: 0, Time elapsed: 0.016 sec - in io.debezium.relational.TableTest
Running io.debezium.document.DocumentTest
Tests run: 1, Failures: 0, Errors: 0, Skipped: 0, Time elapsed: 0.007 sec - in io.debezium.document.DocumentTest
Running io.debezium.document.JacksonReaderTest
Tests run: 1, Failures: 0, Errors: 0, Skipped: 0, Time elapsed: 0.002 sec - in io.debezium.document.JacksonReaderTest
Running io.debezium.document.DocumentSerdesTest
Tests run: 5, Failures: 0, Errors: 0, Skipped: 0, Time elapsed: 0.021 sec - in io.debezium.document.DocumentSerdesTest
Running io.debezium.document.JacksonArrayReadingAndWritingTest
Tests run: 4, Failures: 0, Errors: 0, Skipped: 0, Time elapsed: 0.006 sec - in io.debezium.document.JacksonArrayReadingAndWritingTest
Running io.debezium.document.PathsTest
Tests run: 7, Failures: 0, Errors: 0, Skipped: 0, Time elapsed: 0.002 sec - in io.debezium.document.PathsTest
Running io.debezium.document.ArraySerdesTest
Tests run: 2, Failures: 0, Errors: 0, Skipped: 0, Time elapsed: 0.001 sec - in io.debezium.document.ArraySerdesTest
Running io.debezium.document.JacksonWriterTest
Tests run: 4, Failures: 0, Errors: 0, Skipped: 0, Time elapsed: 0.002 sec - in io.debezium.document.JacksonWriterTest
Running io.debezium.util.StringsTest
Tests run: 42, Failures: 0, Errors: 0, Skipped: 0, Time elapsed: 0.023 sec - in io.debezium.util.StringsTest
Running io.debezium.util.HashCodeTest
Tests run: 4, Failures: 0, Errors: 0, Skipped: 0, Time elapsed: 0 sec - in io.debezium.util.HashCodeTest
Running io.debezium.util.ElapsedTimeStrategyTest
Tests run: 5, Failures: 0, Errors: 0, Skipped: 0, Time elapsed: 0.019 sec - in io.debezium.util.ElapsedTimeStrategyTest
Running io.debezium.util.SchemaNameAdjusterTest
Tests run: 7, Failures: 0, Errors: 0, Skipped: 0, Time elapsed: 0.004 sec - in io.debezium.util.SchemaNameAdjusterTest
Running io.debezium.util.TestingTest
Tests run: 2, Failures: 0, Errors: 0, Skipped: 0, Time elapsed: 0.002 sec - in io.debezium.util.TestingTest

Results :

Tests run: 293, Failures: 0, Errors: 0, Skipped: 0

[INFO]                                                                         
[INFO] ------------------------------------------------------------------------
[INFO] Building Debezium Embedded 0.8.0-SNAPSHOT
[INFO] ------------------------------------------------------------------------
[INFO] 
[INFO] --- maven-enforcer-plugin:3.0.0-M1:enforce (enforce-java-version) @ debezium-embedded ---
[INFO] Skipping Rule Enforcement.
[INFO] 
[INFO] --- maven-enforcer-plugin:3.0.0-M1:enforce (enforce-maven-version) @ debezium-embedded ---
[INFO] Skipping Rule Enforcement.
[INFO] 
[INFO] --- maven-enforcer-plugin:3.0.0-M1:enforce (enforce-maven) @ debezium-embedded ---
[INFO] Skipping Rule Enforcement.
[INFO] 
[INFO] --- buildnumber-maven-plugin:1.3:create (get-scm-revision) @ debezium-embedded ---
[INFO] 
[INFO] --- maven-resources-plugin:2.7:resources (default-resources) @ debezium-embedded ---
[INFO] Using 'UTF-8' encoding to copy filtered resources.
[INFO] skip non existing resourceDirectory /root/workspace/debezium/debezium/355063779/debezium-embedded/src/main/resources
[INFO] 
[INFO] --- maven-compiler-plugin:3.1:compile (default-compile) @ debezium-embedded ---
[INFO] Changes detected - recompiling the module!
[INFO] Compiling 5 source files to /root/workspace/debezium/debezium/355063779/debezium-embedded/target/classes
[INFO] 
[INFO] --- maven-resources-plugin:2.7:testResources (default-testResources) @ debezium-embedded ---
[INFO] Using 'UTF-8' encoding to copy filtered resources.
[INFO] Copying 13 resources
[INFO] 
[INFO] --- maven-compiler-plugin:3.1:testCompile (default-testCompile) @ debezium-embedded ---
[INFO] Nothing to compile - all classes are up to date
[INFO] 
[INFO] --- maven-surefire-plugin:2.18.1:test (default-test) @ debezium-embedded ---
[INFO] Surefire report directory: /root/workspace/debezium/debezium/355063779/debezium-embedded/target/surefire-reports

-------------------------------------------------------
 T E S T S
-------------------------------------------------------
Running io.debezium.embedded.EmbeddedEngineTest
2018-08-30 17:03:23,752 INFO   EmbeddedEngineTest||test  Stopping the connector   [io.debezium.embedded.EmbeddedEngineTest]
2018-08-30 17:03:23,755 INFO   EmbeddedEngineTest||engine  Connector 'org.apache.kafka.connect.file.FileStreamSourceConnector' completed normally.   [io.debezium.embedded.EmbeddedEngineTest]
2018-08-30 17:03:23,802 INFO   EmbeddedEngineTest||test  Stopping the connector   [io.debezium.embedded.EmbeddedEngineTest]
2018-08-30 17:03:23,806 WARN   EmbeddedEngineTest||engine  Flush of EmbeddedConnector{id=testing-connector} offsets interrupted, cancelling   [io.debezium.embedded.EmbeddedEngine]
2018-08-30 17:03:23,806 INFO   EmbeddedEngineTest||engine  Connector 'org.apache.kafka.connect.file.FileStreamSourceConnector' completed normally.   [io.debezium.embedded.EmbeddedEngineTest]
Tests run: 1, Failures: 0, Errors: 0, Skipped: 0, Time elapsed: 0.892 sec - in io.debezium.embedded.EmbeddedEngineTest
Running io.debezium.embedded.OffsetCommitPolicyTest
Tests run: 4, Failures: 0, Errors: 0, Skipped: 0, Time elapsed: 0.009 sec - in io.debezium.embedded.OffsetCommitPolicyTest
Running io.debezium.connector.simple.SimpleSourceConnectorOutputTest
Tests run: 5, Failures: 0, Errors: 0, Skipped: 0, Time elapsed: 2.297 sec - in io.debezium.connector.simple.SimpleSourceConnectorOutputTest

Results :

Tests run: 10, Failures: 0, Errors: 0, Skipped: 0

[INFO]                                                                         
[INFO] ------------------------------------------------------------------------
[INFO] Building Debezium Connector for MySQL 0.8.0-SNAPSHOT
[INFO] ------------------------------------------------------------------------
[INFO] 
[INFO] --- maven-enforcer-plugin:3.0.0-M1:enforce (enforce-java-version) @ debezium-connector-mysql ---
[INFO] Skipping Rule Enforcement.
[INFO] 
[INFO] --- maven-enforcer-plugin:3.0.0-M1:enforce (enforce-maven-version) @ debezium-connector-mysql ---
[INFO] Skipping Rule Enforcement.
[INFO] 
[INFO] --- maven-enforcer-plugin:3.0.0-M1:enforce (enforce-maven) @ debezium-connector-mysql ---
[INFO] Skipping Rule Enforcement.
[INFO] 
[INFO] --- buildnumber-maven-plugin:1.3:create (get-scm-revision) @ debezium-connector-mysql ---
[INFO] 
[INFO] --- maven-resources-plugin:2.7:resources (default-resources) @ debezium-connector-mysql ---
[INFO] Using 'UTF-8' encoding to copy filtered resources.
[INFO] Copying 1 resource
[INFO] 
[INFO] --- maven-compiler-plugin:3.1:compile (default-compile) @ debezium-connector-mysql ---
[INFO] Nothing to compile - all classes are up to date
[INFO] 
[INFO] --- maven-resources-plugin:2.7:testResources (default-testResources) @ debezium-connector-mysql ---
[INFO] Using 'UTF-8' encoding to copy filtered resources.
[INFO] Copying 38 resources
[INFO] 
[INFO] --- maven-compiler-plugin:3.1:testCompile (default-testCompile) @ debezium-connector-mysql ---
[INFO] Nothing to compile - all classes are up to date
[INFO] 
[INFO] --- maven-surefire-plugin:2.18.1:test (default-test) @ debezium-connector-mysql ---
[INFO] Surefire report directory: /root/workspace/debezium/debezium/355063779/debezium-connector-mysql/target/surefire-reports

-------------------------------------------------------
 T E S T S
-------------------------------------------------------
Running io.debezium.connector.mysql.GtidSetTest
Tests run: 9, Failures: 0, Errors: 0, Skipped: 0, Time elapsed: 0.228 sec - in io.debezium.connector.mysql.GtidSetTest
Running io.debezium.connector.mysql.MySqlConnectorTest
Tests run: 1, Failures: 0, Errors: 0, Skipped: 0, Time elapsed: 0.291 sec - in io.debezium.connector.mysql.MySqlConnectorTest
Running io.debezium.connector.mysql.FiltersTest
Tests run: 22, Failures: 0, Errors: 0, Skipped: 0, Time elapsed: 0.119 sec - in io.debezium.connector.mysql.FiltersTest
Running io.debezium.connector.mysql.SourceInfoTest
Tests run: 35, Failures: 0, Errors: 0, Skipped: 0, Time elapsed: 0.605 sec - in io.debezium.connector.mysql.SourceInfoTest
Running io.debezium.connector.mysql.MySqlValueConvertersTest
Tests run: 4, Failures: 0, Errors: 0, Skipped: 0, Time elapsed: 0.015 sec - in io.debezium.connector.mysql.MySqlValueConvertersTest
Running io.debezium.connector.mysql.MySqlSchemaTest
2018-08-30 17:03:29,118 WARN   ||  Ignoring unparseable DDL statement 'xxxCREATE TABLE mytable
# Create the database that we'll use to populate data and watch the effect in the binlog
CREATE DATABASE connector_test;

# Create and populate our products using a single insert with many rows
CREATE TABLE connector_test.products (
  id INTEGER NOT NULL AUTO_INCREMENT PRIMARY KEY,
  name VARCHAR(255) NOT NULL,
  description VARCHAR(512),
  weight FLOAT
);
ALTER TABLE connector_test.products AUTO_INCREMENT = 101;

# Create and populate the products on hand using multiple inserts
CREATE TABLE connector_test.products_on_hand (
  product_id INTEGER NOT NULL PRIMARY KEY,
  quantity INTEGER NOT NULL,
  FOREIGN KEY (product_id) REFERENCES products(id)
);

# Create some customers ...
CREATE TABLE connector_test.customers (
  id INTEGER NOT NULL AUTO_INCREMENT PRIMARY KEY,
  first_name VARCHAR(255) NOT NULL,
  last_name VARCHAR(255) NOT NULL,
  email VARCHAR(255) NOT NULL UNIQUE KEY
) AUTO_INCREMENT=1001;

# Create some veyr simple orders
CREATE TABLE connector_test.orders (
  order_number INTEGER NOT NULL AUTO_INCREMENT PRIMARY KEY,
  order_date DATE NOT NULL,
  purchaser INTEGER NOT NULL,
  quantity INTEGER NOT NULL,
  product_id INTEGER NOT NULL,
  FOREIGN KEY order_customer (purchaser) REFERENCES customers(id),
  FOREIGN KEY ordered_product (product_id) REFERENCES products(id)
) AUTO_INCREMENT = 10001;': {}   [io.debezium.connector.mysql.MySqlSchema]
2018-08-30 17:03:29,139 WARN   ||  Ignoring unparseable statements 'xxxCREATE TABLE mytable
# Create the database that we'll use to populate data and watch the effect in the binlog
CREATE DATABASE connector_test;

# Create and populate our products using a single insert with many rows
CREATE TABLE connector_test.products (
  id INTEGER NOT NULL AUTO_INCREMENT PRIMARY KEY,
  name VARCHAR(255) NOT NULL,
  description VARCHAR(512),
  weight FLOAT
);
ALTER TABLE connector_test.products AUTO_INCREMENT = 101;

# Create and populate the products on hand using multiple inserts
CREATE TABLE connector_test.products_on_hand (
  product_id INTEGER NOT NULL PRIMARY KEY,
  quantity INTEGER NOT NULL,
  FOREIGN KEY (product_id) REFERENCES products(id)
);

# Create some customers ...
CREATE TABLE connector_test.customers (
  id INTEGER NOT NULL AUTO_INCREMENT PRIMARY KEY,
  first_name VARCHAR(255) NOT NULL,
  last_name VARCHAR(255) NOT NULL,
  email VARCHAR(255) NOT NULL UNIQUE KEY
) AUTO_INCREMENT=1001;

# Create some veyr simple orders
CREATE TABLE connector_test.orders (
  order_number INTEGER NOT NULL AUTO_INCREMENT PRIMARY KEY,
  order_date DATE NOT NULL,
  purchaser INTEGER NOT NULL,
  quantity INTEGER NOT NULL,
  product_id INTEGER NOT NULL,
  FOREIGN KEY order_customer (purchaser) REFERENCES customers(id),
  FOREIGN KEY ordered_product (product_id) REFERENCES products(id)
) AUTO_INCREMENT = 10001;' stored in database history: {}   [io.debezium.relational.history.FileDatabaseHistory]
io.debezium.text.ParsingException: Failed to parse statement 'xxxCREATE TABLE mytable
# Create the database that we'll use to populate data and watch the effect in the binlog
CREATE DATABASE connector_test;

# Create and populate our products using a single insert with many rows
CREATE TABLE connector_test.products (
  id INTEGER NOT NULL AUTO_INCREMENT PRIMARY KEY,
  name VARCHAR(255) NOT NULL,
  description VARCHAR(512),
  weight FLOAT
);
ALTER TABLE connector_test.products AUTO_INCREMENT = 101;

# Create and populate the products on hand using multiple inserts
CREATE TABLE connector_test.products_on_hand (
  product_id INTEGER NOT NULL PRIMARY KEY,
  quantity INTEGER NOT NULL,
  FOREIGN KEY (product_id) REFERENCES products(id)
);

# Create some customers ...
CREATE TABLE connector_test.customers (
  id INTEGER NOT NULL AUTO_INCREMENT PRIMARY KEY,
  first_name VARCHAR(255) NOT NULL,
  last_name VARCHAR(255) NOT NULL,
  email VARCHAR(255) NOT NULL UNIQUE KEY
) AUTO_INCREMENT=1001;

# Create some veyr simple orders
CREATE TABLE connector_test.orders (
  order_number INTEGER NOT NULL AUTO_INCREMENT PRIMARY KEY,
  order_date DATE NOT NULL,
  purchaser INTEGER NOT NULL,
  quantity INTEGER NOT NULL,
  product_id INTEGER NOT NULL,
  FOREIGN KEY order_customer (purchaser) REFERENCES customers(id),
  FOREIGN KEY ordered_product (product_id) REFERENCES products(id)
) AUTO_INCREMENT = 10001;'
	at io.debezium.relational.ddl.DdlParser.parse(DdlParser.java:292)
	at io.debezium.relational.ddl.DdlParser.parse(DdlParser.java:267)
	at io.debezium.relational.history.AbstractDatabaseHistory.lambda$recover$1(AbstractDatabaseHistory.java:75)
	at io.debezium.relational.history.FileDatabaseHistory.lambda$recoverRecords$2(FileDatabaseHistory.java:131)
	at io.debezium.util.FunctionalReadWriteLock.write(FunctionalReadWriteLock.java:96)
	at io.debezium.relational.history.FileDatabaseHistory.recoverRecords(FileDatabaseHistory.java:126)
	at io.debezium.relational.history.AbstractDatabaseHistory.recover(AbstractDatabaseHistory.java:63)
	at io.debezium.connector.mysql.MySqlSchema.loadHistory(MySqlSchema.java:268)
	at io.debezium.connector.mysql.MySqlSchemaTest.assertHistoryRecorded(MySqlSchemaTest.java:196)
	at io.debezium.connector.mysql.MySqlSchemaTest.shouldIgnoreUnparseableDdlAndRecover(MySqlSchemaTest.java:101)
	at sun.reflect.NativeMethodAccessorImpl.invoke0(Native Method)
	at sun.reflect.NativeMethodAccessorImpl.invoke(NativeMethodAccessorImpl.java:62)
	at sun.reflect.DelegatingMethodAccessorImpl.invoke(DelegatingMethodAccessorImpl.java:43)
	at java.lang.reflect.Method.invoke(Method.java:498)
	at org.junit.runners.model.FrameworkMethod$1.runReflectiveCall(FrameworkMethod.java:50)
	at org.junit.internal.runners.model.ReflectiveCallable.run(ReflectiveCallable.java:12)
	at org.junit.runners.model.FrameworkMethod.invokeExplosively(FrameworkMethod.java:47)
	at org.junit.internal.runners.statements.InvokeMethod.evaluate(InvokeMethod.java:17)
	at org.junit.internal.runners.statements.RunBefores.evaluate(RunBefores.java:26)
	at org.junit.internal.runners.statements.RunAfters.evaluate(RunAfters.java:27)
	at org.junit.runners.ParentRunner.runLeaf(ParentRunner.java:325)
	at org.junit.runners.BlockJUnit4ClassRunner.runChild(BlockJUnit4ClassRunner.java:78)
	at org.junit.runners.BlockJUnit4ClassRunner.runChild(BlockJUnit4ClassRunner.java:57)
	at org.junit.runners.ParentRunner$3.run(ParentRunner.java:290)
	at org.junit.runners.ParentRunner$1.schedule(ParentRunner.java:71)
	at org.junit.runners.ParentRunner.runChildren(ParentRunner.java:288)
	at org.junit.runners.ParentRunner.access$000(ParentRunner.java:58)
	at org.junit.runners.ParentRunner$2.evaluate(ParentRunner.java:268)
	at org.junit.runners.ParentRunner.run(ParentRunner.java:363)
	at org.apache.maven.surefire.junit4.JUnit4Provider.execute(JUnit4Provider.java:283)
	at org.apache.maven.surefire.junit4.JUnit4Provider.executeWithRerun(JUnit4Provider.java:173)
	at org.apache.maven.surefire.junit4.JUnit4Provider.executeTestSet(JUnit4Provider.java:153)
	at org.apache.maven.surefire.junit4.JUnit4Provider.invoke(JUnit4Provider.java:128)
	at org.apache.maven.surefire.booter.ForkedBooter.invokeProviderInSameClassLoader(ForkedBooter.java:203)
	at org.apache.maven.surefire.booter.ForkedBooter.runSuitesInProcess(ForkedBooter.java:155)
	at org.apache.maven.surefire.booter.ForkedBooter.main(ForkedBooter.java:103)
Caused by: io.debezium.text.ParsingException: Expecting token type 128 at line 1, column 1 but found 'xxxCREATE':  ===>> xxxCREATE TABLE myta
	at io.debezium.text.TokenStream.consume(TokenStream.java:737)
	at io.debezium.relational.ddl.DdlParser.consumeStatement(DdlParser.java:568)
	at io.debezium.relational.ddl.DdlParser.parseUnknownStatement(DdlParser.java:376)
	at io.debezium.connector.mysql.MySqlDdlParser.parseNextStatement(MySqlDdlParser.java:176)
	at io.debezium.relational.ddl.DdlParser.parse(DdlParser.java:286)
	... 35 more
Tests run: 5, Failures: 0, Errors: 0, Skipped: 0, Time elapsed: 1.677 sec - in io.debezium.connector.mysql.MySqlSchemaTest
Running io.debezium.connector.mysql.MySqlGeometryTest
Tests run: 5, Failures: 0, Errors: 0, Skipped: 0, Time elapsed: 0.009 sec - in io.debezium.connector.mysql.MySqlGeometryTest
Running io.debezium.connector.mysql.MySqlUnsignedIntegerConverterTest
Tests run: 5, Failures: 0, Errors: 0, Skipped: 0, Time elapsed: 0.005 sec - in io.debezium.connector.mysql.MySqlUnsignedIntegerConverterTest
Running io.debezium.connector.mysql.MySqlDdlParserTest
Tests run: 87, Failures: 0, Errors: 1, Skipped: 0, Time elapsed: 0.401 sec <<< FAILURE! - in io.debezium.connector.mysql.MySqlDdlParserTest
shouldParseTokuDBTable(io.debezium.connector.mysql.MySqlDdlParserTest)  Time elapsed: 0.012 sec  <<< ERROR!
io.debezium.text.ParsingException: Failed to parse statement 'CREATE TABLE foo ( 
 c1 INTEGER NOT NULL, 
 c2 VARCHAR(22) 
) engine=TokuDB `compression`=tokudb_zlib;'
	at io.debezium.text.TokenStream.consumeAnyOf(TokenStream.java:826)
	at io.debezium.relational.ddl.DdlParser.consumeQuotedString(DdlParser.java:637)
	at io.debezium.connector.mysql.MySqlDdlParser.parseTableOption(MySqlDdlParser.java:442)
	at io.debezium.connector.mysql.MySqlDdlParser.parseTableOptions(MySqlDdlParser.java:410)
	at io.debezium.connector.mysql.MySqlDdlParser.parseCreateTable(MySqlDdlParser.java:388)
	at io.debezium.connector.mysql.MySqlDdlParser.parseCreate(MySqlDdlParser.java:289)
	at io.debezium.connector.mysql.MySqlDdlParser.parseNextStatement(MySqlDdlParser.java:160)
	at io.debezium.relational.ddl.DdlParser.parse(DdlParser.java:286)
	at io.debezium.relational.ddl.DdlParser.parse(DdlParser.java:267)
	at io.debezium.connector.mysql.MySqlDdlParserTest.shouldParseTokuDBTable(MySqlDdlParserTest.java:159)

Running io.debezium.connector.mysql.MySqlTaskContextTest
Tests run: 9, Failures: 0, Errors: 0, Skipped: 0, Time elapsed: 0.06 sec - in io.debezium.connector.mysql.MySqlTaskContextTest
Running io.debezium.connector.mysql.TableConvertersTest
Tests run: 1, Failures: 0, Errors: 0, Skipped: 1, Time elapsed: 0.002 sec - in io.debezium.connector.mysql.TableConvertersTest
Running io.debezium.connector.mysql.ChainedReaderTest
Tests run: 6, Failures: 0, Errors: 0, Skipped: 0, Time elapsed: 0.115 sec - in io.debezium.connector.mysql.ChainedReaderTest

Results :

Tests in error: 
  MySqlDdlParserTest.shouldParseTokuDBTable:159  Parsing Failed to parse statem...

Tests run: 189, Failures: 0, Errors: 1, Skipped: 1

[INFO] ------------------------------------------------------------------------
[INFO] Reactor Summary:
[INFO] 
[INFO] Debezium Checkstyle Rules .......................... SUCCESS [  1.921 s]
[INFO] Debezium Parent POM ................................ SUCCESS [  0.488 s]
[INFO] Debezium Assembly Descriptors ...................... SUCCESS [  0.307 s]
[INFO] Debezium Core ...................................... SUCCESS [ 22.515 s]
[INFO] Debezium Embedded .................................. SUCCESS [  6.392 s]
[INFO] Debezium Connector for MySQL ....................... FAILURE [  5.028 s]
[INFO] Debezium Connector for PostgreSQL .................. SKIPPED
[INFO] Debezium Connector for MongoDB ..................... SKIPPED
[INFO] ------------------------------------------------------------------------
[INFO] BUILD FAILURE
[INFO] ------------------------------------------------------------------------
[INFO] Total time: 38.395 s
[INFO] Finished at: 2018-08-30T17:03:31+02:00
[INFO] Final Memory: 34M/579M
[INFO] ------------------------------------------------------------------------
[ERROR] Failed to execute goal org.apache.maven.plugins:maven-surefire-plugin:2.18.1:test (default-test) on project debezium-connector-mysql: There are test failures.
[ERROR] 
[ERROR] Please refer to /root/workspace/debezium/debezium/355063779/debezium-connector-mysql/target/surefire-reports for the individual test results.
[ERROR] -> [Help 1]
[ERROR] 
[ERROR] To see the full stack trace of the errors, re-run Maven with the -e switch.
[ERROR] Re-run Maven using the -X switch to enable full debug logging.
[ERROR] 
[ERROR] For more information about the errors and possible solutions, please read the following articles:
[ERROR] [Help 1] http://cwiki.apache.org/confluence/display/MAVEN/MojoFailureException
[ERROR] 
[ERROR] After correcting the problems, you can resume the build with the command
[ERROR]   mvn <goals> -rf :debezium-connector-mysql
